<?xml version="1.0" encoding="UTF-8"?>
<testsuite xmlns:xsi="http://www.w3.org/2001/XMLSchema-instance" xsi:noNamespaceSchemaLocation="https://maven.apache.org/surefire/maven-surefire-plugin/xsd/surefire-test-report.xsd" version="3.0.2" name="com.OrderService.OrderServiceApplication.OrderServiceApplicationTests" time="15.07" tests="1" errors="0" skipped="0" failures="0">
  <properties>
[...]
</properties>
  <testcase name="contextLoads" classname="com.OrderService.OrderServiceApplication.OrderServiceApplicationTests" time="1.195">
    <system-out><![CDATA[21:01:30.482 [main] INFO org.springframework.test.context.support.AnnotationConfigContextLoaderUtils -- Could not detect default configuration classes for test class [com.OrderService.OrderServiceApplication.OrderServiceApplicationTests]: OrderServiceApplicationTests does not declare any static, non-private, non-final, nested classes annotated with @Configuration.
21:01:30.747 [main] INFO org.springframework.boot.test.context.SpringBootTestContextBootstrapper -- Found @SpringBootConfiguration com.OrderService.OrderServiceApplication.OrderServiceApplication for test class com.OrderService.OrderServiceApplication.OrderServiceApplicationTests

  .   ____          _            __ _ _
 /\\ / ___'_ __ _ _(_)_ __  __ _ \ \ \ \
( ( )\___ | '_ | '_| | '_ \/ _` | \ \ \ \
 \\/  ___)| |_)| | | | | || (_| |  ) ) ) )
  '  |____| .__|_| |_|_| |_\__, | / / / /
 =========|_|==============|___/=/_/_/_/

 :: Spring Boot ::                (v3.4.5)

2025-05-08T21:01:31.976+05:30  INFO 4228 --- [OrderServiceApplication] [           main] c.O.O.OrderServiceApplicationTests       : Starting OrderServiceApplicationTests using Java 17.0.12 with PID 4228 (started by LENOVO in D:\OnlineShoppingService\order-service)
2025-05-08T21:01:31.981+05:30  INFO 4228 --- [OrderServiceApplication] [           main] c.O.O.OrderServiceApplicationTests       : No active profile set, falling back to 1 default profile: "default"
2025-05-08T21:01:33.828+05:30  INFO 4228 --- [OrderServiceApplication] [           main] .s.d.r.c.RepositoryConfigurationDelegate : Bootstrapping Spring Data JPA repositories in DEFAULT mode.
2025-05-08T21:01:33.991+05:30  INFO 4228 --- [OrderServiceApplication] [           main] .s.d.r.c.RepositoryConfigurationDelegate : Finished Spring Data repository scanning in 118 ms. Found 1 JPA repository interface.
2025-05-08T21:01:34.969+05:30 DEBUG 4228 --- [OrderServiceApplication] [           main] o.hibernate.jpa.internal.util.LogHelper  : PersistenceUnitInfo [
	name: default
	persistence provider classname: null
	classloader: jdk.internal.loader.ClassLoaders$AppClassLoader@73d16e93
	excludeUnlistedClasses: true
	JTA datasource: null
	Non JTA datasource: HikariDataSource (null)
	Transaction type: RESOURCE_LOCAL
	PU root URL: file:/D:/OnlineShoppingService/order-service/target/test-classes/
	Shared Cache Mode: UNSPECIFIED
	Validation Mode: AUTO
	Jar files URLs []
	Managed classes names [
		com.OrderService.OrderServiceApplication.model.Order
		com.OrderService.OrderServiceApplication.model.OrderLineItems]
	Mapping files names []
	Properties []
2025-05-08T21:01:34.991+05:30 DEBUG 4228 --- [OrderServiceApplication] [           main] o.h.i.internal.IntegratorServiceImpl     : Adding Integrator [org.hibernate.boot.beanvalidation.BeanValidationIntegrator].
2025-05-08T21:01:34.996+05:30 DEBUG 4228 --- [OrderServiceApplication] [           main] o.h.i.internal.IntegratorServiceImpl     : Adding Integrator [org.hibernate.cache.internal.CollectionCacheInvalidator].
2025-05-08T21:01:35.167+05:30  INFO 4228 --- [OrderServiceApplication] [           main] org.hibernate.Version                    : HHH000412: Hibernate ORM core version 6.6.13.Final
2025-05-08T21:01:35.171+05:30 DEBUG 4228 --- [OrderServiceApplication] [           main] org.hibernate.cfg.Environment            : HHH000206: 'hibernate.properties' not found
2025-05-08T21:01:35.253+05:30 DEBUG 4228 --- [OrderServiceApplication] [           main] org.hibernate.orm.idgen.factory          : Registering IdentifierGenerator strategy [uuid2] -> [org.hibernate.id.UUIDGenerator]
2025-05-08T21:01:35.255+05:30 DEBUG 4228 --- [OrderServiceApplication] [           main] org.hibernate.orm.idgen.factory          : Registering IdentifierGenerator strategy [guid] -> [org.hibernate.id.GUIDGenerator]
2025-05-08T21:01:35.258+05:30 DEBUG 4228 --- [OrderServiceApplication] [           main] org.hibernate.orm.idgen.factory          : Registering IdentifierGenerator strategy [uuid] -> [org.hibernate.id.UUIDHexGenerator]
2025-05-08T21:01:35.324+05:30 DEBUG 4228 --- [OrderServiceApplication] [           main] org.hibernate.orm.idgen.factory          : Registering IdentifierGenerator strategy [uuid.hex] -> [org.hibernate.id.UUIDHexGenerator]
2025-05-08T21:01:35.326+05:30 DEBUG 4228 --- [OrderServiceApplication] [           main] org.hibernate.orm.idgen.factory          : Registering IdentifierGenerator strategy [assigned] -> [org.hibernate.id.Assigned]
2025-05-08T21:01:35.334+05:30 DEBUG 4228 --- [OrderServiceApplication] [           main] org.hibernate.orm.idgen.factory          : Registering IdentifierGenerator strategy [identity] -> [org.hibernate.id.IdentityGenerator]
2025-05-08T21:01:35.335+05:30 DEBUG 4228 --- [OrderServiceApplication] [           main] org.hibernate.orm.idgen.factory          : Registering IdentifierGenerator strategy [select] -> [org.hibernate.id.SelectGenerator]
2025-05-08T21:01:35.339+05:30 DEBUG 4228 --- [OrderServiceApplication] [           main] org.hibernate.orm.idgen.factory          : Registering IdentifierGenerator strategy [sequence] -> [org.hibernate.id.enhanced.SequenceStyleGenerator]
2025-05-08T21:01:35.341+05:30 DEBUG 4228 --- [OrderServiceApplication] [           main] org.hibernate.orm.idgen.factory          : Registering IdentifierGenerator strategy [increment] -> [org.hibernate.id.IncrementGenerator]
2025-05-08T21:01:35.346+05:30 DEBUG 4228 --- [OrderServiceApplication] [           main] org.hibernate.orm.idgen.factory          : Registering IdentifierGenerator strategy [foreign] -> [org.hibernate.id.ForeignGenerator]
2025-05-08T21:01:35.347+05:30 DEBUG 4228 --- [OrderServiceApplication] [           main] org.hibernate.orm.idgen.factory          : Registering IdentifierGenerator strategy [enhanced-sequence] -> [org.hibernate.id.enhanced.SequenceStyleGenerator]
2025-05-08T21:01:35.351+05:30 DEBUG 4228 --- [OrderServiceApplication] [           main] org.hibernate.orm.idgen.factory          : Registering IdentifierGenerator strategy [enhanced-table] -> [org.hibernate.id.enhanced.TableGenerator]
2025-05-08T21:01:35.385+05:30  INFO 4228 --- [OrderServiceApplication] [           main] o.h.c.internal.RegionFactoryInitiator    : HHH000026: Second-level cache disabled
2025-05-08T21:01:35.884+05:30 DEBUG 4228 --- [OrderServiceApplication] [           main] org.hibernate.type.BasicTypeRegistry     : Adding type registration boolean -> org.hibernate.type.BasicTypeReference@7fe07361
2025-05-08T21:01:35.884+05:30 DEBUG 4228 --- [OrderServiceApplication] [           main] org.hibernate.type.BasicTypeRegistry     : Adding type registration boolean -> org.hibernate.type.BasicTypeReference@7fe07361
2025-05-08T21:01:35.885+05:30 DEBUG 4228 --- [OrderServiceApplication] [           main] org.hibernate.type.BasicTypeRegistry     : Adding type registration java.lang.Boolean -> org.hibernate.type.BasicTypeReference@7fe07361
2025-05-08T21:01:35.885+05:30 DEBUG 4228 --- [OrderServiceApplication] [           main] org.hibernate.type.BasicTypeRegistry     : Adding type registration numeric_boolean -> org.hibernate.type.BasicTypeReference@741ac284
2025-05-08T21:01:35.885+05:30 DEBUG 4228 --- [OrderServiceApplication] [           main] org.hibernate.type.BasicTypeRegistry     : Adding type registration org.hibernate.type.NumericBooleanConverter -> org.hibernate.type.BasicTypeReference@741ac284
2025-05-08T21:01:35.886+05:30 DEBUG 4228 --- [OrderServiceApplication] [           main] org.hibernate.type.BasicTypeRegistry     : Adding type registration true_false -> org.hibernate.type.BasicTypeReference@4ef4f627
2025-05-08T21:01:35.886+05:30 DEBUG 4228 --- [OrderServiceApplication] [           main] org.hibernate.type.BasicTypeRegistry     : Adding type registration org.hibernate.type.TrueFalseConverter -> org.hibernate.type.BasicTypeReference@4ef4f627
2025-05-08T21:01:35.887+05:30 DEBUG 4228 --- [OrderServiceApplication] [           main] org.hibernate.type.BasicTypeRegistry     : Adding type registration yes_no -> org.hibernate.type.BasicTypeReference@4ea56bdb
2025-05-08T21:01:35.887+05:30 DEBUG 4228 --- [OrderServiceApplication] [           main] org.hibernate.type.BasicTypeRegistry     : Adding type registration org.hibernate.type.YesNoConverter -> org.hibernate.type.BasicTypeReference@4ea56bdb
2025-05-08T21:01:35.887+05:30 DEBUG 4228 --- [OrderServiceApplication] [           main] org.hibernate.type.BasicTypeRegistry     : Adding type registration byte -> org.hibernate.type.BasicTypeReference@32227215
2025-05-08T21:01:35.888+05:30 DEBUG 4228 --- [OrderServiceApplication] [           main] org.hibernate.type.BasicTypeRegistry     : Adding type registration byte -> org.hibernate.type.BasicTypeReference@32227215
2025-05-08T21:01:35.888+05:30 DEBUG 4228 --- [OrderServiceApplication] [           main] org.hibernate.type.BasicTypeRegistry     : Adding type registration java.lang.Byte -> org.hibernate.type.BasicTypeReference@32227215
2025-05-08T21:01:35.889+05:30 DEBUG 4228 --- [OrderServiceApplication] [           main] org.hibernate.type.BasicTypeRegistry     : Adding type registration binary -> org.hibernate.type.BasicTypeReference@108e9837
2025-05-08T21:01:35.889+05:30 DEBUG 4228 --- [OrderServiceApplication] [           main] org.hibernate.type.BasicTypeRegistry     : Adding type registration byte[] -> org.hibernate.type.BasicTypeReference@108e9837
2025-05-08T21:01:35.889+05:30 DEBUG 4228 --- [OrderServiceApplication] [           main] org.hibernate.type.BasicTypeRegistry     : Adding type registration [B -> org.hibernate.type.BasicTypeReference@108e9837
2025-05-08T21:01:35.890+05:30 DEBUG 4228 --- [OrderServiceApplication] [           main] org.hibernate.type.BasicTypeRegistry     : Adding type registration binary_wrapper -> org.hibernate.type.BasicTypeReference@79a201cf
2025-05-08T21:01:35.890+05:30 DEBUG 4228 --- [OrderServiceApplication] [           main] org.hibernate.type.BasicTypeRegistry     : Adding type registration wrapper-binary -> org.hibernate.type.BasicTypeReference@79a201cf
2025-05-08T21:01:35.890+05:30 DEBUG 4228 --- [OrderServiceApplication] [           main] org.hibernate.type.BasicTypeRegistry     : Adding type registration image -> org.hibernate.type.BasicTypeReference@1cbc5693
2025-05-08T21:01:35.890+05:30 DEBUG 4228 --- [OrderServiceApplication] [           main] org.hibernate.type.BasicTypeRegistry     : Adding type registration blob -> org.hibernate.type.BasicTypeReference@3d2f3dcb
2025-05-08T21:01:35.891+05:30 DEBUG 4228 --- [OrderServiceApplication] [           main] org.hibernate.type.BasicTypeRegistry     : Adding type registration java.sql.Blob -> org.hibernate.type.BasicTypeReference@3d2f3dcb
2025-05-08T21:01:35.891+05:30 DEBUG 4228 --- [OrderServiceApplication] [           main] org.hibernate.type.BasicTypeRegistry     : Adding type registration materialized_blob -> org.hibernate.type.BasicTypeReference@59845579
2025-05-08T21:01:35.892+05:30 DEBUG 4228 --- [OrderServiceApplication] [           main] org.hibernate.type.BasicTypeRegistry     : Adding type registration materialized_blob_wrapper -> org.hibernate.type.BasicTypeReference@30c19bff
2025-05-08T21:01:35.892+05:30 DEBUG 4228 --- [OrderServiceApplication] [           main] org.hibernate.type.BasicTypeRegistry     : Adding type registration short -> org.hibernate.type.BasicTypeReference@4e375bba
2025-05-08T21:01:35.892+05:30 DEBUG 4228 --- [OrderServiceApplication] [           main] org.hibernate.type.BasicTypeRegistry     : Adding type registration short -> org.hibernate.type.BasicTypeReference@4e375bba
2025-05-08T21:01:35.893+05:30 DEBUG 4228 --- [OrderServiceApplication] [           main] org.hibernate.type.BasicTypeRegistry     : Adding type registration java.lang.Short -> org.hibernate.type.BasicTypeReference@4e375bba
2025-05-08T21:01:35.894+05:30 DEBUG 4228 --- [OrderServiceApplication] [           main] org.hibernate.type.BasicTypeRegistry     : Adding type registration integer -> org.hibernate.type.BasicTypeReference@ab2e6d2
2025-05-08T21:01:35.895+05:30 DEBUG 4228 --- [OrderServiceApplication] [           main] org.hibernate.type.BasicTypeRegistry     : Adding type registration int -> org.hibernate.type.BasicTypeReference@ab2e6d2
2025-05-08T21:01:35.895+05:30 DEBUG 4228 --- [OrderServiceApplication] [           main] org.hibernate.type.BasicTypeRegistry     : Adding type registration java.lang.Integer -> org.hibernate.type.BasicTypeReference@ab2e6d2
2025-05-08T21:01:35.896+05:30 DEBUG 4228 --- [OrderServiceApplication] [           main] org.hibernate.type.BasicTypeRegistry     : Adding type registration long -> org.hibernate.type.BasicTypeReference@71664560
2025-05-08T21:01:35.896+05:30 DEBUG 4228 --- [OrderServiceApplication] [           main] org.hibernate.type.BasicTypeRegistry     : Adding type registration long -> org.hibernate.type.BasicTypeReference@71664560
2025-05-08T21:01:35.896+05:30 DEBUG 4228 --- [OrderServiceApplication] [           main] org.hibernate.type.BasicTypeRegistry     : Adding type registration java.lang.Long -> org.hibernate.type.BasicTypeReference@71664560
2025-05-08T21:01:35.897+05:30 DEBUG 4228 --- [OrderServiceApplication] [           main] org.hibernate.type.BasicTypeRegistry     : Adding type registration float -> org.hibernate.type.BasicTypeReference@4d4436d0
2025-05-08T21:01:35.897+05:30 DEBUG 4228 --- [OrderServiceApplication] [           main] org.hibernate.type.BasicTypeRegistry     : Adding type registration float -> org.hibernate.type.BasicTypeReference@4d4436d0
2025-05-08T21:01:35.897+05:30 DEBUG 4228 --- [OrderServiceApplication] [           main] org.hibernate.type.BasicTypeRegistry     : Adding type registration java.lang.Float -> org.hibernate.type.BasicTypeReference@4d4436d0
2025-05-08T21:01:35.898+05:30 DEBUG 4228 --- [OrderServiceApplication] [           main] org.hibernate.type.BasicTypeRegistry     : Adding type registration double -> org.hibernate.type.BasicTypeReference@39da5e49
2025-05-08T21:01:35.898+05:30 DEBUG 4228 --- [OrderServiceApplication] [           main] org.hibernate.type.BasicTypeRegistry     : Adding type registration double -> org.hibernate.type.BasicTypeReference@39da5e49
2025-05-08T21:01:35.899+05:30 DEBUG 4228 --- [OrderServiceApplication] [           main] org.hibernate.type.BasicTypeRegistry     : Adding type registration java.lang.Double -> org.hibernate.type.BasicTypeReference@39da5e49
2025-05-08T21:01:35.899+05:30 DEBUG 4228 --- [OrderServiceApplication] [           main] org.hibernate.type.BasicTypeRegistry     : Adding type registration big_integer -> org.hibernate.type.BasicTypeReference@2443abd6
2025-05-08T21:01:35.900+05:30 DEBUG 4228 --- [OrderServiceApplication] [           main] org.hibernate.type.BasicTypeRegistry     : Adding type registration java.math.BigInteger -> org.hibernate.type.BasicTypeReference@2443abd6
2025-05-08T21:01:35.900+05:30 DEBUG 4228 --- [OrderServiceApplication] [           main] org.hibernate.type.BasicTypeRegistry     : Adding type registration big_decimal -> org.hibernate.type.BasicTypeReference@674da77b
2025-05-08T21:01:35.900+05:30 DEBUG 4228 --- [OrderServiceApplication] [           main] org.hibernate.type.BasicTypeRegistry     : Adding type registration java.math.BigDecimal -> org.hibernate.type.BasicTypeReference@674da77b
2025-05-08T21:01:35.900+05:30 DEBUG 4228 --- [OrderServiceApplication] [           main] org.hibernate.type.BasicTypeRegistry     : Adding type registration character -> org.hibernate.type.BasicTypeReference@bd3eff4
2025-05-08T21:01:35.901+05:30 DEBUG 4228 --- [OrderServiceApplication] [           main] org.hibernate.type.BasicTypeRegistry     : Adding type registration char -> org.hibernate.type.BasicTypeReference@bd3eff4
2025-05-08T21:01:35.901+05:30 DEBUG 4228 --- [OrderServiceApplication] [           main] org.hibernate.type.BasicTypeRegistry     : Adding type registration java.lang.Character -> org.hibernate.type.BasicTypeReference@bd3eff4
2025-05-08T21:01:35.901+05:30 DEBUG 4228 --- [OrderServiceApplication] [           main] org.hibernate.type.BasicTypeRegistry     : Adding type registration character_nchar -> org.hibernate.type.BasicTypeReference@6010d0d1
2025-05-08T21:01:35.902+05:30 DEBUG 4228 --- [OrderServiceApplication] [           main] org.hibernate.type.BasicTypeRegistry     : Adding type registration string -> org.hibernate.type.BasicTypeReference@5934ca1e
2025-05-08T21:01:35.902+05:30 DEBUG 4228 --- [OrderServiceApplication] [           main] org.hibernate.type.BasicTypeRegistry     : Adding type registration java.lang.String -> org.hibernate.type.BasicTypeReference@5934ca1e
2025-05-08T21:01:35.903+05:30 DEBUG 4228 --- [OrderServiceApplication] [           main] org.hibernate.type.BasicTypeRegistry     : Adding type registration nstring -> org.hibernate.type.BasicTypeReference@5348d83c
2025-05-08T21:01:35.903+05:30 DEBUG 4228 --- [OrderServiceApplication] [           main] org.hibernate.type.BasicTypeRegistry     : Adding type registration characters -> org.hibernate.type.BasicTypeReference@477021ee
2025-05-08T21:01:35.903+05:30 DEBUG 4228 --- [OrderServiceApplication] [           main] org.hibernate.type.BasicTypeRegistry     : Adding type registration char[] -> org.hibernate.type.BasicTypeReference@477021ee
2025-05-08T21:01:35.904+05:30 DEBUG 4228 --- [OrderServiceApplication] [           main] org.hibernate.type.BasicTypeRegistry     : Adding type registration [C -> org.hibernate.type.BasicTypeReference@477021ee
2025-05-08T21:01:35.904+05:30 DEBUG 4228 --- [OrderServiceApplication] [           main] org.hibernate.type.BasicTypeRegistry     : Adding type registration wrapper-characters -> org.hibernate.type.BasicTypeReference@2180e789
2025-05-08T21:01:35.904+05:30 DEBUG 4228 --- [OrderServiceApplication] [           main] org.hibernate.type.BasicTypeRegistry     : Adding type registration text -> org.hibernate.type.BasicTypeReference@5e9bbd9d
2025-05-08T21:01:35.905+05:30 DEBUG 4228 --- [OrderServiceApplication] [           main] org.hibernate.type.BasicTypeRegistry     : Adding type registration ntext -> org.hibernate.type.BasicTypeReference@4b87074a
2025-05-08T21:01:35.905+05:30 DEBUG 4228 --- [OrderServiceApplication] [           main] org.hibernate.type.BasicTypeRegistry     : Adding type registration clob -> org.hibernate.type.BasicTypeReference@d3e3085
2025-05-08T21:01:35.905+05:30 DEBUG 4228 --- [OrderServiceApplication] [           main] org.hibernate.type.BasicTypeRegistry     : Adding type registration java.sql.Clob -> org.hibernate.type.BasicTypeReference@d3e3085
2025-05-08T21:01:35.905+05:30 DEBUG 4228 --- [OrderServiceApplication] [           main] org.hibernate.type.BasicTypeRegistry     : Adding type registration nclob -> org.hibernate.type.BasicTypeReference@2ba42204
2025-05-08T21:01:35.906+05:30 DEBUG 4228 --- [OrderServiceApplication] [           main] org.hibernate.type.BasicTypeRegistry     : Adding type registration java.sql.NClob -> org.hibernate.type.BasicTypeReference@2ba42204
2025-05-08T21:01:35.906+05:30 DEBUG 4228 --- [OrderServiceApplication] [           main] org.hibernate.type.BasicTypeRegistry     : Adding type registration materialized_clob -> org.hibernate.type.BasicTypeReference@285005b8
2025-05-08T21:01:35.906+05:30 DEBUG 4228 --- [OrderServiceApplication] [           main] org.hibernate.type.BasicTypeRegistry     : Adding type registration materialized_clob_char_array -> org.hibernate.type.BasicTypeReference@5b1efaaf
2025-05-08T21:01:35.907+05:30 DEBUG 4228 --- [OrderServiceApplication] [           main] org.hibernate.type.BasicTypeRegistry     : Adding type registration materialized_clob_character_array -> org.hibernate.type.BasicTypeReference@27585351
2025-05-08T21:01:35.907+05:30 DEBUG 4228 --- [OrderServiceApplication] [           main] org.hibernate.type.BasicTypeRegistry     : Adding type registration materialized_nclob -> org.hibernate.type.BasicTypeReference@2de6f1bc
2025-05-08T21:01:35.907+05:30 DEBUG 4228 --- [OrderServiceApplication] [           main] org.hibernate.type.BasicTypeRegistry     : Adding type registration materialized_nclob_character_array -> org.hibernate.type.BasicTypeReference@5b35c7d
2025-05-08T21:01:35.908+05:30 DEBUG 4228 --- [OrderServiceApplication] [           main] org.hibernate.type.BasicTypeRegistry     : Adding type registration materialized_nclob_char_array -> org.hibernate.type.BasicTypeReference@29d405e6
2025-05-08T21:01:35.908+05:30 DEBUG 4228 --- [OrderServiceApplication] [           main] org.hibernate.type.BasicTypeRegistry     : Adding type registration Duration -> org.hibernate.type.BasicTypeReference@4c731956
2025-05-08T21:01:35.908+05:30 DEBUG 4228 --- [OrderServiceApplication] [           main] org.hibernate.type.BasicTypeRegistry     : Adding type registration java.time.Duration -> org.hibernate.type.BasicTypeReference@4c731956
2025-05-08T21:01:35.909+05:30 DEBUG 4228 --- [OrderServiceApplication] [           main] org.hibernate.type.BasicTypeRegistry     : Adding type registration LocalDateTime -> org.hibernate.type.BasicTypeReference@56826a75
2025-05-08T21:01:35.909+05:30 DEBUG 4228 --- [OrderServiceApplication] [           main] org.hibernate.type.BasicTypeRegistry     : Adding type registration java.time.LocalDateTime -> org.hibernate.type.BasicTypeReference@56826a75
2025-05-08T21:01:35.909+05:30 DEBUG 4228 --- [OrderServiceApplication] [           main] org.hibernate.type.BasicTypeRegistry     : Adding type registration LocalDate -> org.hibernate.type.BasicTypeReference@49cd946c
2025-05-08T21:01:35.910+05:30 DEBUG 4228 --- [OrderServiceApplication] [           main] org.hibernate.type.BasicTypeRegistry     : Adding type registration java.time.LocalDate -> org.hibernate.type.BasicTypeReference@49cd946c
2025-05-08T21:01:35.910+05:30 DEBUG 4228 --- [OrderServiceApplication] [           main] org.hibernate.type.BasicTypeRegistry     : Adding type registration LocalTime -> org.hibernate.type.BasicTypeReference@40bf4386
2025-05-08T21:01:35.911+05:30 DEBUG 4228 --- [OrderServiceApplication] [           main] org.hibernate.type.BasicTypeRegistry     : Adding type registration java.time.LocalTime -> org.hibernate.type.BasicTypeReference@40bf4386
2025-05-08T21:01:35.911+05:30 DEBUG 4228 --- [OrderServiceApplication] [           main] org.hibernate.type.BasicTypeRegistry     : Adding type registration OffsetDateTime -> org.hibernate.type.BasicTypeReference@14d25b6e
2025-05-08T21:01:35.911+05:30 DEBUG 4228 --- [OrderServiceApplication] [           main] org.hibernate.type.BasicTypeRegistry     : Adding type registration java.time.OffsetDateTime -> org.hibernate.type.BasicTypeReference@14d25b6e
2025-05-08T21:01:35.912+05:30 DEBUG 4228 --- [OrderServiceApplication] [           main] org.hibernate.type.BasicTypeRegistry     : Adding type registration OffsetDateTimeWithTimezone -> org.hibernate.type.BasicTypeReference@51c65a43
2025-05-08T21:01:35.912+05:30 DEBUG 4228 --- [OrderServiceApplication] [           main] org.hibernate.type.BasicTypeRegistry     : Adding type registration OffsetDateTimeWithoutTimezone -> org.hibernate.type.BasicTypeReference@740dcae3
2025-05-08T21:01:35.912+05:30 DEBUG 4228 --- [OrderServiceApplication] [           main] org.hibernate.type.BasicTypeRegistry     : Adding type registration OffsetTime -> org.hibernate.type.BasicTypeReference@4e140497
2025-05-08T21:01:35.912+05:30 DEBUG 4228 --- [OrderServiceApplication] [           main] org.hibernate.type.BasicTypeRegistry     : Adding type registration java.time.OffsetTime -> org.hibernate.type.BasicTypeReference@4e140497
2025-05-08T21:01:35.913+05:30 DEBUG 4228 --- [OrderServiceApplication] [           main] org.hibernate.type.BasicTypeRegistry     : Adding type registration OffsetTimeUtc -> org.hibernate.type.BasicTypeReference@481b2f10
2025-05-08T21:01:35.913+05:30 DEBUG 4228 --- [OrderServiceApplication] [           main] org.hibernate.type.BasicTypeRegistry     : Adding type registration OffsetTimeWithTimezone -> org.hibernate.type.BasicTypeReference@2b6c7012
2025-05-08T21:01:35.913+05:30 DEBUG 4228 --- [OrderServiceApplication] [           main] org.hibernate.type.BasicTypeRegistry     : Adding type registration OffsetTimeWithoutTimezone -> org.hibernate.type.BasicTypeReference@31acfd4e
2025-05-08T21:01:35.914+05:30 DEBUG 4228 --- [OrderServiceApplication] [           main] org.hibernate.type.BasicTypeRegistry     : Adding type registration ZonedDateTime -> org.hibernate.type.BasicTypeReference@5f726750
2025-05-08T21:01:35.914+05:30 DEBUG 4228 --- [OrderServiceApplication] [           main] org.hibernate.type.BasicTypeRegistry     : Adding type registration java.time.ZonedDateTime -> org.hibernate.type.BasicTypeReference@5f726750
2025-05-08T21:01:35.914+05:30 DEBUG 4228 --- [OrderServiceApplication] [           main] org.hibernate.type.BasicTypeRegistry     : Adding type registration ZonedDateTimeWithTimezone -> org.hibernate.type.BasicTypeReference@4e80a001
2025-05-08T21:01:35.914+05:30 DEBUG 4228 --- [OrderServiceApplication] [           main] org.hibernate.type.BasicTypeRegistry     : Adding type registration ZonedDateTimeWithoutTimezone -> org.hibernate.type.BasicTypeReference@624b523
2025-05-08T21:01:35.915+05:30 DEBUG 4228 --- [OrderServiceApplication] [           main] org.hibernate.type.BasicTypeRegistry     : Adding type registration date -> org.hibernate.type.BasicTypeReference@50b46e24
2025-05-08T21:01:35.915+05:30 DEBUG 4228 --- [OrderServiceApplication] [           main] org.hibernate.type.BasicTypeRegistry     : Adding type registration java.sql.Date -> org.hibernate.type.BasicTypeReference@50b46e24
2025-05-08T21:01:35.915+05:30 DEBUG 4228 --- [OrderServiceApplication] [           main] org.hibernate.type.BasicTypeRegistry     : Adding type registration time -> org.hibernate.type.BasicTypeReference@1c30cb85
2025-05-08T21:01:35.915+05:30 DEBUG 4228 --- [OrderServiceApplication] [           main] org.hibernate.type.BasicTypeRegistry     : Adding type registration java.sql.Time -> org.hibernate.type.BasicTypeReference@1c30cb85
2025-05-08T21:01:35.915+05:30 DEBUG 4228 --- [OrderServiceApplication] [           main] org.hibernate.type.BasicTypeRegistry     : Adding type registration timestamp -> org.hibernate.type.BasicTypeReference@577bf0aa
2025-05-08T21:01:35.916+05:30 DEBUG 4228 --- [OrderServiceApplication] [           main] org.hibernate.type.BasicTypeRegistry     : Adding type registration java.sql.Timestamp -> org.hibernate.type.BasicTypeReference@577bf0aa
2025-05-08T21:01:35.916+05:30 DEBUG 4228 --- [OrderServiceApplication] [           main] org.hibernate.type.BasicTypeRegistry     : Adding type registration java.util.Date -> org.hibernate.type.BasicTypeReference@577bf0aa
2025-05-08T21:01:35.916+05:30 DEBUG 4228 --- [OrderServiceApplication] [           main] org.hibernate.type.BasicTypeRegistry     : Adding type registration calendar -> org.hibernate.type.BasicTypeReference@7455dacb
2025-05-08T21:01:35.916+05:30 DEBUG 4228 --- [OrderServiceApplication] [           main] org.hibernate.type.BasicTypeRegistry     : Adding type registration java.util.Calendar -> org.hibernate.type.BasicTypeReference@7455dacb
2025-05-08T21:01:35.917+05:30 DEBUG 4228 --- [OrderServiceApplication] [           main] org.hibernate.type.BasicTypeRegistry     : Adding type registration java.util.GregorianCalendar -> org.hibernate.type.BasicTypeReference@7455dacb
2025-05-08T21:01:35.917+05:30 DEBUG 4228 --- [OrderServiceApplication] [           main] org.hibernate.type.BasicTypeRegistry     : Adding type registration calendar_date -> org.hibernate.type.BasicTypeReference@7634f2b
2025-05-08T21:01:35.917+05:30 DEBUG 4228 --- [OrderServiceApplication] [           main] org.hibernate.type.BasicTypeRegistry     : Adding type registration calendar_time -> org.hibernate.type.BasicTypeReference@1d15c0a1
2025-05-08T21:01:35.917+05:30 DEBUG 4228 --- [OrderServiceApplication] [           main] org.hibernate.type.BasicTypeRegistry     : Adding type registration instant -> org.hibernate.type.BasicTypeReference@15639d09
2025-05-08T21:01:35.918+05:30 DEBUG 4228 --- [OrderServiceApplication] [           main] org.hibernate.type.BasicTypeRegistry     : Adding type registration java.time.Instant -> org.hibernate.type.BasicTypeReference@15639d09
2025-05-08T21:01:35.918+05:30 DEBUG 4228 --- [OrderServiceApplication] [           main] org.hibernate.type.BasicTypeRegistry     : Adding type registration uuid -> org.hibernate.type.BasicTypeReference@4fba8eec
2025-05-08T21:01:35.918+05:30 DEBUG 4228 --- [OrderServiceApplication] [           main] org.hibernate.type.BasicTypeRegistry     : Adding type registration java.util.UUID -> org.hibernate.type.BasicTypeReference@4fba8eec
2025-05-08T21:01:35.918+05:30 DEBUG 4228 --- [OrderServiceApplication] [           main] org.hibernate.type.BasicTypeRegistry     : Adding type registration pg-uuid -> org.hibernate.type.BasicTypeReference@4fba8eec
2025-05-08T21:01:35.919+05:30 DEBUG 4228 --- [OrderServiceApplication] [           main] org.hibernate.type.BasicTypeRegistry     : Adding type registration uuid-binary -> org.hibernate.type.BasicTypeReference@52bd9a27
2025-05-08T21:01:35.919+05:30 DEBUG 4228 --- [OrderServiceApplication] [           main] org.hibernate.type.BasicTypeRegistry     : Adding type registration uuid-char -> org.hibernate.type.BasicTypeReference@611e5819
2025-05-08T21:01:35.919+05:30 DEBUG 4228 --- [OrderServiceApplication] [           main] org.hibernate.type.BasicTypeRegistry     : Adding type registration class -> org.hibernate.type.BasicTypeReference@681c0ae6
2025-05-08T21:01:35.919+05:30 DEBUG 4228 --- [OrderServiceApplication] [           main] org.hibernate.type.BasicTypeRegistry     : Adding type registration java.lang.Class -> org.hibernate.type.BasicTypeReference@681c0ae6
2025-05-08T21:01:35.920+05:30 DEBUG 4228 --- [OrderServiceApplication] [           main] org.hibernate.type.BasicTypeRegistry     : Adding type registration currency -> org.hibernate.type.BasicTypeReference@73ca34e7
2025-05-08T21:01:35.920+05:30 DEBUG 4228 --- [OrderServiceApplication] [           main] org.hibernate.type.BasicTypeRegistry     : Adding type registration Currency -> org.hibernate.type.BasicTypeReference@73ca34e7
2025-05-08T21:01:35.920+05:30 DEBUG 4228 --- [OrderServiceApplication] [           main] org.hibernate.type.BasicTypeRegistry     : Adding type registration java.util.Currency -> org.hibernate.type.BasicTypeReference@73ca34e7
2025-05-08T21:01:35.920+05:30 DEBUG 4228 --- [OrderServiceApplication] [           main] org.hibernate.type.BasicTypeRegistry     : Adding type registration locale -> org.hibernate.type.BasicTypeReference@4d98e41b
2025-05-08T21:01:35.921+05:30 DEBUG 4228 --- [OrderServiceApplication] [           main] org.hibernate.type.BasicTypeRegistry     : Adding type registration java.util.Locale -> org.hibernate.type.BasicTypeReference@4d98e41b
2025-05-08T21:01:35.921+05:30 DEBUG 4228 --- [OrderServiceApplication] [           main] org.hibernate.type.BasicTypeRegistry     : Adding type registration serializable -> org.hibernate.type.BasicTypeReference@5ed5b321
2025-05-08T21:01:35.921+05:30 DEBUG 4228 --- [OrderServiceApplication] [           main] org.hibernate.type.BasicTypeRegistry     : Adding type registration java.io.Serializable -> org.hibernate.type.BasicTypeReference@5ed5b321
2025-05-08T21:01:35.921+05:30 DEBUG 4228 --- [OrderServiceApplication] [           main] org.hibernate.type.BasicTypeRegistry     : Adding type registration timezone -> org.hibernate.type.BasicTypeReference@5696c927
2025-05-08T21:01:35.921+05:30 DEBUG 4228 --- [OrderServiceApplication] [           main] org.hibernate.type.BasicTypeRegistry     : Adding type registration java.util.TimeZone -> org.hibernate.type.BasicTypeReference@5696c927
2025-05-08T21:01:35.922+05:30 DEBUG 4228 --- [OrderServiceApplication] [           main] org.hibernate.type.BasicTypeRegistry     : Adding type registration ZoneOffset -> org.hibernate.type.BasicTypeReference@7459a21e
2025-05-08T21:01:35.922+05:30 DEBUG 4228 --- [OrderServiceApplication] [           main] org.hibernate.type.BasicTypeRegistry     : Adding type registration java.time.ZoneOffset -> org.hibernate.type.BasicTypeReference@7459a21e
2025-05-08T21:01:35.922+05:30 DEBUG 4228 --- [OrderServiceApplication] [           main] org.hibernate.type.BasicTypeRegistry     : Adding type registration url -> org.hibernate.type.BasicTypeReference@7eeb38b2
2025-05-08T21:01:35.923+05:30 DEBUG 4228 --- [OrderServiceApplication] [           main] org.hibernate.type.BasicTypeRegistry     : Adding type registration java.net.URL -> org.hibernate.type.BasicTypeReference@7eeb38b2
2025-05-08T21:01:35.923+05:30 DEBUG 4228 --- [OrderServiceApplication] [           main] org.hibernate.type.BasicTypeRegistry     : Adding type registration vector -> org.hibernate.type.BasicTypeReference@d54d0f5
2025-05-08T21:01:35.923+05:30 DEBUG 4228 --- [OrderServiceApplication] [           main] org.hibernate.type.BasicTypeRegistry     : Adding type registration float_vector -> org.hibernate.type.BasicTypeReference@6d6bff89
2025-05-08T21:01:35.923+05:30 DEBUG 4228 --- [OrderServiceApplication] [           main] org.hibernate.type.BasicTypeRegistry     : Adding type registration double_vector -> org.hibernate.type.BasicTypeReference@541bf968
2025-05-08T21:01:35.923+05:30 DEBUG 4228 --- [OrderServiceApplication] [           main] org.hibernate.type.BasicTypeRegistry     : Adding type registration byte_vector -> org.hibernate.type.BasicTypeReference@739265f1
2025-05-08T21:01:35.924+05:30 DEBUG 4228 --- [OrderServiceApplication] [           main] org.hibernate.type.BasicTypeRegistry     : Adding type registration row_version -> org.hibernate.type.BasicTypeReference@58eac00e
2025-05-08T21:01:35.942+05:30 DEBUG 4228 --- [OrderServiceApplication] [           main] org.hibernate.type.BasicTypeRegistry     : Adding type registration object -> org.hibernate.type.JavaObjectType@f613067
2025-05-08T21:01:35.942+05:30 DEBUG 4228 --- [OrderServiceApplication] [           main] org.hibernate.type.BasicTypeRegistry     : Adding type registration java.lang.Object -> org.hibernate.type.JavaObjectType@f613067
2025-05-08T21:01:35.959+05:30 DEBUG 4228 --- [OrderServiceApplication] [           main] org.hibernate.type.BasicTypeRegistry     : Adding type registration null -> org.hibernate.type.NullType@2c30c81d
2025-05-08T21:01:35.960+05:30 DEBUG 4228 --- [OrderServiceApplication] [           main] org.hibernate.type.BasicTypeRegistry     : Adding type registration imm_date -> org.hibernate.type.BasicTypeReference@415a3f6a
2025-05-08T21:01:35.961+05:30 DEBUG 4228 --- [OrderServiceApplication] [           main] org.hibernate.type.BasicTypeRegistry     : Adding type registration imm_time -> org.hibernate.type.BasicTypeReference@a54acec
2025-05-08T21:01:35.961+05:30 DEBUG 4228 --- [OrderServiceApplication] [           main] org.hibernate.type.BasicTypeRegistry     : Adding type registration imm_timestamp -> org.hibernate.type.BasicTypeReference@19da993b
2025-05-08T21:01:35.962+05:30 DEBUG 4228 --- [OrderServiceApplication] [           main] org.hibernate.type.BasicTypeRegistry     : Adding type registration imm_calendar -> org.hibernate.type.BasicTypeReference@3380ca3d
2025-05-08T21:01:35.963+05:30 DEBUG 4228 --- [OrderServiceApplication] [           main] org.hibernate.type.BasicTypeRegistry     : Adding type registration imm_calendar_date -> org.hibernate.type.BasicTypeReference@23310248
2025-05-08T21:01:35.963+05:30 DEBUG 4228 --- [OrderServiceApplication] [           main] org.hibernate.type.BasicTypeRegistry     : Adding type registration imm_calendar_time -> org.hibernate.type.BasicTypeReference@c2df90e
2025-05-08T21:01:35.963+05:30 DEBUG 4228 --- [OrderServiceApplication] [           main] org.hibernate.type.BasicTypeRegistry     : Adding type registration imm_binary -> org.hibernate.type.BasicTypeReference@41f3aaf1
2025-05-08T21:01:35.963+05:30 DEBUG 4228 --- [OrderServiceApplication] [           main] org.hibernate.type.BasicTypeRegistry     : Adding type registration imm_serializable -> org.hibernate.type.BasicTypeReference@741741d0
2025-05-08T21:01:36.003+05:30 DEBUG 4228 --- [OrderServiceApplication] [           main] o.h.boot.internal.BootstrapContextImpl   : Injecting JPA temp ClassLoader [org.springframework.instrument.classloading.SimpleThrowawayClassLoader@46320c9a] into BootstrapContext; was [null]
2025-05-08T21:01:36.003+05:30 DEBUG 4228 --- [OrderServiceApplication] [           main] o.h.boot.internal.ClassLoaderAccessImpl  : ClassLoaderAccessImpl#injectTempClassLoader(org.springframework.instrument.classloading.SimpleThrowawayClassLoader@46320c9a) [was null]
2025-05-08T21:01:36.005+05:30 DEBUG 4228 --- [OrderServiceApplication] [           main] o.h.boot.internal.BootstrapContextImpl   : Injecting ScanEnvironment [org.hibernate.jpa.boot.internal.StandardJpaScanEnvironmentImpl@7af0affa] into BootstrapContext; was [null]
2025-05-08T21:01:36.007+05:30 DEBUG 4228 --- [OrderServiceApplication] [           main] o.h.boot.internal.BootstrapContextImpl   : Injecting ScanOptions [org.hibernate.boot.archive.scan.internal.StandardScanOptions@71560f51] into BootstrapContext; was [org.hibernate.boot.archive.scan.internal.StandardScanOptions@3e1f1046]
2025-05-08T21:01:36.067+05:30 DEBUG 4228 --- [OrderServiceApplication] [           main] o.h.j.b.i.PersistenceUnitInfoDescriptor  : Pushing class transformers for PU named 'default' on loading classloader jdk.internal.loader.ClassLoaders$AppClassLoader@73d16e93
2025-05-08T21:01:37.410+05:30  INFO 4228 --- [OrderServiceApplication] [           main] o.s.o.j.p.SpringPersistenceUnitInfo      : No LoadTimeWeaver setup: ignoring JPA class transformer
2025-05-08T21:01:37.410+05:30 DEBUG 4228 --- [OrderServiceApplication] [           main] o.h.boot.internal.BootstrapContextImpl   : Injecting JPA temp ClassLoader [null] into BootstrapContext; was [org.springframework.instrument.classloading.SimpleThrowawayClassLoader@46320c9a]
2025-05-08T21:01:37.411+05:30 DEBUG 4228 --- [OrderServiceApplication] [           main] o.h.boot.internal.ClassLoaderAccessImpl  : ClassLoaderAccessImpl#injectTempClassLoader(null) [was org.springframework.instrument.classloading.SimpleThrowawayClassLoader@46320c9a]
2025-05-08T21:01:37.507+05:30  INFO 4228 --- [OrderServiceApplication] [           main] com.zaxxer.hikari.HikariDataSource       : HikariPool-1 - Starting...
2025-05-08T21:01:37.986+05:30  INFO 4228 --- [OrderServiceApplication] [           main] com.zaxxer.hikari.pool.HikariPool        : HikariPool-1 - Added connection com.mysql.cj.jdbc.ConnectionImpl@3db1ce78
2025-05-08T21:01:37.991+05:30  INFO 4228 --- [OrderServiceApplication] [           main] com.zaxxer.hikari.HikariDataSource       : HikariPool-1 - Start completed.
2025-05-08T21:01:38.005+05:30 DEBUG 4228 --- [OrderServiceApplication] [           main] o.h.e.j.e.i.JdbcEnvironmentInitiator     : Database ->
	   name : MySQL
	version : 8.0.41
	  major : 8
	  minor : 0
2025-05-08T21:01:38.006+05:30 DEBUG 4228 --- [OrderServiceApplication] [           main] o.h.e.j.e.i.JdbcEnvironmentInitiator     : Driver ->
	   name : MySQL Connector/J
	version : mysql-connector-j-9.1.0 (Revision: cf2917ea44ae2e43a4514a33771035aa99de73bf)
	  major : 9
	  minor : 1
2025-05-08T21:01:38.006+05:30 DEBUG 4228 --- [OrderServiceApplication] [           main] o.h.e.j.e.i.JdbcEnvironmentInitiator     : JDBC version : 4.2
2025-05-08T21:01:38.184+05:30  WARN 4228 --- [OrderServiceApplication] [           main] org.hibernate.orm.deprecation            : HHH90000025: MySQL8Dialect does not need to be specified explicitly using 'hibernate.dialect' (remove the property setting and it will be selected by default)
2025-05-08T21:01:38.187+05:30 DEBUG 4228 --- [OrderServiceApplication] [           main] org.hibernate.orm.dialect                : HHH035001: Using dialect: org.hibernate.dialect.MySQL8Dialect, version: 8.0
2025-05-08T21:01:38.187+05:30  WARN 4228 --- [OrderServiceApplication] [           main] org.hibernate.orm.deprecation            : HHH90000026: MySQL8Dialect has been deprecated; use org.hibernate.dialect.MySQLDialect instead
2025-05-08T21:01:38.201+05:30 DEBUG 4228 --- [OrderServiceApplication] [           main] o.h.e.j.env.spi.IdentifierHelperBuilder  : JDBC driver metadata reported database stores quoted identifiers in more than one case
2025-05-08T21:01:38.201+05:30 DEBUG 4228 --- [OrderServiceApplication] [           main] o.h.e.j.env.spi.IdentifierHelperBuilder  : IdentifierCaseStrategy for both quoted and unquoted identifiers was set to the same strategy [LOWER]; that will likely lead to problems in schema update and validation if using quoted identifiers
2025-05-08T21:01:38.331+05:30  INFO 4228 --- [OrderServiceApplication] [           main] org.hibernate.orm.connections.pooling    : HHH10001005: Database info:
	Database JDBC URL [Connecting through datasource 'HikariDataSource (HikariPool-1)']
	Database driver: undefined/unknown
	Database version: 8.0
	Autocommit mode: undefined/unknown
	Isolation level: undefined/unknown
	Minimum pool size: undefined/unknown
	Maximum pool size: undefined/unknown
2025-05-08T21:01:38.437+05:30 DEBUG 4228 --- [OrderServiceApplication] [           main] o.h.t.d.sql.spi.DdlTypeRegistry          : addDescriptor(12, org.hibernate.type.descriptor.sql.internal.CapacityDependentDdlType@8bc0696) replaced previous registration(org.hibernate.type.descriptor.sql.internal.CapacityDependentDdlType@473847fb)
2025-05-08T21:01:38.443+05:30 DEBUG 4228 --- [OrderServiceApplication] [           main] o.h.t.d.sql.spi.DdlTypeRegistry          : addDescriptor(-9, org.hibernate.type.descriptor.sql.internal.CapacityDependentDdlType@270f28cf) replaced previous registration(org.hibernate.type.descriptor.sql.internal.CapacityDependentDdlType@2e1add6f)
2025-05-08T21:01:38.444+05:30 DEBUG 4228 --- [OrderServiceApplication] [           main] o.h.t.d.sql.spi.DdlTypeRegistry          : addDescriptor(-3, org.hibernate.type.descriptor.sql.internal.CapacityDependentDdlType@467af68c) replaced previous registration(org.hibernate.type.descriptor.sql.internal.CapacityDependentDdlType@43786627)
2025-05-08T21:01:38.444+05:30 DEBUG 4228 --- [OrderServiceApplication] [           main] o.h.t.d.sql.spi.DdlTypeRegistry          : addDescriptor(4003, org.hibernate.type.descriptor.sql.internal.DdlTypeImpl@1d6f77d7) replaced previous registration(org.hibernate.type.descriptor.sql.internal.DdlTypeImpl@65e620b0)
2025-05-08T21:01:38.445+05:30 DEBUG 4228 --- [OrderServiceApplication] [           main] o.h.t.d.sql.spi.DdlTypeRegistry          : addDescriptor(4001, org.hibernate.type.descriptor.sql.internal.DdlTypeImpl@74b97416) replaced previous registration(org.hibernate.type.descriptor.sql.internal.DdlTypeImpl@74707df8)
2025-05-08T21:01:38.445+05:30 DEBUG 4228 --- [OrderServiceApplication] [           main] o.h.t.d.sql.spi.DdlTypeRegistry          : addDescriptor(4002, org.hibernate.type.descriptor.sql.internal.DdlTypeImpl@12c76d6e) replaced previous registration(org.hibernate.type.descriptor.sql.internal.DdlTypeImpl@46702c26)
2025-05-08T21:01:38.445+05:30 DEBUG 4228 --- [OrderServiceApplication] [           main] o.h.t.d.sql.spi.DdlTypeRegistry          : addDescriptor(2004, org.hibernate.type.descriptor.sql.internal.CapacityDependentDdlType@7956f93a) replaced previous registration(org.hibernate.type.descriptor.sql.internal.DdlTypeImpl@e3ed455)
2025-05-08T21:01:38.447+05:30 DEBUG 4228 --- [OrderServiceApplication] [           main] o.h.t.d.sql.spi.DdlTypeRegistry          : addDescriptor(2005, org.hibernate.type.descriptor.sql.internal.CapacityDependentDdlType@27bb74e1) replaced previous registration(org.hibernate.type.descriptor.sql.internal.DdlTypeImpl@606d6d2c)
2025-05-08T21:01:38.448+05:30 DEBUG 4228 --- [OrderServiceApplication] [           main] o.h.t.d.sql.spi.DdlTypeRegistry          : addDescriptor(2011, org.hibernate.type.descriptor.sql.internal.CapacityDependentDdlType@2e3cd732) replaced previous registration(org.hibernate.type.descriptor.sql.internal.DdlTypeImpl@56d822dc)
2025-05-08T21:01:38.453+05:30 DEBUG 4228 --- [OrderServiceApplication] [           main] o.h.t.d.jdbc.spi.JdbcTypeRegistry        : addDescriptor(NCharTypeDescriptor) replaced previous registration(CharTypeDescriptor)
2025-05-08T21:01:38.454+05:30 DEBUG 4228 --- [OrderServiceApplication] [           main] o.h.t.d.jdbc.spi.JdbcTypeRegistry        : addDescriptor(NVarcharTypeDescriptor) replaced previous registration(VarcharTypeDescriptor)
2025-05-08T21:01:38.455+05:30 DEBUG 4228 --- [OrderServiceApplication] [           main] o.h.t.d.jdbc.spi.JdbcTypeRegistry        : addDescriptor(LongNVarcharTypeDescriptor) replaced previous registration(LongVarcharTypeDescriptor)
2025-05-08T21:01:38.463+05:30 DEBUG 4228 --- [OrderServiceApplication] [           main] o.h.t.d.jdbc.spi.JdbcTypeRegistry        : addDescriptor(NClobTypeDescriptor(DEFAULT)) replaced previous registration(ClobTypeDescriptor(DEFAULT))
2025-05-08T21:01:38.571+05:30 DEBUG 4228 --- [OrderServiceApplication] [           main] org.hibernate.type.BasicTypeRegistry     : Adding type registration null -> org.hibernate.type.NullType@7adae08e
2025-05-08T21:01:38.572+05:30 DEBUG 4228 --- [OrderServiceApplication] [           main] org.hibernate.type.BasicTypeRegistry     : Type registration key [null] overrode previous entry : `org.hibernate.type.NullType@2c30c81d`
2025-05-08T21:01:38.588+05:30 DEBUG 4228 --- [OrderServiceApplication] [           main] org.hibernate.type.BasicTypeRegistry     : Adding type registration org.hibernate.type.DurationType -> basicType@1(java.time.Duration,3015)
2025-05-08T21:01:38.595+05:30 DEBUG 4228 --- [OrderServiceApplication] [           main] org.hibernate.type.BasicTypeRegistry     : Adding type registration Duration -> basicType@1(java.time.Duration,3015)
2025-05-08T21:01:38.595+05:30 DEBUG 4228 --- [OrderServiceApplication] [           main] org.hibernate.type.BasicTypeRegistry     : Adding type registration java.time.Duration -> basicType@1(java.time.Duration,3015)
2025-05-08T21:01:38.604+05:30 DEBUG 4228 --- [OrderServiceApplication] [           main] org.hibernate.type.BasicTypeRegistry     : Adding type registration org.hibernate.type.OffsetDateTimeType -> basicType@2(java.time.OffsetDateTime,3003)
2025-05-08T21:01:38.604+05:30 DEBUG 4228 --- [OrderServiceApplication] [           main] org.hibernate.type.BasicTypeRegistry     : Adding type registration OffsetDateTime -> basicType@2(java.time.OffsetDateTime,3003)
2025-05-08T21:01:38.604+05:30 DEBUG 4228 --- [OrderServiceApplication] [           main] org.hibernate.type.BasicTypeRegistry     : Adding type registration java.time.OffsetDateTime -> basicType@2(java.time.OffsetDateTime,3003)
2025-05-08T21:01:38.605+05:30 DEBUG 4228 --- [OrderServiceApplication] [           main] org.hibernate.type.BasicTypeRegistry     : Adding type registration org.hibernate.type.ZonedDateTimeType -> basicType@3(java.time.ZonedDateTime,3003)
2025-05-08T21:01:38.605+05:30 DEBUG 4228 --- [OrderServiceApplication] [           main] org.hibernate.type.BasicTypeRegistry     : Adding type registration ZonedDateTime -> basicType@3(java.time.ZonedDateTime,3003)
2025-05-08T21:01:38.606+05:30 DEBUG 4228 --- [OrderServiceApplication] [           main] org.hibernate.type.BasicTypeRegistry     : Adding type registration java.time.ZonedDateTime -> basicType@3(java.time.ZonedDateTime,3003)
2025-05-08T21:01:38.608+05:30 DEBUG 4228 --- [OrderServiceApplication] [           main] org.hibernate.type.BasicTypeRegistry     : Adding type registration org.hibernate.type.OffsetTimeType -> basicType@4(java.time.OffsetTime,3007)
2025-05-08T21:01:38.608+05:30 DEBUG 4228 --- [OrderServiceApplication] [           main] org.hibernate.type.BasicTypeRegistry     : Adding type registration OffsetTime -> basicType@4(java.time.OffsetTime,3007)
2025-05-08T21:01:38.608+05:30 DEBUG 4228 --- [OrderServiceApplication] [           main] org.hibernate.type.BasicTypeRegistry     : Adding type registration java.time.OffsetTime -> basicType@4(java.time.OffsetTime,3007)
2025-05-08T21:01:38.612+05:30 DEBUG 4228 --- [OrderServiceApplication] [           main] o.h.type.spi.TypeConfiguration$Scope     : Scoping TypeConfiguration [org.hibernate.type.spi.TypeConfiguration@3316527e] to MetadataBuildingContext [org.hibernate.boot.internal.MetadataBuildingContextRootImpl@786ff0ea]
2025-05-08T21:01:38.731+05:30 DEBUG 4228 --- [OrderServiceApplication] [           main] o.h.boot.model.relational.Namespace      : Created database namespace [logicalName=Name{catalog=null, schema=null}, physicalName=Name{catalog=null, schema=null}]
2025-05-08T21:01:38.876+05:30 DEBUG 4228 --- [OrderServiceApplication] [           main] o.h.boot.model.internal.EntityBinder     : Binding entity from annotated class: com.OrderService.OrderServiceApplication.model.Order
2025-05-08T21:01:38.896+05:30 DEBUG 4228 --- [OrderServiceApplication] [           main] o.h.boot.model.internal.EntityBinder     : Import with entity name Order
2025-05-08T21:01:38.912+05:30 DEBUG 4228 --- [OrderServiceApplication] [           main] o.h.boot.model.internal.EntityBinder     : Bind entity com.OrderService.OrderServiceApplication.model.Order on table order_table
2025-05-08T21:01:38.965+05:30 DEBUG 4228 --- [OrderServiceApplication] [           main] o.h.boot.model.internal.AnnotatedColumn  : Binding column: AnnotatedDiscriminatorColumn(column='DTYPE')
2025-05-08T21:01:39.056+05:30 DEBUG 4228 --- [OrderServiceApplication] [           main] o.h.boot.model.internal.AnnotatedColumn  : Binding column: AnnotatedColumn()
2025-05-08T21:01:39.062+05:30 DEBUG 4228 --- [OrderServiceApplication] [           main] o.h.boot.internal.ClassLoaderAccessImpl  : Not known whether passed class name [com.OrderService.OrderServiceApplication.model.Order] is safe
2025-05-08T21:01:39.062+05:30 DEBUG 4228 --- [OrderServiceApplication] [           main] o.h.boot.internal.ClassLoaderAccessImpl  : No temp ClassLoader provided; using live ClassLoader for loading potentially unsafe class : com.OrderService.OrderServiceApplication.model.Order
2025-05-08T21:01:39.090+05:30 DEBUG 4228 --- [OrderServiceApplication] [           main] o.h.boot.model.internal.PropertyBinder   : MetadataSourceProcessor property id with lazy=false
2025-05-08T21:01:39.102+05:30 DEBUG 4228 --- [OrderServiceApplication] [           main] o.h.b.m.internal.AbstractPropertyHolder  : Attempting to locate auto-apply AttributeConverter for property [com.OrderService.OrderServiceApplication.model.Order:id]
2025-05-08T21:01:39.117+05:30 DEBUG 4228 --- [OrderServiceApplication] [           main] o.h.b.model.internal.BasicValueBinder    : building BasicValue for id
2025-05-08T21:01:39.129+05:30 DEBUG 4228 --- [OrderServiceApplication] [           main] org.hibernate.mapping.BasicValue         : Skipping column re-registration: order_table.id
2025-05-08T21:01:39.131+05:30 DEBUG 4228 --- [OrderServiceApplication] [           main] o.h.boot.model.internal.PropertyBinder   : Building property id
2025-05-08T21:01:39.137+05:30 DEBUG 4228 --- [OrderServiceApplication] [           main] o.h.boot.model.internal.BinderHelper     : #makeIdGenerator(BasicValue([Column(id)]), id, identity, , ...)
2025-05-08T21:01:39.141+05:30 DEBUG 4228 --- [OrderServiceApplication] [           main] o.h.boot.model.internal.AnnotatedColumn  : Binding column: AnnotatedJoinColumn()
2025-05-08T21:01:39.142+05:30 DEBUG 4228 --- [OrderServiceApplication] [           main] o.h.boot.model.internal.AnnotatedColumn  : Binding column: AnnotatedColumn()
2025-05-08T21:01:39.164+05:30 DEBUG 4228 --- [OrderServiceApplication] [           main] o.h.boot.model.internal.AnnotatedColumn  : Binding column: IndexColumn(column='orderLineItemsList_ORDER')
2025-05-08T21:01:39.170+05:30 DEBUG 4228 --- [OrderServiceApplication] [           main] o.h.boot.model.internal.AnnotatedColumn  : Binding column: AnnotatedColumn()
2025-05-08T21:01:39.172+05:30 DEBUG 4228 --- [OrderServiceApplication] [           main] o.h.boot.model.internal.AnnotatedColumn  : Binding column: AnnotatedColumn(column='orderLineItemsList_KEY')
2025-05-08T21:01:39.173+05:30 DEBUG 4228 --- [OrderServiceApplication] [           main] o.h.boot.model.internal.AnnotatedColumn  : Binding column: AnnotatedJoinColumn(column='orderLineItemsList_KEY')
2025-05-08T21:01:39.177+05:30 DEBUG 4228 --- [OrderServiceApplication] [           main] o.h.boot.model.internal.AnnotatedColumn  : Binding column: AnnotatedJoinColumn()
2025-05-08T21:01:39.178+05:30 DEBUG 4228 --- [OrderServiceApplication] [           main] o.h.boot.model.internal.AnnotatedColumn  : Binding column: AnnotatedJoinColumn()
2025-05-08T21:01:39.184+05:30 DEBUG 4228 --- [OrderServiceApplication] [           main] o.h.b.model.internal.CollectionBinder    : Collection role: com.OrderService.OrderServiceApplication.model.Order.orderLineItemsList
2025-05-08T21:01:39.190+05:30 DEBUG 4228 --- [OrderServiceApplication] [           main] o.h.boot.model.internal.PropertyBinder   : Building property orderLineItemsList
2025-05-08T21:01:39.191+05:30 DEBUG 4228 --- [OrderServiceApplication] [           main] o.h.boot.model.internal.AnnotatedColumn  : Binding column: AnnotatedColumn()
2025-05-08T21:01:39.192+05:30 DEBUG 4228 --- [OrderServiceApplication] [           main] o.h.boot.model.internal.PropertyBinder   : MetadataSourceProcessor property orderNumber with lazy=false
2025-05-08T21:01:39.192+05:30 DEBUG 4228 --- [OrderServiceApplication] [           main] o.h.b.m.internal.AbstractPropertyHolder  : Attempting to locate auto-apply AttributeConverter for property [com.OrderService.OrderServiceApplication.model.Order:orderNumber]
2025-05-08T21:01:39.192+05:30 DEBUG 4228 --- [OrderServiceApplication] [           main] o.h.b.model.internal.BasicValueBinder    : building BasicValue for orderNumber
2025-05-08T21:01:39.192+05:30 DEBUG 4228 --- [OrderServiceApplication] [           main] org.hibernate.mapping.BasicValue         : Skipping column re-registration: order_table.order_number
2025-05-08T21:01:39.193+05:30 DEBUG 4228 --- [OrderServiceApplication] [           main] o.h.boot.model.internal.PropertyBinder   : Building property orderNumber
2025-05-08T21:01:39.195+05:30 DEBUG 4228 --- [OrderServiceApplication] [           main] o.h.boot.model.internal.AnnotatedColumn  : Binding column: AnnotatedColumn()
2025-05-08T21:01:39.195+05:30 DEBUG 4228 --- [OrderServiceApplication] [           main] o.h.boot.model.internal.PropertyBinder   : MetadataSourceProcessor property total with lazy=false
2025-05-08T21:01:39.195+05:30 DEBUG 4228 --- [OrderServiceApplication] [           main] o.h.b.m.internal.AbstractPropertyHolder  : Attempting to locate auto-apply AttributeConverter for property [com.OrderService.OrderServiceApplication.model.Order:total]
2025-05-08T21:01:39.196+05:30 DEBUG 4228 --- [OrderServiceApplication] [           main] o.h.b.model.internal.BasicValueBinder    : building BasicValue for total
2025-05-08T21:01:39.196+05:30 DEBUG 4228 --- [OrderServiceApplication] [           main] org.hibernate.mapping.BasicValue         : Skipping column re-registration: order_table.total
2025-05-08T21:01:39.196+05:30 DEBUG 4228 --- [OrderServiceApplication] [           main] o.h.boot.model.internal.PropertyBinder   : Building property total
2025-05-08T21:01:39.199+05:30 DEBUG 4228 --- [OrderServiceApplication] [           main] o.h.b.r.c.i.ClassLoaderServiceImpl       : HHH000194: Package not found or no package-info.java: com.OrderService.OrderServiceApplication.model
2025-05-08T21:01:39.207+05:30 DEBUG 4228 --- [OrderServiceApplication] [           main] o.h.boot.model.internal.EntityBinder     : Binding entity from annotated class: com.OrderService.OrderServiceApplication.model.OrderLineItems
2025-05-08T21:01:39.207+05:30 DEBUG 4228 --- [OrderServiceApplication] [           main] o.h.boot.model.internal.EntityBinder     : Import with entity name OrderLineItems
2025-05-08T21:01:39.208+05:30 DEBUG 4228 --- [OrderServiceApplication] [           main] o.h.boot.model.internal.EntityBinder     : Bind entity com.OrderService.OrderServiceApplication.model.OrderLineItems on table order_line_items_table
2025-05-08T21:01:39.209+05:30 DEBUG 4228 --- [OrderServiceApplication] [           main] o.h.boot.model.internal.AnnotatedColumn  : Binding column: AnnotatedDiscriminatorColumn(column='DTYPE')
2025-05-08T21:01:39.211+05:30 DEBUG 4228 --- [OrderServiceApplication] [           main] o.h.boot.model.internal.AnnotatedColumn  : Binding column: AnnotatedColumn()
2025-05-08T21:01:39.211+05:30 DEBUG 4228 --- [OrderServiceApplication] [           main] o.h.boot.internal.ClassLoaderAccessImpl  : Not known whether passed class name [com.OrderService.OrderServiceApplication.model.OrderLineItems] is safe
2025-05-08T21:01:39.212+05:30 DEBUG 4228 --- [OrderServiceApplication] [           main] o.h.boot.internal.ClassLoaderAccessImpl  : No temp ClassLoader provided; using live ClassLoader for loading potentially unsafe class : com.OrderService.OrderServiceApplication.model.OrderLineItems
2025-05-08T21:01:39.212+05:30 DEBUG 4228 --- [OrderServiceApplication] [           main] o.h.boot.model.internal.PropertyBinder   : MetadataSourceProcessor property id with lazy=false
2025-05-08T21:01:39.212+05:30 DEBUG 4228 --- [OrderServiceApplication] [           main] o.h.b.m.internal.AbstractPropertyHolder  : Attempting to locate auto-apply AttributeConverter for property [com.OrderService.OrderServiceApplication.model.OrderLineItems:id]
2025-05-08T21:01:39.213+05:30 DEBUG 4228 --- [OrderServiceApplication] [           main] o.h.b.model.internal.BasicValueBinder    : building BasicValue for id
2025-05-08T21:01:39.213+05:30 DEBUG 4228 --- [OrderServiceApplication] [           main] org.hibernate.mapping.BasicValue         : Skipping column re-registration: order_line_items_table.id
2025-05-08T21:01:39.213+05:30 DEBUG 4228 --- [OrderServiceApplication] [           main] o.h.boot.model.internal.PropertyBinder   : Building property id
2025-05-08T21:01:39.214+05:30 DEBUG 4228 --- [OrderServiceApplication] [           main] o.h.boot.model.internal.BinderHelper     : #makeIdGenerator(BasicValue([Column(id)]), id, identity, , ...)
2025-05-08T21:01:39.214+05:30 DEBUG 4228 --- [OrderServiceApplication] [           main] o.h.boot.model.internal.AnnotatedColumn  : Binding column: AnnotatedColumn()
2025-05-08T21:01:39.215+05:30 DEBUG 4228 --- [OrderServiceApplication] [           main] o.h.boot.model.internal.PropertyBinder   : MetadataSourceProcessor property item with lazy=false
2025-05-08T21:01:39.215+05:30 DEBUG 4228 --- [OrderServiceApplication] [           main] o.h.b.m.internal.AbstractPropertyHolder  : Attempting to locate auto-apply AttributeConverter for property [com.OrderService.OrderServiceApplication.model.OrderLineItems:item]
2025-05-08T21:01:39.215+05:30 DEBUG 4228 --- [OrderServiceApplication] [           main] o.h.b.model.internal.BasicValueBinder    : building BasicValue for item
2025-05-08T21:01:39.215+05:30 DEBUG 4228 --- [OrderServiceApplication] [           main] org.hibernate.mapping.BasicValue         : Skipping column re-registration: order_line_items_table.item
2025-05-08T21:01:39.216+05:30 DEBUG 4228 --- [OrderServiceApplication] [           main] o.h.boot.model.internal.PropertyBinder   : Building property item
2025-05-08T21:01:39.216+05:30 DEBUG 4228 --- [OrderServiceApplication] [           main] o.h.boot.model.internal.AnnotatedColumn  : Binding column: AnnotatedColumn()
2025-05-08T21:01:39.216+05:30 DEBUG 4228 --- [OrderServiceApplication] [           main] o.h.boot.model.internal.PropertyBinder   : MetadataSourceProcessor property price with lazy=false
2025-05-08T21:01:39.219+05:30 DEBUG 4228 --- [OrderServiceApplication] [           main] o.h.b.m.internal.AbstractPropertyHolder  : Attempting to locate auto-apply AttributeConverter for property [com.OrderService.OrderServiceApplication.model.OrderLineItems:price]
2025-05-08T21:01:39.220+05:30 DEBUG 4228 --- [OrderServiceApplication] [           main] o.h.b.model.internal.BasicValueBinder    : building BasicValue for price
2025-05-08T21:01:39.220+05:30 DEBUG 4228 --- [OrderServiceApplication] [           main] org.hibernate.mapping.BasicValue         : Skipping column re-registration: order_line_items_table.price
2025-05-08T21:01:39.220+05:30 DEBUG 4228 --- [OrderServiceApplication] [           main] o.h.boot.model.internal.PropertyBinder   : Building property price
2025-05-08T21:01:39.221+05:30 DEBUG 4228 --- [OrderServiceApplication] [           main] o.h.boot.model.internal.AnnotatedColumn  : Binding column: AnnotatedColumn()
2025-05-08T21:01:39.221+05:30 DEBUG 4228 --- [OrderServiceApplication] [           main] o.h.boot.model.internal.PropertyBinder   : MetadataSourceProcessor property quantity with lazy=false
2025-05-08T21:01:39.221+05:30 DEBUG 4228 --- [OrderServiceApplication] [           main] o.h.b.m.internal.AbstractPropertyHolder  : Attempting to locate auto-apply AttributeConverter for property [com.OrderService.OrderServiceApplication.model.OrderLineItems:quantity]
2025-05-08T21:01:39.221+05:30 DEBUG 4228 --- [OrderServiceApplication] [           main] o.h.b.model.internal.BasicValueBinder    : building BasicValue for quantity
2025-05-08T21:01:39.221+05:30 DEBUG 4228 --- [OrderServiceApplication] [           main] org.hibernate.mapping.BasicValue         : Skipping column re-registration: order_line_items_table.quantity
2025-05-08T21:01:39.221+05:30 DEBUG 4228 --- [OrderServiceApplication] [           main] o.h.boot.model.internal.PropertyBinder   : Building property quantity
2025-05-08T21:01:39.222+05:30 DEBUG 4228 --- [OrderServiceApplication] [           main] o.h.boot.model.internal.AnnotatedColumn  : Binding column: AnnotatedColumn()
2025-05-08T21:01:39.222+05:30 DEBUG 4228 --- [OrderServiceApplication] [           main] o.h.boot.model.internal.PropertyBinder   : MetadataSourceProcessor property skuCode with lazy=false
2025-05-08T21:01:39.223+05:30 DEBUG 4228 --- [OrderServiceApplication] [           main] o.h.b.m.internal.AbstractPropertyHolder  : Attempting to locate auto-apply AttributeConverter for property [com.OrderService.OrderServiceApplication.model.OrderLineItems:skuCode]
2025-05-08T21:01:39.223+05:30 DEBUG 4228 --- [OrderServiceApplication] [           main] o.h.b.model.internal.BasicValueBinder    : building BasicValue for skuCode
2025-05-08T21:01:39.223+05:30 DEBUG 4228 --- [OrderServiceApplication] [           main] org.hibernate.mapping.BasicValue         : Skipping column re-registration: order_line_items_table.sku_code
2025-05-08T21:01:39.223+05:30 DEBUG 4228 --- [OrderServiceApplication] [           main] o.h.boot.model.internal.PropertyBinder   : Building property skuCode
2025-05-08T21:01:39.225+05:30 DEBUG 4228 --- [OrderServiceApplication] [           main] o.h.b.r.c.i.ClassLoaderServiceImpl       : HHH000194: Package not found or no package-info.java: com.OrderService.OrderServiceApplication.model
2025-05-08T21:01:39.228+05:30 DEBUG 4228 --- [OrderServiceApplication] [           main] o.h.b.model.internal.BasicValueBinder    : Starting `BasicValueBinder#fillSimpleValue` for id
2025-05-08T21:01:39.232+05:30 DEBUG 4228 --- [OrderServiceApplication] [           main] o.h.b.model.internal.BasicValueBinder    : Starting `BasicValueBinder#fillSimpleValue` for orderNumber
2025-05-08T21:01:39.232+05:30 DEBUG 4228 --- [OrderServiceApplication] [           main] o.h.b.model.internal.BasicValueBinder    : Starting `BasicValueBinder#fillSimpleValue` for total
2025-05-08T21:01:39.232+05:30 DEBUG 4228 --- [OrderServiceApplication] [           main] o.h.b.model.internal.BasicValueBinder    : Starting `BasicValueBinder#fillSimpleValue` for id
2025-05-08T21:01:39.232+05:30 DEBUG 4228 --- [OrderServiceApplication] [           main] o.h.b.model.internal.BasicValueBinder    : Starting `BasicValueBinder#fillSimpleValue` for item
2025-05-08T21:01:39.233+05:30 DEBUG 4228 --- [OrderServiceApplication] [           main] o.h.b.model.internal.BasicValueBinder    : Starting `BasicValueBinder#fillSimpleValue` for price
2025-05-08T21:01:39.233+05:30 DEBUG 4228 --- [OrderServiceApplication] [           main] o.h.b.model.internal.BasicValueBinder    : Starting `BasicValueBinder#fillSimpleValue` for quantity
2025-05-08T21:01:39.233+05:30 DEBUG 4228 --- [OrderServiceApplication] [           main] o.h.b.model.internal.BasicValueBinder    : Starting `BasicValueBinder#fillSimpleValue` for skuCode
2025-05-08T21:01:39.241+05:30 DEBUG 4228 --- [OrderServiceApplication] [           main] org.hibernate.mapping.PrimaryKey         : Forcing column [id] to be non-null as it is part of the primary key for table [order_table]
2025-05-08T21:01:39.241+05:30 DEBUG 4228 --- [OrderServiceApplication] [           main] org.hibernate.mapping.PrimaryKey         : Forcing column [id] to be non-null as it is part of the primary key for table [order_line_items_table]
2025-05-08T21:01:39.241+05:30 DEBUG 4228 --- [OrderServiceApplication] [           main] o.h.b.m.internal.CollectionSecondPass    : Second pass for collection: com.OrderService.OrderServiceApplication.model.Order.orderLineItemsList
2025-05-08T21:01:39.242+05:30 DEBUG 4228 --- [OrderServiceApplication] [           main] o.h.b.model.internal.CollectionBinder    : Binding a OneToMany: com.OrderService.OrderServiceApplication.model.Order.orderLineItemsList through an association table
2025-05-08T21:01:39.249+05:30 DEBUG 4228 --- [OrderServiceApplication] [           main] o.h.b.r.c.i.ClassLoaderServiceImpl       : HHH000194: Package not found or no package-info.java: com.OrderService.OrderServiceApplication.model
2025-05-08T21:01:39.273+05:30 DEBUG 4228 --- [OrderServiceApplication] [           main] o.h.b.m.internal.CollectionSecondPass    : Mapped collection key: order_id, element: order_line_items_list_id
2025-05-08T21:01:39.512+05:30 DEBUG 4228 --- [OrderServiceApplication] [           main] o.hibernate.internal.SessionFactoryImpl  : Building session factory
2025-05-08T21:01:39.615+05:30 DEBUG 4228 --- [OrderServiceApplication] [           main] .h.s.i.SessionFactoryServiceRegistryImpl : EventListenerRegistry access via ServiceRegistry is deprecated.  Use `sessionFactory.getEventEngine().getListenerRegistry()` instead
2025-05-08T21:01:39.616+05:30 DEBUG 4228 --- [OrderServiceApplication] [           main] o.hibernate.internal.SessionFactoryImpl  : Instantiating SessionFactory with settings: {hibernate.format_sql=true, java.specification.version=17, sun.cpu.isalist=amd64, hibernate.resource.beans.container=org.springframework.orm.hibernate5.SpringBeanContainer@4ed19b69, hibernate.connection.handling_mode=DELAYED_ACQUISITION_AND_HOLD, sun.jnu.encoding=Cp1252, hibernate.dialect=org.hibernate.dialect.MySQL8Dialect, hibernate.implicit_naming_strategy=org.springframework.boot.orm.jpa.hibernate.SpringImplicitNamingStrategy, java.class.path=D:\OnlineShoppingService\order-service\target\test-classes;D:\OnlineShoppingService\order-service\target\classes;C:\Users\LENOVO\.m2\repository\org\springframework\boot\spring-boot-starter-data-jpa\3.4.5\spring-boot-starter-data-jpa-3.4.5.jar;C:\Users\LENOVO\.m2\repository\org\springframework\boot\spring-boot-starter\3.4.5\spring-boot-starter-3.4.5.jar;C:\Users\LENOVO\.m2\repository\org\springframework\boot\spring-boot\3.4.5\spring-boot-3.4.5.jar;C:\Users\LENOVO\.m2\repository\org\springframework\boot\spring-boot-autoconfigure\3.4.5\spring-boot-autoconfigure-3.4.5.jar;C:\Users\LENOVO\.m2\repository\org\springframework\boot\spring-boot-starter-logging\3.4.5\spring-boot-starter-logging-3.4.5.jar;C:\Users\LENOVO\.m2\repository\ch\qos\logback\logback-classic\1.5.18\logback-classic-1.5.18.jar;C:\Users\LENOVO\.m2\repository\ch\qos\logback\logback-core\1.5.18\logback-core-1.5.18.jar;C:\Users\LENOVO\.m2\repository\org\apache\logging\log4j\log4j-to-slf4j\2.24.3\log4j-to-slf4j-2.24.3.jar;C:\Users\LENOVO\.m2\repository\org\apache\logging\log4j\log4j-api\2.24.3\log4j-api-2.24.3.jar;C:\Users\LENOVO\.m2\repository\org\slf4j\jul-to-slf4j\2.0.17\jul-to-slf4j-2.0.17.jar;C:\Users\LENOVO\.m2\repository\jakarta\annotation\jakarta.annotation-api\2.1.1\jakarta.annotation-api-2.1.1.jar;C:\Users\LENOVO\.m2\repository\org\yaml\snakeyaml\2.3\snakeyaml-2.3.jar;C:\Users\LENOVO\.m2\repository\org\springframework\boot\spring-boot-starter-jdbc\3.4.5\spring-boot-starter-jdbc-3.4.5.jar;C:\Users\LENOVO\.m2\repository\com\zaxxer\HikariCP\5.1.0\HikariCP-5.1.0.jar;C:\Users\LENOVO\.m2\repository\org\springframework\spring-jdbc\6.2.6\spring-jdbc-6.2.6.jar;C:\Users\LENOVO\.m2\repository\org\hibernate\orm\hibernate-core\6.6.13.Final\hibernate-core-6.6.13.Final.jar;C:\Users\LENOVO\.m2\repository\jakarta\persistence\jakarta.persistence-api\3.1.0\jakarta.persistence-api-3.1.0.jar;C:\Users\LENOVO\.m2\repository\jakarta\transaction\jakarta.transaction-api\2.0.1\jakarta.transaction-api-2.0.1.jar;C:\Users\LENOVO\.m2\repository\org\jboss\logging\jboss-logging\3.6.1.Final\jboss-logging-3.6.1.Final.jar;C:\Users\LENOVO\.m2\repository\org\hibernate\common\hibernate-commons-annotations\7.0.3.Final\hibernate-commons-annotations-7.0.3.Final.jar;C:\Users\LENOVO\.m2\repository\io\smallrye\jandex\3.2.0\jandex-3.2.0.jar;C:\Users\LENOVO\.m2\repository\com\fasterxml\classmate\1.7.0\classmate-1.7.0.jar;C:\Users\LENOVO\.m2\repository\net\bytebuddy\byte-buddy\1.15.11\byte-buddy-1.15.11.jar;C:\Users\LENOVO\.m2\repository\org\glassfish\jaxb\jaxb-runtime\4.0.5\jaxb-runtime-4.0.5.jar;C:\Users\LENOVO\.m2\repository\org\glassfish\jaxb\jaxb-core\4.0.5\jaxb-core-4.0.5.jar;C:\Users\LENOVO\.m2\repository\org\eclipse\angus\angus-activation\2.0.2\angus-activation-2.0.2.jar;C:\Users\LENOVO\.m2\repository\org\glassfish\jaxb\txw2\4.0.5\txw2-4.0.5.jar;C:\Users\LENOVO\.m2\repository\com\sun\istack\istack-commons-runtime\4.1.2\istack-commons-runtime-4.1.2.jar;C:\Users\LENOVO\.m2\repository\jakarta\inject\jakarta.inject-api\2.0.1\jakarta.inject-api-2.0.1.jar;C:\Users\LENOVO\.m2\repository\org\antlr\antlr4-runtime\4.13.0\antlr4-runtime-4.13.0.jar;C:\Users\LENOVO\.m2\repository\org\springframework\data\spring-data-jpa\3.4.5\spring-data-jpa-3.4.5.jar;C:\Users\LENOVO\.m2\repository\org\springframework\data\spring-data-commons\3.4.5\spring-data-commons-3.4.5.jar;C:\Users\LENOVO\.m2\repository\org\springframework\spring-orm\6.2.6\spring-orm-6.2.6.jar;C:\Users\LENOVO\.m2\repository\org\springframework\spring-context\6.2.6\spring-context-6.2.6.jar;C:\Users\LENOVO\.m2\repository\org\springframework\spring-aop\6.2.6\spring-aop-6.2.6.jar;C:\Users\LENOVO\.m2\repository\org\springframework\spring-tx\6.2.6\spring-tx-6.2.6.jar;C:\Users\LENOVO\.m2\repository\org\springframework\spring-beans\6.2.6\spring-beans-6.2.6.jar;C:\Users\LENOVO\.m2\repository\org\slf4j\slf4j-api\2.0.17\slf4j-api-2.0.17.jar;C:\Users\LENOVO\.m2\repository\org\springframework\spring-aspects\6.2.6\spring-aspects-6.2.6.jar;C:\Users\LENOVO\.m2\repository\org\aspectj\aspectjweaver\1.9.24\aspectjweaver-1.9.24.jar;C:\Users\LENOVO\.m2\repository\org\springframework\boot\spring-boot-starter-web\3.4.5\spring-boot-starter-web-3.4.5.jar;C:\Users\LENOVO\.m2\repository\org\springframework\boot\spring-boot-starter-json\3.4.5\spring-boot-starter-json-3.4.5.jar;C:\Users\LENOVO\.m2\repository\com\fasterxml\jackson\core\jackson-databind\2.18.3\jackson-databind-2.18.3.jar;C:\Users\LENOVO\.m2\repository\com\fasterxml\jackson\core\jackson-annotations\2.18.3\jackson-annotations-2.18.3.jar;C:\Users\LENOVO\.m2\repository\com\fasterxml\jackson\core\jackson-core\2.18.3\jackson-core-2.18.3.jar;C:\Users\LENOVO\.m2\repository\com\fasterxml\jackson\datatype\jackson-datatype-jdk8\2.18.3\jackson-datatype-jdk8-2.18.3.jar;C:\Users\LENOVO\.m2\repository\com\fasterxml\jackson\datatype\jackson-datatype-jsr310\2.18.3\jackson-datatype-jsr310-2.18.3.jar;C:\Users\LENOVO\.m2\repository\com\fasterxml\jackson\module\jackson-module-parameter-names\2.18.3\jackson-module-parameter-names-2.18.3.jar;C:\Users\LENOVO\.m2\repository\org\springframework\boot\spring-boot-starter-tomcat\3.4.5\spring-boot-starter-tomcat-3.4.5.jar;C:\Users\LENOVO\.m2\repository\org\apache\tomcat\embed\tomcat-embed-core\10.1.40\tomcat-embed-core-10.1.40.jar;C:\Users\LENOVO\.m2\repository\org\apache\tomcat\embed\tomcat-embed-el\10.1.40\tomcat-embed-el-10.1.40.jar;C:\Users\LENOVO\.m2\repository\org\apache\tomcat\embed\tomcat-embed-websocket\10.1.40\tomcat-embed-websocket-10.1.40.jar;C:\Users\LENOVO\.m2\repository\org\springframework\spring-web\6.2.6\spring-web-6.2.6.jar;C:\Users\LENOVO\.m2\repository\io\micrometer\micrometer-observation\1.14.6\micrometer-observation-1.14.6.jar;C:\Users\LENOVO\.m2\repository\io\micrometer\micrometer-commons\1.14.6\micrometer-commons-1.14.6.jar;C:\Users\LENOVO\.m2\repository\org\springframework\spring-webmvc\6.2.6\spring-webmvc-6.2.6.jar;C:\Users\LENOVO\.m2\repository\org\springframework\spring-expression\6.2.6\spring-expression-6.2.6.jar;C:\Users\LENOVO\.m2\repository\com\mysql\mysql-connector-j\9.1.0\mysql-connector-j-9.1.0.jar;C:\Users\LENOVO\.m2\repository\org\projectlombok\lombok\1.18.38\lombok-1.18.38.jar;C:\Users\LENOVO\.m2\repository\org\springframework\boot\spring-boot-starter-test\3.4.5\spring-boot-starter-test-3.4.5.jar;C:\Users\LENOVO\.m2\repository\org\springframework\boot\spring-boot-test\3.4.5\spring-boot-test-3.4.5.jar;C:\Users\LENOVO\.m2\repository\org\springframework\boot\spring-boot-test-autoconfigure\3.4.5\spring-boot-test-autoconfigure-3.4.5.jar;C:\Users\LENOVO\.m2\repository\com\jayway\jsonpath\json-path\2.9.0\json-path-2.9.0.jar;C:\Users\LENOVO\.m2\repository\jakarta\xml\bind\jakarta.xml.bind-api\4.0.2\jakarta.xml.bind-api-4.0.2.jar;C:\Users\LENOVO\.m2\repository\jakarta\activation\jakarta.activation-api\2.1.3\jakarta.activation-api-2.1.3.jar;C:\Users\LENOVO\.m2\repository\net\minidev\json-smart\2.5.2\json-smart-2.5.2.jar;C:\Users\LENOVO\.m2\repository\net\minidev\accessors-smart\2.5.2\accessors-smart-2.5.2.jar;C:\Users\LENOVO\.m2\repository\org\ow2\asm\asm\9.7.1\asm-9.7.1.jar;C:\Users\LENOVO\.m2\repository\org\assertj\assertj-core\3.26.3\assertj-core-3.26.3.jar;C:\Users\LENOVO\.m2\repository\org\awaitility\awaitility\4.2.2\awaitility-4.2.2.jar;C:\Users\LENOVO\.m2\repository\org\hamcrest\hamcrest\2.2\hamcrest-2.2.jar;C:\Users\LENOVO\.m2\repository\org\junit\jupiter\junit-jupiter\5.11.4\junit-jupiter-5.11.4.jar;C:\Users\LENOVO\.m2\repository\org\junit\jupiter\junit-jupiter-api\5.11.4\junit-jupiter-api-5.11.4.jar;C:\Users\LENOVO\.m2\repository\org\opentest4j\opentest4j\1.3.0\opentest4j-1.3.0.jar;C:\Users\LENOVO\.m2\repository\org\junit\platform\junit-platform-commons\1.11.4\junit-platform-commons-1.11.4.jar;C:\Users\LENOVO\.m2\repository\org\apiguardian\apiguardian-api\1.1.2\apiguardian-api-1.1.2.jar;C:\Users\LENOVO\.m2\repository\org\junit\jupiter\junit-jupiter-params\5.11.4\junit-jupiter-params-5.11.4.jar;C:\Users\LENOVO\.m2\repository\org\junit\jupiter\junit-jupiter-engine\5.11.4\junit-jupiter-engine-5.11.4.jar;C:\Users\LENOVO\.m2\repository\org\junit\platform\junit-platform-engine\1.11.4\junit-platform-engine-1.11.4.jar;C:\Users\LENOVO\.m2\repository\org\mockito\mockito-core\5.14.2\mockito-core-5.14.2.jar;C:\Users\LENOVO\.m2\repository\net\bytebuddy\byte-buddy-agent\1.15.11\byte-buddy-agent-1.15.11.jar;C:\Users\LENOVO\.m2\repository\org\objenesis\objenesis\3.3\objenesis-3.3.jar;C:\Users\LENOVO\.m2\repository\org\mockito\mockito-junit-jupiter\5.14.2\mockito-junit-jupiter-5.14.2.jar;C:\Users\LENOVO\.m2\repository\org\skyscreamer\jsonassert\1.5.3\jsonassert-1.5.3.jar;C:\Users\LENOVO\.m2\repository\com\vaadin\external\google\android-json\0.0.20131108.vaadin1\android-json-0.0.20131108.vaadin1.jar;C:\Users\LENOVO\.m2\repository\org\springframework\spring-core\6.2.6\spring-core-6.2.6.jar;C:\Users\LENOVO\.m2\repository\org\springframework\spring-jcl\6.2.6\spring-jcl-6.2.6.jar;C:\Users\LENOVO\.m2\repository\org\springframework\spring-test\6.2.6\spring-test-6.2.6.jar;C:\Users\LENOVO\.m2\repository\org\xmlunit\xmlunit-core\2.10.0\xmlunit-core-2.10.0.jar;, java.vm.vendor=Oracle Corporation, sun.arch.data.model=64, user.variant=, java.vendor.url=https://java.oracle.com/, user.timezone=Asia/Calcutta, jakarta.persistence.sharedCache.mode=UNSPECIFIED, org.jboss.logging.provider=slf4j, java.vm.specification.version=17, os.name=Windows 10, APPLICATION_NAME=OrderServiceApplication, jakarta.persistence.nonJtaDataSource=HikariDataSource (HikariPool-1), sun.java.launcher=SUN_STANDARD, user.country=IN, sun.boot.library.path=C:\Program Files\Java\jdk-17\bin, sun.java.command=C:\Users\LENOVO\AppData\Local\Temp\surefire5772467869288157552\surefirebooter-20250508210128476_7.jar C:\Users\LENOVO\AppData\Local\Temp\surefire5772467869288157552 2025-05-08T21-01-08_613-jvmRun1 surefire-20250508210128476_5tmp surefire_1-20250508210128476_6tmp, javax.persistence.nonJtaDataSource=HikariDataSource (HikariPool-1), hibernate.transaction.jta.platform=org.hibernate.engine.transaction.jta.platform.internal.NoJtaPlatform@59a5bb61, jdk.debug=release, surefire.test.class.path=D:\OnlineShoppingService\order-service\target\test-classes;D:\OnlineShoppingService\order-service\target\classes;C:\Users\LENOVO\.m2\repository\org\springframework\boot\spring-boot-starter-data-jpa\3.4.5\spring-boot-starter-data-jpa-3.4.5.jar;C:\Users\LENOVO\.m2\repository\org\springframework\boot\spring-boot-starter\3.4.5\spring-boot-starter-3.4.5.jar;C:\Users\LENOVO\.m2\repository\org\springframework\boot\spring-boot\3.4.5\spring-boot-3.4.5.jar;C:\Users\LENOVO\.m2\repository\org\springframework\boot\spring-boot-autoconfigure\3.4.5\spring-boot-autoconfigure-3.4.5.jar;C:\Users\LENOVO\.m2\repository\org\springframework\boot\spring-boot-starter-logging\3.4.5\spring-boot-starter-logging-3.4.5.jar;C:\Users\LENOVO\.m2\repository\ch\qos\logback\logback-classic\1.5.18\logback-classic-1.5.18.jar;C:\Users\LENOVO\.m2\repository\ch\qos\logback\logback-core\1.5.18\logback-core-1.5.18.jar;C:\Users\LENOVO\.m2\repository\org\apache\logging\log4j\log4j-to-slf4j\2.24.3\log4j-to-slf4j-2.24.3.jar;C:\Users\LENOVO\.m2\repository\org\apache\logging\log4j\log4j-api\2.24.3\log4j-api-2.24.3.jar;C:\Users\LENOVO\.m2\repository\org\slf4j\jul-to-slf4j\2.0.17\jul-to-slf4j-2.0.17.jar;C:\Users\LENOVO\.m2\repository\jakarta\annotation\jakarta.annotation-api\2.1.1\jakarta.annotation-api-2.1.1.jar;C:\Users\LENOVO\.m2\repository\org\yaml\snakeyaml\2.3\snakeyaml-2.3.jar;C:\Users\LENOVO\.m2\repository\org\springframework\boot\spring-boot-starter-jdbc\3.4.5\spring-boot-starter-jdbc-3.4.5.jar;C:\Users\LENOVO\.m2\repository\com\zaxxer\HikariCP\5.1.0\HikariCP-5.1.0.jar;C:\Users\LENOVO\.m2\repository\org\springframework\spring-jdbc\6.2.6\spring-jdbc-6.2.6.jar;C:\Users\LENOVO\.m2\repository\org\hibernate\orm\hibernate-core\6.6.13.Final\hibernate-core-6.6.13.Final.jar;C:\Users\LENOVO\.m2\repository\jakarta\persistence\jakarta.persistence-api\3.1.0\jakarta.persistence-api-3.1.0.jar;C:\Users\LENOVO\.m2\repository\jakarta\transaction\jakarta.transaction-api\2.0.1\jakarta.transaction-api-2.0.1.jar;C:\Users\LENOVO\.m2\repository\org\jboss\logging\jboss-logging\3.6.1.Final\jboss-logging-3.6.1.Final.jar;C:\Users\LENOVO\.m2\repository\org\hibernate\common\hibernate-commons-annotations\7.0.3.Final\hibernate-commons-annotations-7.0.3.Final.jar;C:\Users\LENOVO\.m2\repository\io\smallrye\jandex\3.2.0\jandex-3.2.0.jar;C:\Users\LENOVO\.m2\repository\com\fasterxml\classmate\1.7.0\classmate-1.7.0.jar;C:\Users\LENOVO\.m2\repository\net\bytebuddy\byte-buddy\1.15.11\byte-buddy-1.15.11.jar;C:\Users\LENOVO\.m2\repository\org\gla
[...]
2025-05-08T21:01:39.998+05:30 DEBUG 4228 --- [OrderServiceApplication] [           main] org.hibernate.HQL_FUNCTIONS              : Double sqrt(NUMERIC arg)
2025-05-08T21:01:39.998+05:30 DEBUG 4228 --- [OrderServiceApplication] [           main] org.hibernate.HQL_FUNCTIONS              : Double stddev(NUMERIC arg)
2025-05-08T21:01:39.998+05:30 DEBUG 4228 --- [OrderServiceApplication] [           main] org.hibernate.HQL_FUNCTIONS              : Double stddev_pop(NUMERIC arg)
2025-05-08T21:01:39.998+05:30 DEBUG 4228 --- [OrderServiceApplication] [           main] org.hibernate.HQL_FUNCTIONS              : Double stddev_samp(NUMERIC arg)
2025-05-08T21:01:39.998+05:30 DEBUG 4228 --- [OrderServiceApplication] [           main] org.hibernate.HQL_FUNCTIONS              : String str(arg)
2025-05-08T21:01:39.998+05:30 DEBUG 4228 --- [OrderServiceApplication] [           main] org.hibernate.HQL_FUNCTIONS              : subdate(DATE datetime, INTEGER days)
2025-05-08T21:01:39.998+05:30 DEBUG 4228 --- [OrderServiceApplication] [           main] org.hibernate.HQL_FUNCTIONS              : String substr(STRING string, INTEGER start[, INTEGER length])
2025-05-08T21:01:39.998+05:30 DEBUG 4228 --- [OrderServiceApplication] [           main] org.hibernate.HQL_FUNCTIONS              : String substring(STRING string{ from|,} INTEGER start[{ for|,} INTEGER length])
2025-05-08T21:01:39.998+05:30 DEBUG 4228 --- [OrderServiceApplication] [           main] org.hibernate.HQL_FUNCTIONS              : subtime(TIME datetime, TIME time)
2025-05-08T21:01:39.998+05:30 DEBUG 4228 --- [OrderServiceApplication] [           main] org.hibernate.HQL_FUNCTIONS              : sum(arg)
2025-05-08T21:01:39.999+05:30 DEBUG 4228 --- [OrderServiceApplication] [           main] org.hibernate.HQL_FUNCTIONS              : Timestamp sysdate()
2025-05-08T21:01:39.999+05:30 DEBUG 4228 --- [OrderServiceApplication] [           main] org.hibernate.HQL_FUNCTIONS              : Double tan(NUMERIC arg)
2025-05-08T21:01:39.999+05:30 DEBUG 4228 --- [OrderServiceApplication] [           main] org.hibernate.HQL_FUNCTIONS              : Double tanh(NUMERIC arg)
2025-05-08T21:01:39.999+05:30 DEBUG 4228 --- [OrderServiceApplication] [           main] org.hibernate.HQL_FUNCTIONS              : String time(arg)
2025-05-08T21:01:39.999+05:30 DEBUG 4228 --- [OrderServiceApplication] [           main] org.hibernate.HQL_FUNCTIONS              : Timestamp timestamp(arg0[, arg1])
2025-05-08T21:01:39.999+05:30 DEBUG 4228 --- [OrderServiceApplication] [           main] org.hibernate.HQL_FUNCTIONS              : timestampadd(TEMPORAL_UNIT field, INTEGER magnitude, TEMPORAL datetime)
2025-05-08T21:01:40.000+05:30 DEBUG 4228 --- [OrderServiceApplication] [           main] org.hibernate.HQL_FUNCTIONS              : Long|Double timestampdiff(TEMPORAL_UNIT field, TEMPORAL start, TEMPORAL end)
2025-05-08T21:01:40.000+05:30 DEBUG 4228 --- [OrderServiceApplication] [           main] org.hibernate.HQL_FUNCTIONS              : String trim([[{leading|trailing|both} ][STRING arg0 ]from] STRING arg1)
2025-05-08T21:01:40.000+05:30 DEBUG 4228 --- [OrderServiceApplication] [           main] org.hibernate.HQL_FUNCTIONS              : trunc( ... )
2025-05-08T21:01:40.000+05:30 DEBUG 4228 --- [OrderServiceApplication] [           main] org.hibernate.HQL_FUNCTIONS              : truncate( ... )
2025-05-08T21:01:40.000+05:30 DEBUG 4228 --- [OrderServiceApplication] [           main] org.hibernate.HQL_FUNCTIONS              : String upper(STRING string)
2025-05-08T21:01:40.000+05:30 DEBUG 4228 --- [OrderServiceApplication] [           main] org.hibernate.HQL_FUNCTIONS              : Date utc_date
2025-05-08T21:01:40.000+05:30 DEBUG 4228 --- [OrderServiceApplication] [           main] org.hibernate.HQL_FUNCTIONS              : Time utc_time
2025-05-08T21:01:40.001+05:30 DEBUG 4228 --- [OrderServiceApplication] [           main] org.hibernate.HQL_FUNCTIONS              : Timestamp utc_timestamp
2025-05-08T21:01:40.001+05:30 DEBUG 4228 --- [OrderServiceApplication] [           main] org.hibernate.HQL_FUNCTIONS              : Double var_pop(NUMERIC arg)
2025-05-08T21:01:40.001+05:30 DEBUG 4228 --- [OrderServiceApplication] [           main] org.hibernate.HQL_FUNCTIONS              : Double var_samp(NUMERIC arg)
2025-05-08T21:01:40.001+05:30 DEBUG 4228 --- [OrderServiceApplication] [           main] org.hibernate.HQL_FUNCTIONS              : Double variance(NUMERIC arg)
2025-05-08T21:01:40.001+05:30 DEBUG 4228 --- [OrderServiceApplication] [           main] org.hibernate.HQL_FUNCTIONS              : Integer week(DATE arg)
2025-05-08T21:01:40.001+05:30 DEBUG 4228 --- [OrderServiceApplication] [           main] org.hibernate.HQL_FUNCTIONS              : Integer year(DATE arg)
2025-05-08T21:01:40.018+05:30 DEBUG 4228 --- [OrderServiceApplication] [           main] org.hibernate.orm.query.plan.cache       : Starting QueryInterpretationCache(2048)
2025-05-08T21:01:40.305+05:30 DEBUG 4228 --- [OrderServiceApplication] [           main] .h.s.i.SessionFactoryServiceRegistryImpl : EventListenerRegistry access via ServiceRegistry is deprecated.  Use `sessionFactory.getEventEngine().getListenerRegistry()` instead
2025-05-08T21:01:40.308+05:30 DEBUG 4228 --- [OrderServiceApplication] [           main] h.e.i.EntityCopyObserverFactoryInitiator : Configured EntityCopyObserver strategy: disallow
2025-05-08T21:01:40.526+05:30 DEBUG 4228 --- [OrderServiceApplication] [           main] o.h.boot.internal.ClassLoaderAccessImpl  : Not known whether passed class name [com.OrderService.OrderServiceApplication.model.Order] is safe
2025-05-08T21:01:40.526+05:30 DEBUG 4228 --- [OrderServiceApplication] [           main] o.h.boot.internal.ClassLoaderAccessImpl  : No temp ClassLoader provided; using live ClassLoader for loading potentially unsafe class : com.OrderService.OrderServiceApplication.model.Order
2025-05-08T21:01:41.061+05:30 DEBUG 4228 --- [OrderServiceApplication] [           main] o.h.b.i.bytebuddy.BytecodeProviderImpl   : HHH000513: Unable to create the ReflectionOptimizer for [com.OrderService.OrderServiceApplication.model.Order]: private accessor [orderLineItemsList]
2025-05-08T21:01:41.129+05:30 DEBUG 4228 --- [OrderServiceApplication] [           main] o.h.boot.internal.ClassLoaderAccessImpl  : Not known whether passed class name [com.OrderService.OrderServiceApplication.model.OrderLineItems] is safe
2025-05-08T21:01:41.129+05:30 DEBUG 4228 --- [OrderServiceApplication] [           main] o.h.boot.internal.ClassLoaderAccessImpl  : No temp ClassLoader provided; using live ClassLoader for loading potentially unsafe class : com.OrderService.OrderServiceApplication.model.OrderLineItems
2025-05-08T21:01:41.180+05:30 DEBUG 4228 --- [OrderServiceApplication] [           main] o.h.b.i.bytebuddy.BytecodeProviderImpl   : HHH000513: Unable to create the ReflectionOptimizer for [com.OrderService.OrderServiceApplication.model.OrderLineItems]: private accessor [item]
2025-05-08T21:01:41.228+05:30 DEBUG 4228 --- [OrderServiceApplication] [           main] org.hibernate.orm.jdbc.mutation          : Skipping collection row updates - com.OrderService.OrderServiceApplication.model.Order.orderLineItemsList
2025-05-08T21:01:41.301+05:30 DEBUG 4228 --- [OrderServiceApplication] [           main] o.hibernate.orm.model.mapping.creation   : Starting post-init callbacks
2025-05-08T21:01:41.302+05:30 DEBUG 4228 --- [OrderServiceApplication] [           main] o.hibernate.orm.model.mapping.creation   : Starting PostInitCallbackEntry : PluralAttributeMapping( NavigableRole[com.OrderService.OrderServiceApplication.model.Order.orderLineItemsList#{element}]) - element descriptor
2025-05-08T21:01:41.310+05:30 DEBUG 4228 --- [OrderServiceApplication] [           main] o.hibernate.orm.model.mapping.creation   : Starting PostInitCallbackEntry : PluralAttributeMapping(com.OrderService.OrderServiceApplication.model.Order.orderLineItemsList)#finishInitialization
2025-05-08T21:01:41.311+05:30 DEBUG 4228 --- [OrderServiceApplication] [           main] o.hibernate.orm.model.mapping.creation   : Starting PostInitCallbackEntry : PluralAttributeMapping(com.OrderService.OrderServiceApplication.model.Order.orderLineItemsList) - key descriptor
2025-05-08T21:01:41.311+05:30 DEBUG 4228 --- [OrderServiceApplication] [           main] o.hibernate.orm.model.mapping.creation   : Starting PostInitCallbackEntry : Entity(com.OrderService.OrderServiceApplication.model.Order) `staticFetchableList` generator
2025-05-08T21:01:41.312+05:30 DEBUG 4228 --- [OrderServiceApplication] [           main] o.hibernate.orm.model.mapping.creation   : Starting PostInitCallbackEntry : Entity(com.OrderService.OrderServiceApplication.model.OrderLineItems) `staticFetchableList` generator
2025-05-08T21:01:41.591+05:30 DEBUG 4228 --- [OrderServiceApplication] [           main] org.hibernate.orm.sql.ast.create         : Created new SQL alias : o1_0
2025-05-08T21:01:41.596+05:30 DEBUG 4228 --- [OrderServiceApplication] [           main] org.hibernate.orm.sql.ast.create         : Registration of TableGroup [StandardTableGroup(com.OrderService.OrderServiceApplication.model.Order)] with identifierForTableGroup [com.OrderService.OrderServiceApplication.model.Order] for NavigablePath [com.OrderService.OrderServiceApplication.model.Order] 
2025-05-08T21:01:41.642+05:30 DEBUG 4228 --- [OrderServiceApplication] [           main] org.hibernate.orm.results.graph.AST      : DomainResult Graph:
 \-EntityResultImpl [com.OrderService.OrderServiceApplication.model.Order]
 |  +-DelayedCollectionFetch [com.OrderService.OrderServiceApplication.model.Order.orderLineItemsList]
 |  +-BasicFetch [com.OrderService.OrderServiceApplication.model.Order.orderNumber]
 |  \-BasicFetch [com.OrderService.OrderServiceApplication.model.Order.total]

2025-05-08T21:01:41.649+05:30 DEBUG 4228 --- [OrderServiceApplication] [           main] org.hibernate.orm.sql.ast.tree           : SQL AST Tree:
    SelectStatement {
      FromClause {
        StandardTableGroup (o1 : com.OrderService.OrderServiceApplication.model.Order) {
          primaryTableReference : order_table as o1_0
        }
      }
    }

2025-05-08T21:01:41.683+05:30 DEBUG 4228 --- [OrderServiceApplication] [           main] o.h.p.entity.AbstractEntityPersister     : Static SQL for entity: com.OrderService.OrderServiceApplication.model.Order
2025-05-08T21:01:41.683+05:30 DEBUG 4228 --- [OrderServiceApplication] [           main] o.h.p.entity.AbstractEntityPersister     :  Version select: select id from order_table where id=?
2025-05-08T21:01:41.683+05:30 DEBUG 4228 --- [OrderServiceApplication] [           main] o.h.p.entity.AbstractEntityPersister     :  Insert (0): insert into order_table (order_number,total) values (?,?)
2025-05-08T21:01:41.683+05:30 DEBUG 4228 --- [OrderServiceApplication] [           main] o.h.p.entity.AbstractEntityPersister     :  Update (0): update order_table set order_number=?,total=? where id=?
2025-05-08T21:01:41.683+05:30 DEBUG 4228 --- [OrderServiceApplication] [           main] o.h.p.entity.AbstractEntityPersister     :  Delete (0): delete from order_table where id=?
2025-05-08T21:01:41.683+05:30 DEBUG 4228 --- [OrderServiceApplication] [           main] org.hibernate.orm.sql.ast.create         : Created new SQL alias : oli1_0
2025-05-08T21:01:41.684+05:30 DEBUG 4228 --- [OrderServiceApplication] [           main] org.hibernate.orm.sql.ast.create         : Registration of TableGroup [StandardTableGroup(com.OrderService.OrderServiceApplication.model.OrderLineItems)] with identifierForTableGroup [com.OrderService.OrderServiceApplication.model.OrderLineItems] for NavigablePath [com.OrderService.OrderServiceApplication.model.OrderLineItems] 
2025-05-08T21:01:41.684+05:30 DEBUG 4228 --- [OrderServiceApplication] [           main] org.hibernate.orm.results.graph.AST      : DomainResult Graph:
 \-EntityResultImpl [com.OrderService.OrderServiceApplication.model.OrderLineItems]
 |  +-BasicFetch [com.OrderService.OrderServiceApplication.model.OrderLineItems.item]
 |  +-BasicFetch [com.OrderService.OrderServiceApplication.model.OrderLineItems.price]
 |  +-BasicFetch [com.OrderService.OrderServiceApplication.model.OrderLineItems.quantity]
 |  \-BasicFetch [com.OrderService.OrderServiceApplication.model.OrderLineItems.skuCode]

2025-05-08T21:01:41.684+05:30 DEBUG 4228 --- [OrderServiceApplication] [           main] org.hibernate.orm.sql.ast.tree           : SQL AST Tree:
    SelectStatement {
      FromClause {
        StandardTableGroup (oli1 : com.OrderService.OrderServiceApplication.model.OrderLineItems) {
          primaryTableReference : order_line_items_table as oli1_0
        }
      }
    }

2025-05-08T21:01:41.685+05:30 DEBUG 4228 --- [OrderServiceApplication] [           main] o.h.p.entity.AbstractEntityPersister     : Static SQL for entity: com.OrderService.OrderServiceApplication.model.OrderLineItems
2025-05-08T21:01:41.685+05:30 DEBUG 4228 --- [OrderServiceApplication] [           main] o.h.p.entity.AbstractEntityPersister     :  Version select: select id from order_line_items_table where id=?
2025-05-08T21:01:41.685+05:30 DEBUG 4228 --- [OrderServiceApplication] [           main] o.h.p.entity.AbstractEntityPersister     :  Insert (0): insert into order_line_items_table (item,price,quantity,sku_code) values (?,?,?,?)
2025-05-08T21:01:41.685+05:30 DEBUG 4228 --- [OrderServiceApplication] [           main] o.h.p.entity.AbstractEntityPersister     :  Update (0): update order_line_items_table set item=?,price=?,quantity=?,sku_code=? where id=?
2025-05-08T21:01:41.685+05:30 DEBUG 4228 --- [OrderServiceApplication] [           main] o.h.p.entity.AbstractEntityPersister     :  Delete (0): delete from order_line_items_table where id=?
2025-05-08T21:01:41.688+05:30 DEBUG 4228 --- [OrderServiceApplication] [           main] org.hibernate.orm.sql.ast.create         : Created new SQL alias : olil1_0
2025-05-08T21:01:41.699+05:30 DEBUG 4228 --- [OrderServiceApplication] [           main] org.hibernate.orm.sql.ast.create         : Registration of TableGroup [CollectionTableGroup(com.OrderService.OrderServiceApplication.model.Order.orderLineItemsList)] with identifierForTableGroup [com.OrderService.OrderServiceApplication.model.Order.orderLineItemsList] for NavigablePath [com.OrderService.OrderServiceApplication.model.Order.orderLineItemsList] 
2025-05-08T21:01:41.700+05:30 DEBUG 4228 --- [OrderServiceApplication] [           main] org.hibernate.orm.sql.ast.create         : Registration of TableGroup [org.hibernate.sql.ast.tree.from.LazyTableGroup@6cd6698b] with identifierForTableGroup [com.OrderService.OrderServiceApplication.model.Order.orderLineItemsList.{element}] for NavigablePath [com.OrderService.OrderServiceApplication.model.Order.orderLineItemsList.{element}] 
2025-05-08T21:01:41.710+05:30 DEBUG 4228 --- [OrderServiceApplication] [           main] org.hibernate.orm.sql.ast.create         : Created new SQL alias : olil1_1
2025-05-08T21:01:41.715+05:30 DEBUG 4228 --- [OrderServiceApplication] [           main] org.hibernate.orm.results.graph.AST      : DomainResult Graph:
 \-CollectionDomainResult [com.OrderService.OrderServiceApplication.model.Order.orderLineItemsList]

2025-05-08T21:01:41.716+05:30 DEBUG 4228 --- [OrderServiceApplication] [           main] org.hibernate.orm.sql.ast.tree           : SQL AST Tree:
    SelectStatement {
      FromClause {
        CollectionTableGroup (olil1 : com.OrderService.OrderServiceApplication.model.Order.orderLineItemsList) {
          primaryTableReference : order_table_order_line_items_list as olil1_0
          TableGroupJoins {
             join LazyTableGroup (olil1 : com.OrderService.OrderServiceApplication.model.Order.orderLineItemsList.{element}) {
              primaryTableReference : order_line_items_table as olil1_1
            }
          }
        }
      }
    }

2025-05-08T21:01:41.720+05:30 DEBUG 4228 --- [OrderServiceApplication] [           main] org.hibernate.orm.jdbc.mutation          : Static SQL for collection: com.OrderService.OrderServiceApplication.model.Order.orderLineItemsList
2025-05-08T21:01:41.722+05:30 DEBUG 4228 --- [OrderServiceApplication] [           main] org.hibernate.orm.jdbc.mutation          :  Row insert: insert into order_table_order_line_items_list (order_id,order_line_items_list_id) values (?,?)
2025-05-08T21:01:41.724+05:30 DEBUG 4228 --- [OrderServiceApplication] [           main] org.hibernate.orm.jdbc.mutation          :  Row delete: delete from order_table_order_line_items_list where order_id=? and order_line_items_list_id=?
2025-05-08T21:01:41.725+05:30 DEBUG 4228 --- [OrderServiceApplication] [           main] org.hibernate.orm.jdbc.mutation          :  One-shot delete: delete from order_table_order_line_items_list where order_id=?
2025-05-08T21:01:41.784+05:30  INFO 4228 --- [OrderServiceApplication] [           main] o.h.e.t.j.p.i.JtaPlatformInitiator       : HHH000489: No JTA platform available (set 'hibernate.transaction.jta.platform' to enable JTA platform integration)
2025-05-08T21:01:41.784+05:30 DEBUG 4228 --- [OrderServiceApplication] [           main] o.h.type.spi.TypeConfiguration$Scope     : Scoping TypeConfiguration [org.hibernate.type.spi.TypeConfiguration@3316527e] to SessionFactoryImplementor [org.hibernate.internal.SessionFactoryImpl@6033f36c]
2025-05-08T21:01:41.786+05:30 DEBUG 4228 --- [OrderServiceApplication] [           main] o.h.query.named.NamedObjectRepository    : Checking 0 named HQL queries
2025-05-08T21:01:41.786+05:30 DEBUG 4228 --- [OrderServiceApplication] [           main] o.h.query.named.NamedObjectRepository    : Checking 0 named SQL queries
2025-05-08T21:01:41.995+05:30 DEBUG 4228 --- [OrderServiceApplication] [           main] org.hibernate.mapping.Table              : No alter strings for table : order_table
2025-05-08T21:01:41.995+05:30 DEBUG 4228 --- [OrderServiceApplication] [           main] org.hibernate.mapping.Table              : No alter strings for table : order_table_order_line_items_list
2025-05-08T21:01:41.996+05:30 DEBUG 4228 --- [OrderServiceApplication] [           main] org.hibernate.mapping.Table              : No alter strings for table : order_line_items_table
2025-05-08T21:01:42.070+05:30 DEBUG 4228 --- [OrderServiceApplication] [           main] o.h.internal.SessionFactoryRegistry      : Initializing SessionFactoryRegistry : org.hibernate.internal.SessionFactoryRegistry@25ee3caa
2025-05-08T21:01:42.070+05:30 DEBUG 4228 --- [OrderServiceApplication] [           main] o.h.internal.SessionFactoryRegistry      : Registering SessionFactory: bf66c5f5-c958-4958-ad7e-8519d9cdc4b9 (<unnamed>)
2025-05-08T21:01:42.070+05:30 DEBUG 4228 --- [OrderServiceApplication] [           main] o.h.internal.SessionFactoryRegistry      : Not binding SessionFactory to JNDI, no JNDI name configured
2025-05-08T21:01:42.070+05:30 DEBUG 4228 --- [OrderServiceApplication] [           main] o.hibernate.internal.SessionFactoryImpl  : Instantiated SessionFactory
2025-05-08T21:01:42.071+05:30  INFO 4228 --- [OrderServiceApplication] [           main] j.LocalContainerEntityManagerFactoryBean : Initialized JPA EntityManagerFactory for persistence unit 'default'
2025-05-08T21:01:42.497+05:30 DEBUG 4228 --- [OrderServiceApplication] [           main] o.h.stat.internal.StatisticsInitiator    : Statistics initialized [enabled=false]
2025-05-08T21:01:43.057+05:30  WARN 4228 --- [OrderServiceApplication] [           main] JpaBaseConfiguration$JpaWebConfiguration : spring.jpa.open-in-view is enabled by default. Therefore, database queries may be performed during view rendering. Explicitly configure spring.jpa.open-in-view to disable this warning
2025-05-08T21:01:43.958+05:30  INFO 4228 --- [OrderServiceApplication] [           main] c.O.O.OrderServiceApplicationTests       : Started OrderServiceApplicationTests in 12.751 seconds (process running for 15.232)
]]></system-out>
  </testcase>
</testsuite>