<?xml version="1.0" encoding="UTF-8"?>
<testsuite xmlns:xsi="http://www.w3.org/2001/XMLSchema-instance" xsi:noNamespaceSchemaLocation="https://maven.apache.org/surefire/maven-surefire-plugin/xsd/surefire-test-report.xsd" version="3.0.2" name="com.InventoryService.InventoryServiceApplication.InventoryServiceApplicationTests" time="18.003" tests="1" errors="0" skipped="0" failures="0">
  <properties>
[...]
</properties>
  <testcase name="contextLoads" classname="com.InventoryService.InventoryServiceApplication.InventoryServiceApplicationTests" time="1.671">
    <system-out><![CDATA[21:01:53.258 [main] INFO org.springframework.test.context.support.AnnotationConfigContextLoaderUtils -- Could not detect default configuration classes for test class [com.InventoryService.InventoryServiceApplication.InventoryServiceApplicationTests]: InventoryServiceApplicationTests does not declare any static, non-private, non-final, nested classes annotated with @Configuration.
21:01:53.535 [main] INFO org.springframework.boot.test.context.SpringBootTestContextBootstrapper -- Found @SpringBootConfiguration com.InventoryService.InventoryServiceApplication.InventoryServiceApplication for test class com.InventoryService.InventoryServiceApplication.InventoryServiceApplicationTests

  .   ____          _            __ _ _
 /\\ / ___'_ __ _ _(_)_ __  __ _ \ \ \ \
( ( )\___ | '_ | '_| | '_ \/ _` | \ \ \ \
 \\/  ___)| |_)| | | | | || (_| |  ) ) ) )
  '  |____| .__|_| |_|_| |_\__, | / / / /
 =========|_|==============|___/=/_/_/_/

 :: Spring Boot ::                (v3.4.5)

2025-05-08T21:01:54.875+05:30  INFO 2800 --- [InventoryServiceApplication] [           main] c.I.I.InventoryServiceApplicationTests   : Starting InventoryServiceApplicationTests using Java 17.0.12 with PID 2800 (started by LENOVO in D:\OnlineShoppingService\inventory-service)
2025-05-08T21:01:54.879+05:30 DEBUG 2800 --- [InventoryServiceApplication] [           main] c.I.I.InventoryServiceApplicationTests   : Running with Spring Boot v3.4.5, Spring v6.2.6
2025-05-08T21:01:54.881+05:30  INFO 2800 --- [InventoryServiceApplication] [           main] c.I.I.InventoryServiceApplicationTests   : No active profile set, falling back to 1 default profile: "default"
2025-05-08T21:01:54.882+05:30 DEBUG 2800 --- [InventoryServiceApplication] [           main] o.s.boot.SpringApplication               : Loading source class com.InventoryService.InventoryServiceApplication.InventoryServiceApplication
2025-05-08T21:01:54.989+05:30 DEBUG 2800 --- [InventoryServiceApplication] [           main] o.s.w.c.s.GenericWebApplicationContext   : Refreshing org.springframework.web.context.support.GenericWebApplicationContext@5f577419
2025-05-08T21:01:55.088+05:30 DEBUG 2800 --- [InventoryServiceApplication] [           main] o.s.b.f.s.DefaultListableBeanFactory     : Creating shared instance of singleton bean 'org.springframework.context.annotation.internalConfigurationAnnotationProcessor'
2025-05-08T21:01:55.154+05:30 DEBUG 2800 --- [InventoryServiceApplication] [           main] o.s.b.f.s.DefaultListableBeanFactory     : Creating shared instance of singleton bean 'org.springframework.boot.autoconfigure.internalCachingMetadataReaderFactory'
2025-05-08T21:01:55.310+05:30 DEBUG 2800 --- [InventoryServiceApplication] [           main] o.s.c.a.ClassPathBeanDefinitionScanner   : Identified candidate component class: file [D:\OnlineShoppingService\inventory-service\target\classes\com\InventoryService\InventoryServiceApplication\controller\InventoryController.class]
2025-05-08T21:01:55.330+05:30 DEBUG 2800 --- [InventoryServiceApplication] [           main] o.s.c.a.ClassPathBeanDefinitionScanner   : Identified candidate component class: file [D:\OnlineShoppingService\inventory-service\target\classes\com\InventoryService\InventoryServiceApplication\service\InventoryService.class]
2025-05-08T21:01:56.827+05:30  INFO 2800 --- [InventoryServiceApplication] [           main] .s.d.r.c.RepositoryConfigurationDelegate : Bootstrapping Spring Data JPA repositories in DEFAULT mode.
2025-05-08T21:01:56.852+05:30 DEBUG 2800 --- [InventoryServiceApplication] [           main] o.s.b.f.s.DefaultListableBeanFactory     : Creating shared instance of singleton bean 'org.springframework.boot.autoconfigure.AutoConfigurationPackages'
2025-05-08T21:01:56.868+05:30 DEBUG 2800 --- [InventoryServiceApplication] [           main] o.s.b.a.AutoConfigurationPackages        : @EnableAutoConfiguration was declared on a class in the package 'com.InventoryService.InventoryServiceApplication'. Automatic @Repository and @Entity scanning is enabled.
2025-05-08T21:01:56.870+05:30 DEBUG 2800 --- [InventoryServiceApplication] [           main] .s.d.r.c.RepositoryConfigurationDelegate : Scanning for JPA repositories in packages com.InventoryService.InventoryServiceApplication.
2025-05-08T21:01:56.891+05:30 DEBUG 2800 --- [InventoryServiceApplication] [           main] o.s.d.r.c.RepositoryComponentProvider    : Identified candidate component class: file [D:\OnlineShoppingService\inventory-service\target\classes\com\InventoryService\InventoryServiceApplication\repository\InventoryRepository.class]
2025-05-08T21:01:56.963+05:30  INFO 2800 --- [InventoryServiceApplication] [           main] .s.d.r.c.RepositoryConfigurationDelegate : Finished Spring Data repository scanning in 89 ms. Found 1 JPA repository interface.
2025-05-08T21:01:57.271+05:30 DEBUG 2800 --- [InventoryServiceApplication] [           main] o.s.b.f.s.DefaultListableBeanFactory     : Creating shared instance of singleton bean 'propertySourcesPlaceholderConfigurer'
2025-05-08T21:01:57.285+05:30 DEBUG 2800 --- [InventoryServiceApplication] [           main] o.s.b.f.s.DefaultListableBeanFactory     : Creating shared instance of singleton bean 'org.springframework.boot.test.mock.mockito.MockitoPostProcessor'
2025-05-08T21:01:57.288+05:30 DEBUG 2800 --- [InventoryServiceApplication] [           main] o.s.b.f.s.DefaultListableBeanFactory     : Creating shared instance of singleton bean 'emBeanDefinitionRegistrarPostProcessor'
2025-05-08T21:01:57.288+05:30 DEBUG 2800 --- [InventoryServiceApplication] [           main] o.s.b.f.s.DefaultListableBeanFactory     : Creating shared instance of singleton bean 'org.springframework.boot.sql.init.dependency.DatabaseInitializationDependencyConfigurer$DependsOnDatabaseInitializationPostProcessor'
2025-05-08T21:01:57.398+05:30 DEBUG 2800 --- [InventoryServiceApplication] [           main] o.s.b.f.s.DefaultListableBeanFactory     : Creating shared instance of singleton bean 'org.springframework.context.event.internalEventListenerProcessor'
2025-05-08T21:01:57.401+05:30 DEBUG 2800 --- [InventoryServiceApplication] [           main] o.s.b.f.s.DefaultListableBeanFactory     : Creating shared instance of singleton bean 'preserveErrorControllerTargetClassPostProcessor'
2025-05-08T21:01:57.405+05:30 DEBUG 2800 --- [InventoryServiceApplication] [           main] o.s.b.f.s.DefaultListableBeanFactory     : Creating shared instance of singleton bean 'org.springframework.context.event.internalEventListenerFactory'
2025-05-08T21:01:57.406+05:30 DEBUG 2800 --- [InventoryServiceApplication] [           main] o.s.b.f.s.DefaultListableBeanFactory     : Creating shared instance of singleton bean 'org.springframework.transaction.config.internalTransactionalEventListenerFactory'
2025-05-08T21:01:57.417+05:30 DEBUG 2800 --- [InventoryServiceApplication] [           main] o.s.b.f.s.DefaultListableBeanFactory     : Creating shared instance of singleton bean 'org.springframework.boot.test.mock.mockito.MockitoPostProcessor$SpyPostProcessor'
2025-05-08T21:01:57.420+05:30 DEBUG 2800 --- [InventoryServiceApplication] [           main] o.s.b.f.s.DefaultListableBeanFactory     : Creating shared instance of singleton bean 'org.springframework.context.annotation.internalAutowiredAnnotationProcessor'
2025-05-08T21:01:57.426+05:30 DEBUG 2800 --- [InventoryServiceApplication] [           main] o.s.b.f.s.DefaultListableBeanFactory     : Creating shared instance of singleton bean 'org.springframework.context.annotation.internalCommonAnnotationProcessor'
2025-05-08T21:01:57.441+05:30 DEBUG 2800 --- [InventoryServiceApplication] [           main] o.s.b.f.s.DefaultListableBeanFactory     : Creating shared instance of singleton bean 'org.springframework.context.annotation.internalPersistenceAnnotationProcessor'
2025-05-08T21:01:57.442+05:30 DEBUG 2800 --- [InventoryServiceApplication] [           main] o.s.b.f.s.DefaultListableBeanFactory     : Creating shared instance of singleton bean 'org.springframework.boot.context.properties.ConfigurationPropertiesBindingPostProcessor'
2025-05-08T21:01:57.443+05:30 DEBUG 2800 --- [InventoryServiceApplication] [           main] o.s.b.f.s.DefaultListableBeanFactory     : Creating shared instance of singleton bean 'org.springframework.boot.context.internalConfigurationPropertiesBinder'
2025-05-08T21:01:57.447+05:30 DEBUG 2800 --- [InventoryServiceApplication] [           main] o.s.b.f.s.DefaultListableBeanFactory     : Creating shared instance of singleton bean 'jdbcConnectionDetailsHikariBeanPostProcessor'
2025-05-08T21:01:57.453+05:30 DEBUG 2800 --- [InventoryServiceApplication] [           main] o.s.b.f.s.DefaultListableBeanFactory     : Creating shared instance of singleton bean 'org.springframework.aop.config.internalAutoProxyCreator'
2025-05-08T21:01:57.492+05:30 DEBUG 2800 --- [InventoryServiceApplication] [           main] o.s.b.f.s.DefaultListableBeanFactory     : Creating shared instance of singleton bean 'persistenceExceptionTranslationPostProcessor'
2025-05-08T21:01:57.510+05:30 DEBUG 2800 --- [InventoryServiceApplication] [           main] o.s.b.f.s.DefaultListableBeanFactory     : Autowiring by type from bean name 'persistenceExceptionTranslationPostProcessor' via factory method to bean named 'environment'
2025-05-08T21:01:57.524+05:30 DEBUG 2800 --- [InventoryServiceApplication] [           main] o.s.b.f.s.DefaultListableBeanFactory     : Creating shared instance of singleton bean 'webServerFactoryCustomizerBeanPostProcessor'
2025-05-08T21:01:57.527+05:30 DEBUG 2800 --- [InventoryServiceApplication] [           main] o.s.b.f.s.DefaultListableBeanFactory     : Creating shared instance of singleton bean 'errorPageRegistrarBeanPostProcessor'
2025-05-08T21:01:57.529+05:30 DEBUG 2800 --- [InventoryServiceApplication] [           main] o.s.b.f.s.DefaultListableBeanFactory     : Creating shared instance of singleton bean 'projectingArgumentResolverBeanPostProcessor'
2025-05-08T21:01:57.533+05:30 DEBUG 2800 --- [InventoryServiceApplication] [           main] o.s.b.f.s.DefaultListableBeanFactory     : Creating shared instance of singleton bean 'org.springframework.transaction.config.internalTransactionAdvisor'
2025-05-08T21:01:57.534+05:30 DEBUG 2800 --- [InventoryServiceApplication] [           main] o.s.b.f.s.DefaultListableBeanFactory     : Creating shared instance of singleton bean 'org.springframework.transaction.annotation.ProxyTransactionManagementConfiguration'
2025-05-08T21:01:57.589+05:30 DEBUG 2800 --- [InventoryServiceApplication] [           main] o.s.b.f.s.DefaultListableBeanFactory     : Creating shared instance of singleton bean 'transactionAttributeSource'
2025-05-08T21:01:57.595+05:30 DEBUG 2800 --- [InventoryServiceApplication] [           main] o.s.b.f.s.DefaultListableBeanFactory     : Creating shared instance of singleton bean 'transactionInterceptor'
2025-05-08T21:01:57.596+05:30 DEBUG 2800 --- [InventoryServiceApplication] [           main] o.s.b.f.s.DefaultListableBeanFactory     : Autowiring by type from bean name 'transactionInterceptor' via factory method to bean named 'transactionAttributeSource'
2025-05-08T21:01:57.611+05:30 DEBUG 2800 --- [InventoryServiceApplication] [           main] o.s.b.f.s.DefaultListableBeanFactory     : Autowiring by type from bean name 'org.springframework.transaction.config.internalTransactionAdvisor' via factory method to bean named 'transactionAttributeSource'
2025-05-08T21:01:57.613+05:30 DEBUG 2800 --- [InventoryServiceApplication] [           main] o.s.b.f.s.DefaultListableBeanFactory     : Autowiring by type from bean name 'org.springframework.transaction.config.internalTransactionAdvisor' via factory method to bean named 'transactionInterceptor'
2025-05-08T21:01:57.698+05:30 DEBUG 2800 --- [InventoryServiceApplication] [           main] o.s.u.c.s.UiApplicationContextUtils      : Unable to locate ThemeSource with name 'themeSource': using default [org.springframework.ui.context.support.ResourceBundleThemeSource@13dbed9e]
2025-05-08T21:01:57.700+05:30 DEBUG 2800 --- [InventoryServiceApplication] [           main] o.s.b.f.s.DefaultListableBeanFactory     : Creating shared instance of singleton bean 'org.springframework.test.context.support.internalDynamicPropertyRegistrarBeanInitializer'
2025-05-08T21:01:57.705+05:30 DEBUG 2800 --- [InventoryServiceApplication] [           main] o.s.b.f.s.DefaultListableBeanFactory     : Creating shared instance of singleton bean 'dataSourceScriptDatabaseInitializer'
2025-05-08T21:01:57.706+05:30 DEBUG 2800 --- [InventoryServiceApplication] [           main] o.s.b.f.s.DefaultListableBeanFactory     : Creating shared instance of singleton bean 'org.springframework.boot.autoconfigure.sql.init.DataSourceInitializationConfiguration'
2025-05-08T21:01:57.708+05:30 DEBUG 2800 --- [InventoryServiceApplication] [           main] o.s.b.f.s.DefaultListableBeanFactory     : Creating shared instance of singleton bean 'dataSource'
2025-05-08T21:01:57.709+05:30 DEBUG 2800 --- [InventoryServiceApplication] [           main] o.s.b.f.s.DefaultListableBeanFactory     : Creating shared instance of singleton bean 'org.springframework.boot.autoconfigure.jdbc.DataSourceConfiguration$Hikari'
2025-05-08T21:01:57.711+05:30 DEBUG 2800 --- [InventoryServiceApplication] [           main] o.s.b.f.s.DefaultListableBeanFactory     : Creating shared instance of singleton bean 'spring.datasource-org.springframework.boot.autoconfigure.jdbc.DataSourceProperties'
2025-05-08T21:01:57.714+05:30 DEBUG 2800 --- [InventoryServiceApplication] [           main] o.s.b.f.s.DefaultListableBeanFactory     : Creating shared instance of singleton bean 'org.springframework.boot.context.properties.BoundConfigurationProperties'
2025-05-08T21:01:57.744+05:30 DEBUG 2800 --- [InventoryServiceApplication] [           main] o.s.b.f.s.DefaultListableBeanFactory     : Creating shared instance of singleton bean 'jdbcConnectionDetails'
2025-05-08T21:01:57.745+05:30 DEBUG 2800 --- [InventoryServiceApplication] [           main] o.s.b.f.s.DefaultListableBeanFactory     : Creating shared instance of singleton bean 'org.springframework.boot.autoconfigure.jdbc.DataSourceAutoConfiguration$PooledDataSourceConfiguration'
2025-05-08T21:01:57.747+05:30 DEBUG 2800 --- [InventoryServiceApplication] [           main] o.s.b.f.s.DefaultListableBeanFactory     : Autowiring by type from bean name 'jdbcConnectionDetails' via factory method to bean named 'spring.datasource-org.springframework.boot.autoconfigure.jdbc.DataSourceProperties'
2025-05-08T21:01:57.753+05:30 DEBUG 2800 --- [InventoryServiceApplication] [           main] o.s.b.f.s.DefaultListableBeanFactory     : Autowiring by type from bean name 'dataSource' via factory method to bean named 'spring.datasource-org.springframework.boot.autoconfigure.jdbc.DataSourceProperties'
2025-05-08T21:01:57.754+05:30 DEBUG 2800 --- [InventoryServiceApplication] [           main] o.s.b.f.s.DefaultListableBeanFactory     : Autowiring by type from bean name 'dataSource' via factory method to bean named 'jdbcConnectionDetails'
2025-05-08T21:01:57.754+05:30 DEBUG 2800 --- [InventoryServiceApplication] [           main] o.s.b.f.s.DefaultListableBeanFactory     : Autowiring by type from bean name 'dataSource' via factory method to bean named 'environment'
2025-05-08T21:01:57.767+05:30 DEBUG 2800 --- [InventoryServiceApplication] [           main] com.zaxxer.hikari.HikariConfig           : Driver class com.mysql.cj.jdbc.Driver found in Thread context class loader jdk.internal.loader.ClassLoaders$AppClassLoader@73d16e93
2025-05-08T21:01:57.821+05:30 DEBUG 2800 --- [InventoryServiceApplication] [           main] o.s.b.f.s.DefaultListableBeanFactory     : Creating shared instance of singleton bean 'spring.sql.init-org.springframework.boot.autoconfigure.sql.init.SqlInitializationProperties'
2025-05-08T21:01:57.839+05:30 DEBUG 2800 --- [InventoryServiceApplication] [           main] o.s.b.f.s.DefaultListableBeanFactory     : Autowiring by type from bean name 'dataSourceScriptDatabaseInitializer' via factory method to bean named 'dataSource'
2025-05-08T21:01:57.842+05:30 DEBUG 2800 --- [InventoryServiceApplication] [           main] o.s.b.f.s.DefaultListableBeanFactory     : Autowiring by type from bean name 'dataSourceScriptDatabaseInitializer' via factory method to bean named 'spring.sql.init-org.springframework.boot.autoconfigure.sql.init.SqlInitializationProperties'
2025-05-08T21:01:57.894+05:30 DEBUG 2800 --- [InventoryServiceApplication] [           main] o.s.b.f.s.DefaultListableBeanFactory     : Creating shared instance of singleton bean 'entityManagerFactory'
2025-05-08T21:01:57.894+05:30 DEBUG 2800 --- [InventoryServiceApplication] [           main] o.s.b.f.s.DefaultListableBeanFactory     : Creating shared instance of singleton bean 'org.springframework.boot.autoconfigure.orm.jpa.HibernateJpaConfiguration'
2025-05-08T21:01:57.898+05:30 DEBUG 2800 --- [InventoryServiceApplication] [           main] o.s.b.f.s.DefaultListableBeanFactory     : Creating shared instance of singleton bean 'spring.jpa-org.springframework.boot.autoconfigure.orm.jpa.JpaProperties'
2025-05-08T21:01:57.935+05:30 DEBUG 2800 --- [InventoryServiceApplication] [           main] o.s.b.f.s.DefaultListableBeanFactory     : Creating shared instance of singleton bean 'spring.jpa.hibernate-org.springframework.boot.autoconfigure.orm.jpa.HibernateProperties'
2025-05-08T21:01:57.968+05:30 DEBUG 2800 --- [InventoryServiceApplication] [           main] o.s.b.f.s.DefaultListableBeanFactory     : Autowiring by type from bean name 'org.springframework.boot.autoconfigure.orm.jpa.HibernateJpaConfiguration' via constructor to bean named 'dataSource'
2025-05-08T21:01:57.969+05:30 DEBUG 2800 --- [InventoryServiceApplication] [           main] o.s.b.f.s.DefaultListableBeanFactory     : Autowiring by type from bean name 'org.springframework.boot.autoconfigure.orm.jpa.HibernateJpaConfiguration' via constructor to bean named 'spring.jpa-org.springframework.boot.autoconfigure.orm.jpa.JpaProperties'
2025-05-08T21:01:57.969+05:30 DEBUG 2800 --- [InventoryServiceApplication] [           main] o.s.b.f.s.DefaultListableBeanFactory     : Autowiring by type from bean name 'org.springframework.boot.autoconfigure.orm.jpa.HibernateJpaConfiguration' via constructor to bean named 'org.springframework.beans.factory.support.DefaultListableBeanFactory@1e6b9a95'
2025-05-08T21:01:57.969+05:30 DEBUG 2800 --- [InventoryServiceApplication] [           main] o.s.b.f.s.DefaultListableBeanFactory     : Autowiring by type from bean name 'org.springframework.boot.autoconfigure.orm.jpa.HibernateJpaConfiguration' via constructor to bean named 'spring.jpa.hibernate-org.springframework.boot.autoconfigure.orm.jpa.HibernateProperties'
2025-05-08T21:01:57.973+05:30 DEBUG 2800 --- [InventoryServiceApplication] [           main] o.s.b.f.s.DefaultListableBeanFactory     : Creating shared instance of singleton bean 'hikariPoolDataSourceMetadataProvider'
2025-05-08T21:01:57.974+05:30 DEBUG 2800 --- [InventoryServiceApplication] [           main] o.s.b.f.s.DefaultListableBeanFactory     : Creating shared instance of singleton bean 'org.springframework.boot.autoconfigure.jdbc.metadata.DataSourcePoolMetadataProvidersConfiguration$HikariPoolDataSourceMetadataProviderConfiguration'
2025-05-08T21:01:57.985+05:30 DEBUG 2800 --- [InventoryServiceApplication] [           main] o.s.b.f.s.DefaultListableBeanFactory     : Creating shared instance of singleton bean 'entityManagerFactoryBuilder'
2025-05-08T21:01:57.986+05:30 DEBUG 2800 --- [InventoryServiceApplication] [           main] o.s.b.f.s.DefaultListableBeanFactory     : Creating shared instance of singleton bean 'jpaVendorAdapter'
2025-05-08T21:01:58.017+05:30 DEBUG 2800 --- [InventoryServiceApplication] [           main] org.jboss.logging                        : Logging Provider: org.jboss.logging.Slf4jLoggerProvider found via system property
2025-05-08T21:01:58.024+05:30 DEBUG 2800 --- [InventoryServiceApplication] [           main] o.s.b.f.s.DefaultListableBeanFactory     : Autowiring by type from bean name 'entityManagerFactoryBuilder' via factory method to bean named 'jpaVendorAdapter'
2025-05-08T21:01:58.031+05:30 DEBUG 2800 --- [InventoryServiceApplication] [           main] o.s.b.f.s.DefaultListableBeanFactory     : Creating shared instance of singleton bean 'persistenceManagedTypes'
2025-05-08T21:01:58.033+05:30 DEBUG 2800 --- [InventoryServiceApplication] [           main] o.s.b.f.s.DefaultListableBeanFactory     : Autowiring by type from bean name 'persistenceManagedTypes' via factory method to bean named 'org.springframework.beans.factory.support.DefaultListableBeanFactory@1e6b9a95'
2025-05-08T21:01:58.033+05:30 DEBUG 2800 --- [InventoryServiceApplication] [           main] o.s.b.f.s.DefaultListableBeanFactory     : Autowiring by type from bean name 'persistenceManagedTypes' via factory method to bean named 'org.springframework.web.context.support.GenericWebApplicationContext@5f577419'
2025-05-08T21:01:58.083+05:30 DEBUG 2800 --- [InventoryServiceApplication] [           main] o.s.b.f.s.DefaultListableBeanFactory     : Autowiring by type from bean name 'entityManagerFactory' via factory method to bean named 'entityManagerFactoryBuilder'
2025-05-08T21:01:58.083+05:30 DEBUG 2800 --- [InventoryServiceApplication] [           main] o.s.b.f.s.DefaultListableBeanFactory     : Autowiring by type from bean name 'entityManagerFactory' via factory method to bean named 'persistenceManagedTypes'
2025-05-08T21:01:58.137+05:30 DEBUG 2800 --- [InventoryServiceApplication] [           main] j.LocalContainerEntityManagerFactoryBean : Building JPA container EntityManagerFactory for persistence unit 'default'
2025-05-08T21:01:58.218+05:30 DEBUG 2800 --- [InventoryServiceApplication] [           main] o.hibernate.jpa.internal.util.LogHelper  : PersistenceUnitInfo [
	name: default
	persistence provider classname: null
	classloader: jdk.internal.loader.ClassLoaders$AppClassLoader@73d16e93
	excludeUnlistedClasses: true
	JTA datasource: null
	Non JTA datasource: HikariDataSource (null)
	Transaction type: RESOURCE_LOCAL
	PU root URL: file:/D:/OnlineShoppingService/inventory-service/target/test-classes/
	Shared Cache Mode: UNSPECIFIED
	Validation Mode: AUTO
	Jar files URLs []
	Managed classes names [
		com.InventoryService.InventoryServiceApplication.model.Inventory]
	Mapping files names []
	Properties []
2025-05-08T21:01:58.272+05:30 DEBUG 2800 --- [InventoryServiceApplication] [           main] o.h.i.internal.IntegratorServiceImpl     : Adding Integrator [org.hibernate.boot.beanvalidation.BeanValidationIntegrator].
2025-05-08T21:01:58.278+05:30 DEBUG 2800 --- [InventoryServiceApplication] [           main] o.h.i.internal.IntegratorServiceImpl     : Adding Integrator [org.hibernate.cache.internal.CollectionCacheInvalidator].
2025-05-08T21:01:58.390+05:30  INFO 2800 --- [InventoryServiceApplication] [           main] org.hibernate.Version                    : HHH000412: Hibernate ORM core version 6.6.13.Final
2025-05-08T21:01:58.392+05:30 DEBUG 2800 --- [InventoryServiceApplication] [           main] org.hibernate.cfg.Environment            : HHH000206: 'hibernate.properties' not found
2025-05-08T21:01:58.451+05:30 DEBUG 2800 --- [InventoryServiceApplication] [           main] org.hibernate.orm.idgen.factory          : Registering IdentifierGenerator strategy [uuid2] -> [org.hibernate.id.UUIDGenerator]
2025-05-08T21:01:58.453+05:30 DEBUG 2800 --- [InventoryServiceApplication] [           main] org.hibernate.orm.idgen.factory          : Registering IdentifierGenerator strategy [guid] -> [org.hibernate.id.GUIDGenerator]
2025-05-08T21:01:58.455+05:30 DEBUG 2800 --- [InventoryServiceApplication] [           main] org.hibernate.orm.idgen.factory          : Registering IdentifierGenerator strategy [uuid] -> [org.hibernate.id.UUIDHexGenerator]
2025-05-08T21:01:58.456+05:30 DEBUG 2800 --- [InventoryServiceApplication] [           main] org.hibernate.orm.idgen.factory          : Registering IdentifierGenerator strategy [uuid.hex] -> [org.hibernate.id.UUIDHexGenerator]
2025-05-08T21:01:58.458+05:30 DEBUG 2800 --- [InventoryServiceApplication] [           main] org.hibernate.orm.idgen.factory          : Registering IdentifierGenerator strategy [assigned] -> [org.hibernate.id.Assigned]
2025-05-08T21:01:58.462+05:30 DEBUG 2800 --- [InventoryServiceApplication] [           main] org.hibernate.orm.idgen.factory          : Registering IdentifierGenerator strategy [identity] -> [org.hibernate.id.IdentityGenerator]
2025-05-08T21:01:58.464+05:30 DEBUG 2800 --- [InventoryServiceApplication] [           main] org.hibernate.orm.idgen.factory          : Registering IdentifierGenerator strategy [select] -> [org.hibernate.id.SelectGenerator]
2025-05-08T21:01:58.467+05:30 DEBUG 2800 --- [InventoryServiceApplication] [           main] org.hibernate.orm.idgen.factory          : Registering IdentifierGenerator strategy [sequence] -> [org.hibernate.id.enhanced.SequenceStyleGenerator]
2025-05-08T21:01:58.468+05:30 DEBUG 2800 --- [InventoryServiceApplication] [           main] org.hibernate.orm.idgen.factory          : Registering IdentifierGenerator strategy [increment] -> [org.hibernate.id.IncrementGenerator]
2025-05-08T21:01:58.471+05:30 DEBUG 2800 --- [InventoryServiceApplication] [           main] org.hibernate.orm.idgen.factory          : Registering IdentifierGenerator strategy [foreign] -> [org.hibernate.id.ForeignGenerator]
2025-05-08T21:01:58.471+05:30 DEBUG 2800 --- [InventoryServiceApplication] [           main] org.hibernate.orm.idgen.factory          : Registering IdentifierGenerator strategy [enhanced-sequence] -> [org.hibernate.id.enhanced.SequenceStyleGenerator]
2025-05-08T21:01:58.476+05:30 DEBUG 2800 --- [InventoryServiceApplication] [           main] org.hibernate.orm.idgen.factory          : Registering IdentifierGenerator strategy [enhanced-table] -> [org.hibernate.id.enhanced.TableGenerator]
2025-05-08T21:01:58.496+05:30  INFO 2800 --- [InventoryServiceApplication] [           main] o.h.c.internal.RegionFactoryInitiator    : HHH000026: Second-level cache disabled
2025-05-08T21:01:58.815+05:30 DEBUG 2800 --- [InventoryServiceApplication] [           main] org.hibernate.type.BasicTypeRegistry     : Adding type registration boolean -> org.hibernate.type.BasicTypeReference@741ac284
2025-05-08T21:01:58.815+05:30 DEBUG 2800 --- [InventoryServiceApplication] [           main] org.hibernate.type.BasicTypeRegistry     : Adding type registration boolean -> org.hibernate.type.BasicTypeReference@741ac284
2025-05-08T21:01:58.815+05:30 DEBUG 2800 --- [InventoryServiceApplication] [           main] org.hibernate.type.BasicTypeRegistry     : Adding type registration java.lang.Boolean -> org.hibernate.type.BasicTypeReference@741ac284
2025-05-08T21:01:58.815+05:30 DEBUG 2800 --- [InventoryServiceApplication] [           main] org.hibernate.type.BasicTypeRegistry     : Adding type registration numeric_boolean -> org.hibernate.type.BasicTypeReference@4ef4f627
2025-05-08T21:01:58.815+05:30 DEBUG 2800 --- [InventoryServiceApplication] [           main] org.hibernate.type.BasicTypeRegistry     : Adding type registration org.hibernate.type.NumericBooleanConverter -> org.hibernate.type.BasicTypeReference@4ef4f627
2025-05-08T21:01:58.816+05:30 DEBUG 2800 --- [InventoryServiceApplication] [           main] org.hibernate.type.BasicTypeRegistry     : Adding type registration true_false -> org.hibernate.type.BasicTypeReference@4ea56bdb
2025-05-08T21:01:58.816+05:30 DEBUG 2800 --- [InventoryServiceApplication] [           main] org.hibernate.type.BasicTypeRegistry     : Adding type registration org.hibernate.type.TrueFalseConverter -> org.hibernate.type.BasicTypeReference@4ea56bdb
2025-05-08T21:01:58.816+05:30 DEBUG 2800 --- [InventoryServiceApplication] [           main] org.hibernate.type.BasicTypeRegistry     : Adding type registration yes_no -> org.hibernate.type.BasicTypeReference@32227215
2025-05-08T21:01:58.816+05:30 DEBUG 2800 --- [InventoryServiceApplication] [           main] org.hibernate.type.BasicTypeRegistry     : Adding type registration org.hibernate.type.YesNoConverter -> org.hibernate.type.BasicTypeReference@32227215
2025-05-08T21:01:58.816+05:30 DEBUG 2800 --- [InventoryServiceApplication] [           main] org.hibernate.type.BasicTypeRegistry     : Adding type registration byte -> org.hibernate.type.BasicTypeReference@108e9837
2025-05-08T21:01:58.816+05:30 DEBUG 2800 --- [InventoryServiceApplication] [           main] org.hibernate.type.BasicTypeRegistry     : Adding type registration byte -> org.hibernate.type.BasicTypeReference@108e9837
2025-05-08T21:01:58.817+05:30 DEBUG 2800 --- [InventoryServiceApplication] [           main] org.hibernate.type.BasicTypeRegistry     : Adding type registration java.lang.Byte -> org.hibernate.type.BasicTypeReference@108e9837
2025-05-08T21:01:58.817+05:30 DEBUG 2800 --- [InventoryServiceApplication] [           main] org.hibernate.type.BasicTypeRegistry     : Adding type registration binary -> org.hibernate.type.BasicTypeReference@79a201cf
2025-05-08T21:01:58.817+05:30 DEBUG 2800 --- [InventoryServiceApplication] [           main] org.hibernate.type.BasicTypeRegistry     : Adding type registration byte[] -> org.hibernate.type.BasicTypeReference@79a201cf
2025-05-08T21:01:58.817+05:30 DEBUG 2800 --- [InventoryServiceApplication] [           main] org.hibernate.type.BasicTypeRegistry     : Adding type registration [B -> org.hibernate.type.BasicTypeReference@79a201cf
2025-05-08T21:01:58.817+05:30 DEBUG 2800 --- [InventoryServiceApplication] [           main] org.hibernate.type.BasicTypeRegistry     : Adding type registration binary_wrapper -> org.hibernate.type.BasicTypeReference@1cbc5693
2025-05-08T21:01:58.817+05:30 DEBUG 2800 --- [InventoryServiceApplication] [           main] org.hibernate.type.BasicTypeRegistry     : Adding type registration wrapper-binary -> org.hibernate.type.BasicTypeReference@1cbc5693
2025-05-08T21:01:58.818+05:30 DEBUG 2800 --- [InventoryServiceApplication] [           main] org.hibernate.type.BasicTypeRegistry     : Adding type registration image -> org.hibernate.type.BasicTypeReference@3d2f3dcb
2025-05-08T21:01:58.818+05:30 DEBUG 2800 --- [InventoryServiceApplication] [           main] org.hibernate.type.BasicTypeRegistry     : Adding type registration blob -> org.hibernate.type.BasicTypeReference@59845579
2025-05-08T21:01:58.818+05:30 DEBUG 2800 --- [InventoryServiceApplication] [           main] org.hibernate.type.BasicTypeRegistry     : Adding type registration java.sql.Blob -> org.hibernate.type.BasicTypeReference@59845579
2025-05-08T21:01:58.818+05:30 DEBUG 2800 --- [InventoryServiceApplication] [           main] org.hibernate.type.BasicTypeRegistry     : Adding type registration materialized_blob -> org.hibernate.type.BasicTypeReference@30c19bff
2025-05-08T21:01:58.819+05:30 DEBUG 2800 --- [InventoryServiceApplication] [           main] org.hibernate.type.BasicTypeRegistry     : Adding type registration materialized_blob_wrapper -> org.hibernate.type.BasicTypeReference@4e375bba
2025-05-08T21:01:58.819+05:30 DEBUG 2800 --- [InventoryServiceApplication] [           main] org.hibernate.type.BasicTypeRegistry     : Adding type registration short -> org.hibernate.type.BasicTypeReference@ab2e6d2
2025-05-08T21:01:58.819+05:30 DEBUG 2800 --- [InventoryServiceApplication] [           main] org.hibernate.type.BasicTypeRegistry     : Adding type registration short -> org.hibernate.type.BasicTypeReference@ab2e6d2
2025-05-08T21:01:58.819+05:30 DEBUG 2800 --- [InventoryServiceApplication] [           main] org.hibernate.type.BasicTypeRegistry     : Adding type registration java.lang.Short -> org.hibernate.type.BasicTypeReference@ab2e6d2
2025-05-08T21:01:58.820+05:30 DEBUG 2800 --- [InventoryServiceApplication] [           main] org.hibernate.type.BasicTypeRegistry     : Adding type registration integer -> org.hibernate.type.BasicTypeReference@71664560
2025-05-08T21:01:58.820+05:30 DEBUG 2800 --- [InventoryServiceApplication] [           main] org.hibernate.type.BasicTypeRegistry     : Adding type registration int -> org.hibernate.type.BasicTypeReference@71664560
2025-05-08T21:01:58.820+05:30 DEBUG 2800 --- [InventoryServiceApplication] [           main] org.hibernate.type.BasicTypeRegistry     : Adding type registration java.lang.Integer -> org.hibernate.type.BasicTypeReference@71664560
2025-05-08T21:01:58.820+05:30 DEBUG 2800 --- [InventoryServiceApplication] [           main] org.hibernate.type.BasicTypeRegistry     : Adding type registration long -> org.hibernate.type.BasicTypeReference@4d4436d0
2025-05-08T21:01:58.820+05:30 DEBUG 2800 --- [InventoryServiceApplication] [           main] org.hibernate.type.BasicTypeRegistry     : Adding type registration long -> org.hibernate.type.BasicTypeReference@4d4436d0
2025-05-08T21:01:58.821+05:30 DEBUG 2800 --- [InventoryServiceApplication] [           main] org.hibernate.type.BasicTypeRegistry     : Adding type registration java.lang.Long -> org.hibernate.type.BasicTypeReference@4d4436d0
2025-05-08T21:01:58.821+05:30 DEBUG 2800 --- [InventoryServiceApplication] [           main] org.hibernate.type.BasicTypeRegistry     : Adding type registration float -> org.hibernate.type.BasicTypeReference@39da5e49
2025-05-08T21:01:58.821+05:30 DEBUG 2800 --- [InventoryServiceApplication] [           main] org.hibernate.type.BasicTypeRegistry     : Adding type registration float -> org.hibernate.type.BasicTypeReference@39da5e49
2025-05-08T21:01:58.821+05:30 DEBUG 2800 --- [InventoryServiceApplication] [           main] org.hibernate.type.BasicTypeRegistry     : Adding type registration java.lang.Float -> org.hibernate.type.BasicTypeReference@39da5e49
2025-05-08T21:01:58.821+05:30 DEBUG 2800 --- [InventoryServiceApplication] [           main] org.hibernate.type.BasicTypeRegistry     : Adding type registration double -> org.hibernate.type.BasicTypeReference@2443abd6
2025-05-08T21:01:58.821+05:30 DEBUG 2800 --- [InventoryServiceApplication] [           main] org.hibernate.type.BasicTypeRegistry     : Adding type registration double -> org.hibernate.type.BasicTypeReference@2443abd6
2025-05-08T21:01:58.821+05:30 DEBUG 2800 --- [InventoryServiceApplication] [           main] org.hibernate.type.BasicTypeRegistry     : Adding type registration java.lang.Double -> org.hibernate.type.BasicTypeReference@2443abd6
2025-05-08T21:01:58.821+05:30 DEBUG 2800 --- [InventoryServiceApplication] [           main] org.hibernate.type.BasicTypeRegistry     : Adding type registration big_integer -> org.hibernate.type.BasicTypeReference@674da77b
2025-05-08T21:01:58.822+05:30 DEBUG 2800 --- [InventoryServiceApplication] [           main] org.hibernate.type.BasicTypeRegistry     : Adding type registration java.math.BigInteger -> org.hibernate.type.BasicTypeReference@674da77b
2025-05-08T21:01:58.822+05:30 DEBUG 2800 --- [InventoryServiceApplication] [           main] org.hibernate.type.BasicTypeRegistry     : Adding type registration big_decimal -> org.hibernate.type.BasicTypeReference@bd3eff4
2025-05-08T21:01:58.822+05:30 DEBUG 2800 --- [InventoryServiceApplication] [           main] org.hibernate.type.BasicTypeRegistry     : Adding type registration java.math.BigDecimal -> org.hibernate.type.BasicTypeReference@bd3eff4
2025-05-08T21:01:58.822+05:30 DEBUG 2800 --- [InventoryServiceApplication] [           main] org.hibernate.type.BasicTypeRegistry     : Adding type registration character -> org.hibernate.type.BasicTypeReference@6010d0d1
2025-05-08T21:01:58.822+05:30 DEBUG 2800 --- [InventoryServiceApplication] [           main] org.hibernate.type.BasicTypeRegistry     : Adding type registration char -> org.hibernate.type.BasicTypeReference@6010d0d1
2025-05-08T21:01:58.823+05:30 DEBUG 2800 --- [InventoryServiceApplication] [           main] org.hibernate.type.BasicTypeRegistry     : Adding type registration java.lang.Character -> org.hibernate.type.BasicTypeReference@6010d0d1
2025-05-08T21:01:58.823+05:30 DEBUG 2800 --- [InventoryServiceApplication] [           main] org.hibernate.type.BasicTypeRegistry     : Adding type registration character_nchar -> org.hibernate.type.BasicTypeReference@5934ca1e
2025-05-08T21:01:58.823+05:30 DEBUG 2800 --- [InventoryServiceApplication] [           main] org.hibernate.type.BasicTypeRegistry     : Adding type registration string -> org.hibernate.type.BasicTypeReference@5348d83c
2025-05-08T21:01:58.823+05:30 DEBUG 2800 --- [InventoryServiceApplication] [           main] org.hibernate.type.BasicTypeRegistry     : Adding type registration java.lang.String -> org.hibernate.type.BasicTypeReference@5348d83c
2025-05-08T21:01:58.823+05:30 DEBUG 2800 --- [InventoryServiceApplication] [           main] org.hibernate.type.BasicTypeRegistry     : Adding type registration nstring -> org.hibernate.type.BasicTypeReference@477021ee
2025-05-08T21:01:58.823+05:30 DEBUG 2800 --- [InventoryServiceApplication] [           main] org.hibernate.type.BasicTypeRegistry     : Adding type registration characters -> org.hibernate.type.BasicTypeReference@2180e789
2025-05-08T21:01:58.823+05:30 DEBUG 2800 --- [InventoryServiceApplication] [           main] org.hibernate.type.BasicTypeRegistry     : Adding type registration char[] -> org.hibernate.type.BasicTypeReference@2180e789
2025-05-08T21:01:58.824+05:30 DEBUG 2800 --- [InventoryServiceApplication] [           main] org.hibernate.type.BasicTypeRegistry     : Adding type registration [C -> org.hibernate.type.BasicTypeReference@2180e789
2025-05-08T21:01:58.824+05:30 DEBUG 2800 --- [InventoryServiceApplication] [           main] org.hibernate.type.BasicTypeRegistry     : Adding type registration wrapper-characters -> org.hibernate.type.BasicTypeReference@5e9bbd9d
2025-05-08T21:01:58.824+05:30 DEBUG 2800 --- [InventoryServiceApplication] [           main] org.hibernate.type.BasicTypeRegistry     : Adding type registration text -> org.hibernate.type.BasicTypeReference@4b87074a
2025-05-08T21:01:58.824+05:30 DEBUG 2800 --- [InventoryServiceApplication] [           main] org.hibernate.type.BasicTypeRegistry     : Adding type registration ntext -> org.hibernate.type.BasicTypeReference@d3e3085
2025-05-08T21:01:58.824+05:30 DEBUG 2800 --- [InventoryServiceApplication] [           main] org.hibernate.type.BasicTypeRegistry     : Adding type registration clob -> org.hibernate.type.BasicTypeReference@2ba42204
2025-05-08T21:01:58.824+05:30 DEBUG 2800 --- [InventoryServiceApplication] [           main] org.hibernate.type.BasicTypeRegistry     : Adding type registration java.sql.Clob -> org.hibernate.type.BasicTypeReference@2ba42204
2025-05-08T21:01:58.825+05:30 DEBUG 2800 --- [InventoryServiceApplication] [           main] org.hibernate.type.BasicTypeRegistry     : Adding type registration nclob -> org.hibernate.type.BasicTypeReference@285005b8
2025-05-08T21:01:58.825+05:30 DEBUG 2800 --- [InventoryServiceApplication] [           main] org.hibernate.type.BasicTypeRegistry     : Adding type registration java.sql.NClob -> org.hibernate.type.BasicTypeReference@285005b8
2025-05-08T21:01:58.825+05:30 DEBUG 2800 --- [InventoryServiceApplication] [           main] org.hibernate.type.BasicTypeRegistry     : Adding type registration materialized_clob -> org.hibernate.type.BasicTypeReference@5b1efaaf
2025-05-08T21:01:58.825+05:30 DEBUG 2800 --- [InventoryServiceApplication] [           main] org.hibernate.type.BasicTypeRegistry     : Adding type registration materialized_clob_char_array -> org.hibernate.type.BasicTypeReference@27585351
2025-05-08T21:01:58.825+05:30 DEBUG 2800 --- [InventoryServiceApplication] [           main] org.hibernate.type.BasicTypeRegistry     : Adding type registration materialized_clob_character_array -> org.hibernate.type.BasicTypeReference@2de6f1bc
2025-05-08T21:01:58.825+05:30 DEBUG 2800 --- [InventoryServiceApplication] [           main] org.hibernate.type.BasicTypeRegistry     : Adding type registration materialized_nclob -> org.hibernate.type.BasicTypeReference@5b35c7d
2025-05-08T21:01:58.825+05:30 DEBUG 2800 --- [InventoryServiceApplication] [           main] org.hibernate.type.BasicTypeRegistry     : Adding type registration materialized_nclob_character_array -> org.hibernate.type.BasicTypeReference@29d405e6
2025-05-08T21:01:58.826+05:30 DEBUG 2800 --- [InventoryServiceApplication] [           main] org.hibernate.type.BasicTypeRegistry     : Adding type registration materialized_nclob_char_array -> org.hibernate.type.BasicTypeReference@4c731956
2025-05-08T21:01:58.826+05:30 DEBUG 2800 --- [InventoryServiceApplication] [           main] org.hibernate.type.BasicTypeRegistry     : Adding type registration Duration -> org.hibernate.type.BasicTypeReference@56826a75
2025-05-08T21:01:58.826+05:30 DEBUG 2800 --- [InventoryServiceApplication] [           main] org.hibernate.type.BasicTypeRegistry     : Adding type registration java.time.Duration -> org.hibernate.type.BasicTypeReference@56826a75
2025-05-08T21:01:58.826+05:30 DEBUG 2800 --- [InventoryServiceApplication] [           main] org.hibernate.type.BasicTypeRegistry     : Adding type registration LocalDateTime -> org.hibernate.type.BasicTypeReference@49cd946c
2025-05-08T21:01:58.826+05:30 DEBUG 2800 --- [InventoryServiceApplication] [           main] org.hibernate.type.BasicTypeRegistry     : Adding type registration java.time.LocalDateTime -> org.hibernate.type.BasicTypeReference@49cd946c
2025-05-08T21:01:58.826+05:30 DEBUG 2800 --- [InventoryServiceApplication] [           main] org.hibernate.type.BasicTypeRegistry     : Adding type registration LocalDate -> org.hibernate.type.BasicTypeReference@40bf4386
2025-05-08T21:01:58.826+05:30 DEBUG 2800 --- [InventoryServiceApplication] [           main] org.hibernate.type.BasicTypeRegistry     : Adding type registration java.time.LocalDate -> org.hibernate.type.BasicTypeReference@40bf4386
2025-05-08T21:01:58.826+05:30 DEBUG 2800 --- [InventoryServiceApplication] [           main] org.hibernate.type.BasicTypeRegistry     : Adding type registration LocalTime -> org.hibernate.type.BasicTypeReference@14d25b6e
2025-05-08T21:01:58.827+05:30 DEBUG 2800 --- [InventoryServiceApplication] [           main] org.hibernate.type.BasicTypeRegistry     : Adding type registration java.time.LocalTime -> org.hibernate.type.BasicTypeReference@14d25b6e
2025-05-08T21:01:58.827+05:30 DEBUG 2800 --- [InventoryServiceApplication] [           main] org.hibernate.type.BasicTypeRegistry     : Adding type registration OffsetDateTime -> org.hibernate.type.BasicTypeReference@51c65a43
2025-05-08T21:01:58.827+05:30 DEBUG 2800 --- [InventoryServiceApplication] [           main] org.hibernate.type.BasicTypeRegistry     : Adding type registration java.time.OffsetDateTime -> org.hibernate.type.BasicTypeReference@51c65a43
2025-05-08T21:01:58.827+05:30 DEBUG 2800 --- [InventoryServiceApplication] [           main] org.hibernate.type.BasicTypeRegistry     : Adding type registration OffsetDateTimeWithTimezone -> org.hibernate.type.BasicTypeReference@740dcae3
2025-05-08T21:01:58.827+05:30 DEBUG 2800 --- [InventoryServiceApplication] [           main] org.hibernate.type.BasicTypeRegistry     : Adding type registration OffsetDateTimeWithoutTimezone -> org.hibernate.type.BasicTypeReference@4e140497
2025-05-08T21:01:58.827+05:30 DEBUG 2800 --- [InventoryServiceApplication] [           main] org.hibernate.type.BasicTypeRegistry     : Adding type registration OffsetTime -> org.hibernate.type.BasicTypeReference@481b2f10
2025-05-08T21:01:58.827+05:30 DEBUG 2800 --- [InventoryServiceApplication] [           main] org.hibernate.type.BasicTypeRegistry     : Adding type registration java.time.OffsetTime -> org.hibernate.type.BasicTypeReference@481b2f10
2025-05-08T21:01:58.827+05:30 DEBUG 2800 --- [InventoryServiceApplication] [           main] org.hibernate.type.BasicTypeRegistry     : Adding type registration OffsetTimeUtc -> org.hibernate.type.BasicTypeReference@2b6c7012
2025-05-08T21:01:58.828+05:30 DEBUG 2800 --- [InventoryServiceApplication] [           main] org.hibernate.type.BasicTypeRegistry     : Adding type registration OffsetTimeWithTimezone -> org.hibernate.type.BasicTypeReference@31acfd4e
2025-05-08T21:01:58.828+05:30 DEBUG 2800 --- [InventoryServiceApplication] [           main] org.hibernate.type.BasicTypeRegistry     : Adding type registration OffsetTimeWithoutTimezone -> org.hibernate.type.BasicTypeReference@5f726750
2025-05-08T21:01:58.828+05:30 DEBUG 2800 --- [InventoryServiceApplication] [           main] org.hibernate.type.BasicTypeRegistry     : Adding type registration ZonedDateTime -> org.hibernate.type.BasicTypeReference@4e80a001
2025-05-08T21:01:58.828+05:30 DEBUG 2800 --- [InventoryServiceApplication] [           main] org.hibernate.type.BasicTypeRegistry     : Adding type registration java.time.ZonedDateTime -> org.hibernate.type.BasicTypeReference@4e80a001
2025-05-08T21:01:58.828+05:30 DEBUG 2800 --- [InventoryServiceApplication] [           main] org.hibernate.type.BasicTypeRegistry     : Adding type registration ZonedDateTimeWithTimezone -> org.hibernate.type.BasicTypeReference@624b523
2025-05-08T21:01:58.828+05:30 DEBUG 2800 --- [InventoryServiceApplication] [           main] org.hibernate.type.BasicTypeRegistry     : Adding type registration ZonedDateTimeWithoutTimezone -> org.hibernate.type.BasicTypeReference@50b46e24
2025-05-08T21:01:58.828+05:30 DEBUG 2800 --- [InventoryServiceApplication] [           main] org.hibernate.type.BasicTypeRegistry     : Adding type registration date -> org.hibernate.type.BasicTypeReference@1c30cb85
2025-05-08T21:01:58.829+05:30 DEBUG 2800 --- [InventoryServiceApplication] [           main] org.hibernate.type.BasicTypeRegistry     : Adding type registration java.sql.Date -> org.hibernate.type.BasicTypeReference@1c30cb85
2025-05-08T21:01:58.829+05:30 DEBUG 2800 --- [InventoryServiceApplication] [           main] org.hibernate.type.BasicTypeRegistry     : Adding type registration time -> org.hibernate.type.BasicTypeReference@577bf0aa
2025-05-08T21:01:58.829+05:30 DEBUG 2800 --- [InventoryServiceApplication] [           main] org.hibernate.type.BasicTypeRegistry     : Adding type registration java.sql.Time -> org.hibernate.type.BasicTypeReference@577bf0aa
2025-05-08T21:01:58.829+05:30 DEBUG 2800 --- [InventoryServiceApplication] [           main] org.hibernate.type.BasicTypeRegistry     : Adding type registration timestamp -> org.hibernate.type.BasicTypeReference@7455dacb
2025-05-08T21:01:58.829+05:30 DEBUG 2800 --- [InventoryServiceApplication] [           main] org.hibernate.type.BasicTypeRegistry     : Adding type registration java.sql.Timestamp -> org.hibernate.type.BasicTypeReference@7455dacb
2025-05-08T21:01:58.830+05:30 DEBUG 2800 --- [InventoryServiceApplication] [           main] org.hibernate.type.BasicTypeRegistry     : Adding type registration java.util.Date -> org.hibernate.type.BasicTypeReference@7455dacb
2025-05-08T21:01:58.830+05:30 DEBUG 2800 --- [InventoryServiceApplication] [           main] org.hibernate.type.BasicTypeRegistry     : Adding type registration calendar -> org.hibernate.type.BasicTypeReference@7634f2b
2025-05-08T21:01:58.830+05:30 DEBUG 2800 --- [InventoryServiceApplication] [           main] org.hibernate.type.BasicTypeRegistry     : Adding type registration java.util.Calendar -> org.hibernate.type.BasicTypeReference@7634f2b
2025-05-08T21:01:58.830+05:30 DEBUG 2800 --- [InventoryServiceApplication] [           main] org.hibernate.type.BasicTypeRegistry     : Adding type registration java.util.GregorianCalendar -> org.hibernate.type.BasicTypeReference@7634f2b
2025-05-08T21:01:58.830+05:30 DEBUG 2800 --- [InventoryServiceApplication] [           main] org.hibernate.type.BasicTypeRegistry     : Adding type registration calendar_date -> org.hibernate.type.BasicTypeReference@1d15c0a1
2025-05-08T21:01:58.831+05:30 DEBUG 2800 --- [InventoryServiceApplication] [           main] org.hibernate.type.BasicTypeRegistry     : Adding type registration calendar_time -> org.hibernate.type.BasicTypeReference@15639d09
2025-05-08T21:01:58.831+05:30 DEBUG 2800 --- [InventoryServiceApplication] [           main] org.hibernate.type.BasicTypeRegistry     : Adding type registration instant -> org.hibernate.type.BasicTypeReference@4fba8eec
2025-05-08T21:01:58.831+05:30 DEBUG 2800 --- [InventoryServiceApplication] [           main] org.hibernate.type.BasicTypeRegistry     : Adding type registration java.time.Instant -> org.hibernate.type.BasicTypeReference@4fba8eec
2025-05-08T21:01:58.831+05:30 DEBUG 2800 --- [InventoryServiceApplication] [           main] org.hibernate.type.BasicTypeRegistry     : Adding type registration uuid -> org.hibernate.type.BasicTypeReference@52bd9a27
2025-05-08T21:01:58.831+05:30 DEBUG 2800 --- [InventoryServiceApplication] [           main] org.hibernate.type.BasicTypeRegistry     : Adding type registration java.util.UUID -> org.hibernate.type.BasicTypeReference@52bd9a27
2025-05-08T21:01:58.832+05:30 DEBUG 2800 --- [InventoryServiceApplication] [           main] org.hibernate.type.BasicTypeRegistry     : Adding type registration pg-uuid -> org.hibernate.type.BasicTypeReference@52bd9a27
2025-05-08T21:01:58.832+05:30 DEBUG 2800 --- [InventoryServiceApplication] [           main] org.hibernate.type.BasicTypeRegistry     : Adding type registration uuid-binary -> org.hibernate.type.BasicTypeReference@611e5819
2025-05-08T21:01:58.832+05:30 DEBUG 2800 --- [InventoryServiceApplication] [           main] org.hibernate.type.BasicTypeRegistry     : Adding type registration uuid-char -> org.hibernate.type.BasicTypeReference@681c0ae6
2025-05-08T21:01:58.832+05:30 DEBUG 2800 --- [InventoryServiceApplication] [           main] org.hibernate.type.BasicTypeRegistry     : Adding type registration class -> org.hibernate.type.BasicTypeReference@73ca34e7
2025-05-08T21:01:58.832+05:30 DEBUG 2800 --- [InventoryServiceApplication] [           main] org.hibernate.type.BasicTypeRegistry     : Adding type registration java.lang.Class -> org.hibernate.type.BasicTypeReference@73ca34e7
2025-05-08T21:01:58.833+05:30 DEBUG 2800 --- [InventoryServiceApplication] [           main] org.hibernate.type.BasicTypeRegistry     : Adding type registration currency -> org.hibernate.type.BasicTypeReference@4d98e41b
2025-05-08T21:01:58.833+05:30 DEBUG 2800 --- [InventoryServiceApplication] [           main] org.hibernate.type.BasicTypeRegistry     : Adding type registration Currency -> org.hibernate.type.BasicTypeReference@4d98e41b
2025-05-08T21:01:58.833+05:30 DEBUG 2800 --- [InventoryServiceApplication] [           main] org.hibernate.type.BasicTypeRegistry     : Adding type registration java.util.Currency -> org.hibernate.type.BasicTypeReference@4d98e41b
2025-05-08T21:01:58.833+05:30 DEBUG 2800 --- [InventoryServiceApplication] [           main] org.hibernate.type.BasicTypeRegistry     : Adding type registration locale -> org.hibernate.type.BasicTypeReference@5ed5b321
2025-05-08T21:01:58.833+05:30 DEBUG 2800 --- [InventoryServiceApplication] [           main] org.hibernate.type.BasicTypeRegistry     : Adding type registration java.util.Locale -> org.hibernate.type.BasicTypeReference@5ed5b321
2025-05-08T21:01:58.834+05:30 DEBUG 2800 --- [InventoryServiceApplication] [           main] org.hibernate.type.BasicTypeRegistry     : Adding type registration serializable -> org.hibernate.type.BasicTypeReference@5696c927
2025-05-08T21:01:58.834+05:30 DEBUG 2800 --- [InventoryServiceApplication] [           main] org.hibernate.type.BasicTypeRegistry     : Adding type registration java.io.Serializable -> org.hibernate.type.BasicTypeReference@5696c927
2025-05-08T21:01:58.834+05:30 DEBUG 2800 --- [InventoryServiceApplication] [           main] org.hibernate.type.BasicTypeRegistry     : Adding type registration timezone -> org.hibernate.type.BasicTypeReference@7459a21e
2025-05-08T21:01:58.834+05:30 DEBUG 2800 --- [InventoryServiceApplication] [           main] org.hibernate.type.BasicTypeRegistry     : Adding type registration java.util.TimeZone -> org.hibernate.type.BasicTypeReference@7459a21e
2025-05-08T21:01:58.834+05:30 DEBUG 2800 --- [InventoryServiceApplication] [           main] org.hibernate.type.BasicTypeRegistry     : Adding type registration ZoneOffset -> org.hibernate.type.BasicTypeReference@7eeb38b2
2025-05-08T21:01:58.835+05:30 DEBUG 2800 --- [InventoryServiceApplication] [           main] org.hibernate.type.BasicTypeRegistry     : Adding type registration java.time.ZoneOffset -> org.hibernate.type.BasicTypeReference@7eeb38b2
2025-05-08T21:01:58.835+05:30 DEBUG 2800 --- [InventoryServiceApplication] [           main] org.hibernate.type.BasicTypeRegistry     : Adding type registration url -> org.hibernate.type.BasicTypeReference@d54d0f5
2025-05-08T21:01:58.835+05:30 DEBUG 2800 --- [InventoryServiceApplication] [           main] org.hibernate.type.BasicTypeRegistry     : Adding type registration java.net.URL -> org.hibernate.type.BasicTypeReference@d54d0f5
2025-05-08T21:01:58.835+05:30 DEBUG 2800 --- [InventoryServiceApplication] [           main] org.hibernate.type.BasicTypeRegistry     : Adding type registration vector -> org.hibernate.type.BasicTypeReference@6d6bff89
2025-05-08T21:01:58.835+05:30 DEBUG 2800 --- [InventoryServiceApplication] [           main] org.hibernate.type.BasicTypeRegistry     : Adding type registration float_vector -> org.hibernate.type.BasicTypeReference@541bf968
2025-05-08T21:01:58.836+05:30 DEBUG 2800 --- [InventoryServiceApplication] [           main] org.hibernate.type.BasicTypeRegistry     : Adding type registration double_vector -> org.hibernate.type.BasicTypeReference@739265f1
2025-05-08T21:01:58.836+05:30 DEBUG 2800 --- [InventoryServiceApplication] [           main] org.hibernate.type.BasicTypeRegistry     : Adding type registration byte_vector -> org.hibernate.type.BasicTypeReference@58eac00e
2025-05-08T21:01:58.836+05:30 DEBUG 2800 --- [InventoryServiceApplication] [           main] org.hibernate.type.BasicTypeRegistry     : Adding type registration row_version -> org.hibernate.type.BasicTypeReference@6acffb2d
2025-05-08T21:01:58.845+05:30 DEBUG 2800 --- [InventoryServiceApplication] [           main] org.hibernate.type.BasicTypeRegistry     : Adding type registration object -> org.hibernate.type.JavaObjectType@c1e14f
2025-05-08T21:01:58.845+05:30 DEBUG 2800 --- [InventoryServiceApplication] [           main] org.hibernate.type.BasicTypeRegistry     : Adding type registration java.lang.Object -> org.hibernate.type.JavaObjectType@c1e14f
2025-05-08T21:01:58.847+05:30 DEBUG 2800 --- [InventoryServiceApplication] [           main] org.hibernate.type.BasicTypeRegistry     : Adding type registration null -> org.hibernate.type.NullType@415a3f6a
2025-05-08T21:01:58.848+05:30 DEBUG 2800 --- [InventoryServiceApplication] [           main] org.hibernate.type.BasicTypeRegistry     : Adding type registration imm_date -> org.hibernate.type.BasicTypeReference@a54acec
2025-05-08T21:01:58.848+05:30 DEBUG 2800 --- [InventoryServiceApplication] [           main] org.hibernate.type.BasicTypeRegistry     : Adding type registration imm_time -> org.hibernate.type.BasicTypeReference@19da993b
2025-05-08T21:01:58.848+05:30 DEBUG 2800 --- [InventoryServiceApplication] [           main] org.hibernate.type.BasicTypeRegistry     : Adding type registration imm_timestamp -> org.hibernate.type.BasicTypeReference@3380ca3d
2025-05-08T21:01:58.848+05:30 DEBUG 2800 --- [InventoryServiceApplication] [           main] org.hibernate.type.BasicTypeRegistry     : Adding type registration imm_calendar -> org.hibernate.type.BasicTypeReference@23310248
2025-05-08T21:01:58.848+05:30 DEBUG 2800 --- [InventoryServiceApplication] [           main] org.hibernate.type.BasicTypeRegistry     : Adding type registration imm_calendar_date -> org.hibernate.type.BasicTypeReference@c2df90e
2025-05-08T21:01:58.848+05:30 DEBUG 2800 --- [InventoryServiceApplication] [           main] org.hibernate.type.BasicTypeRegistry     : Adding type registration imm_calendar_time -> org.hibernate.type.BasicTypeReference@41f3aaf1
2025-05-08T21:01:58.848+05:30 DEBUG 2800 --- [InventoryServiceApplication] [           main] org.hibernate.type.BasicTypeRegistry     : Adding type registration imm_binary -> org.hibernate.type.BasicTypeReference@741741d0
2025-05-08T21:01:58.849+05:30 DEBUG 2800 --- [InventoryServiceApplication] [           main] org.hibernate.type.BasicTypeRegistry     : Adding type registration imm_serializable -> org.hibernate.type.BasicTypeReference@5f9f3e58
2025-05-08T21:01:58.857+05:30 DEBUG 2800 --- [InventoryServiceApplication] [           main] o.h.boot.internal.BootstrapContextImpl   : Injecting JPA temp ClassLoader [org.springframework.instrument.classloading.SimpleThrowawayClassLoader@32256e68] into BootstrapContext; was [null]
2025-05-08T21:01:58.857+05:30 DEBUG 2800 --- [InventoryServiceApplication] [           main] o.h.boot.internal.ClassLoaderAccessImpl  : ClassLoaderAccessImpl#injectTempClassLoader(org.springframework.instrument.classloading.SimpleThrowawayClassLoader@32256e68) [was null]
2025-05-08T21:01:58.858+05:30 DEBUG 2800 --- [InventoryServiceApplication] [           main] o.h.boot.internal.BootstrapContextImpl   : Injecting ScanEnvironment [org.hibernate.jpa.boot.internal.StandardJpaScanEnvironmentImpl@71560f51] into BootstrapContext; was [null]
2025-05-08T21:01:58.858+05:30 DEBUG 2800 --- [InventoryServiceApplication] [           main] o.h.boot.internal.BootstrapContextImpl   : Injecting ScanOptions [org.hibernate.boot.archive.scan.internal.StandardScanOptions@3e1f1046] into BootstrapContext; was [org.hibernate.boot.archive.scan.internal.StandardScanOptions@23e3f5cd]
2025-05-08T21:01:58.890+05:30 DEBUG 2800 --- [InventoryServiceApplication] [           main] o.h.j.b.i.PersistenceUnitInfoDescriptor  : Pushing class transformers for PU named 'default' on loading classloader jdk.internal.loader.ClassLoaders$AppClassLoader@73d16e93
2025-05-08T21:01:59.812+05:30  INFO 2800 --- [InventoryServiceApplication] [           main] o.s.o.j.p.SpringPersistenceUnitInfo      : No LoadTimeWeaver setup: ignoring JPA class transformer
2025-05-08T21:01:59.812+05:30 DEBUG 2800 --- [InventoryServiceApplication] [           main] o.h.boot.internal.BootstrapContextImpl   : Injecting JPA temp ClassLoader [null] into BootstrapContext; was [org.springframework.instrument.classloading.SimpleThrowawayClassLoader@32256e68]
2025-05-08T21:01:59.812+05:30 DEBUG 2800 --- [InventoryServiceApplication] [           main] o.h.boot.internal.ClassLoaderAccessImpl  : ClassLoaderAccessImpl#injectTempClassLoader(null) [was org.springframework.instrument.classloading.SimpleThrowawayClassLoader@32256e68]
2025-05-08T21:01:59.912+05:30 DEBUG 2800 --- [InventoryServiceApplication] [           main] com.zaxxer.hikari.HikariConfig           : HikariPool-1 - configuration:
2025-05-08T21:01:59.927+05:30 DEBUG 2800 --- [InventoryServiceApplication] [           main] com.zaxxer.hikari.HikariConfig           : allowPoolSuspension.............false
2025-05-08T21:01:59.927+05:30 DEBUG 2800 --- [InventoryServiceApplication] [           main] com.zaxxer.hikari.HikariConfig           : autoCommit......................true
2025-05-08T21:01:59.928+05:30 DEBUG 2800 --- [InventoryServiceApplication] [           main] com.zaxxer.hikari.HikariConfig           : catalog.........................none
2025-05-08T21:01:59.928+05:30 DEBUG 2800 --- [InventoryServiceApplication] [           main] com.zaxxer.hikari.HikariConfig           : connectionInitSql...............none
2025-05-08T21:01:59.928+05:30 DEBUG 2800 --- [InventoryServiceApplication] [           main] com.zaxxer.hikari.HikariConfig           : connectionTestQuery.............none
2025-05-08T21:01:59.932+05:30 DEBUG 2800 --- [InventoryServiceApplication] [           main] com.zaxxer.hikari.HikariConfig           : connectionTimeout...............30000
2025-05-08T21:01:59.932+05:30 DEBUG 2800 --- [InventoryServiceApplication] [           main] com.zaxxer.hikari.HikariConfig           : dataSource......................none
2025-05-08T21:01:59.933+05:30 DEBUG 2800 --- [InventoryServiceApplication] [           main] com.zaxxer.hikari.HikariConfig           : dataSourceClassName.............none
2025-05-08T21:01:59.933+05:30 DEBUG 2800 --- [InventoryServiceApplication] [           main] com.zaxxer.hikari.HikariConfig           : dataSourceJNDI..................none
2025-05-08T21:01:59.935+05:30 DEBUG 2800 --- [InventoryServiceApplication] [           main] com.zaxxer.hikari.HikariConfig           : dataSourceProperties............{password=<masked>}
2025-05-08T21:01:59.936+05:30 DEBUG 2800 --- [InventoryServiceApplication] [           main] com.zaxxer.hikari.HikariConfig           : driverClassName................."com.mysql.cj.jdbc.Driver"
2025-05-08T21:01:59.937+05:30 DEBUG 2800 --- [InventoryServiceApplication] [           main] com.zaxxer.hikari.HikariConfig           : exceptionOverrideClassName......none
2025-05-08T21:01:59.937+05:30 DEBUG 2800 --- [InventoryServiceApplication] [           main] com.zaxxer.hikari.HikariConfig           : healthCheckProperties...........{}
2025-05-08T21:01:59.941+05:30 DEBUG 2800 --- [InventoryServiceApplication] [           main] com.zaxxer.hikari.HikariConfig           : healthCheckRegistry.............none
2025-05-08T21:01:59.942+05:30 DEBUG 2800 --- [InventoryServiceApplication] [           main] com.zaxxer.hikari.HikariConfig           : idleTimeout.....................600000
2025-05-08T21:01:59.942+05:30 DEBUG 2800 --- [InventoryServiceApplication] [           main] com.zaxxer.hikari.HikariConfig           : initializationFailTimeout.......1
2025-05-08T21:01:59.944+05:30 DEBUG 2800 --- [InventoryServiceApplication] [           main] com.zaxxer.hikari.HikariConfig           : isolateInternalQueries..........false
2025-05-08T21:01:59.946+05:30 DEBUG 2800 --- [InventoryServiceApplication] [           main] com.zaxxer.hikari.HikariConfig           : jdbcUrl.........................jdbc:mysql://localhost:3306/nildb?useSSL=false&allowPublicKeyRetrieval=true&serverTimezone=UTC
2025-05-08T21:01:59.947+05:30 DEBUG 2800 --- [InventoryServiceApplication] [           main] com.zaxxer.hikari.HikariConfig           : keepaliveTime...................0
2025-05-08T21:01:59.948+05:30 DEBUG 2800 --- [InventoryServiceApplication] [           main] com.zaxxer.hikari.HikariConfig           : leakDetectionThreshold..........0
2025-05-08T21:01:59.948+05:30 DEBUG 2800 --- [InventoryServiceApplication] [           main] com.zaxxer.hikari.HikariConfig           : maxLifetime.....................1800000
2025-05-08T21:01:59.949+05:30 DEBUG 2800 --- [InventoryServiceApplication] [           main] com.zaxxer.hikari.HikariConfig           : maximumPoolSize.................10
2025-05-08T21:01:59.949+05:30 DEBUG 2800 --- [InventoryServiceApplication] [           main] com.zaxxer.hikari.HikariConfig           : metricRegistry..................none
2025-05-08T21:01:59.950+05:30 DEBUG 2800 --- [InventoryServiceApplication] [           main] com.zaxxer.hikari.HikariConfig           : metricsTrackerFactory...........none
2025-05-08T21:01:59.950+05:30 DEBUG 2800 --- [InventoryServiceApplication] [           main] com.zaxxer.hikari.HikariConfig           : minimumIdle.....................10
2025-05-08T21:01:59.951+05:30 DEBUG 2800 --- [InventoryServiceApplication] [           main] com.zaxxer.hikari.HikariConfig           : password........................<masked>
2025-05-08T21:01:59.951+05:30 DEBUG 2800 --- [InventoryServiceApplication] [           main] com.zaxxer.hikari.HikariConfig           : poolName........................"HikariPool-1"
2025-05-08T21:01:59.952+05:30 DEBUG 2800 --- [InventoryServiceApplication] [           main] com.zaxxer.hikari.HikariConfig           : readOnly........................false
2025-05-08T21:01:59.952+05:30 DEBUG 2800 --- [InventoryServiceApplication] [           main] com.zaxxer.hikari.HikariConfig           : registerMbeans..................false
2025-05-08T21:01:59.953+05:30 DEBUG 2800 --- [InventoryServiceApplication] [           main] com.zaxxer.hikari.HikariConfig           : scheduledExecutor...............none
2025-05-08T21:01:59.953+05:30 DEBUG 2800 --- [InventoryServiceApplication] [           main] com.zaxxer.hikari.HikariConfig           : schema..........................none
2025-05-08T21:01:59.953+05:30 DEBUG 2800 --- [InventoryServiceApplication] [           main] com.zaxxer.hikari.HikariConfig           : threadFactory...................internal
2025-05-08T21:01:59.953+05:30 DEBUG 2800 --- [InventoryServiceApplication] [           main] com.zaxxer.hikari.HikariConfig           : transactionIsolation............default
2025-05-08T21:01:59.954+05:30 DEBUG 2800 --- [InventoryServiceApplication] [           main] com.zaxxer.hikari.HikariConfig           : username........................"root"
2025-05-08T21:01:59.954+05:30 DEBUG 2800 --- [InventoryServiceApplication] [           main] com.zaxxer.hikari.HikariConfig           : validationTimeout...............5000
2025-05-08T21:01:59.954+05:30  INFO 2800 --- [InventoryServiceApplication] [           main] com.zaxxer.hikari.HikariDataSource       : HikariPool-1 - Starting...
2025-05-08T21:02:00.669+05:30  INFO 2800 --- [InventoryServiceApplication] [           main] com.zaxxer.hikari.pool.HikariPool        : HikariPool-1 - Added connection com.mysql.cj.jdbc.ConnectionImpl@2a19a0fe
2025-05-08T21:02:00.672+05:30  INFO 2800 --- [InventoryServiceApplication] [           main] com.zaxxer.hikari.HikariDataSource       : HikariPool-1 - Start completed.
2025-05-08T21:02:00.681+05:30 DEBUG 2800 --- [InventoryServiceApplication] [           main] o.h.e.j.e.i.JdbcEnvironmentInitiator     : Database ->
	   name : MySQL
	version : 8.0.41
	  major : 8
	  minor : 0
2025-05-08T21:02:00.681+05:30 DEBUG 2800 --- [InventoryServiceApplication] [           main] o.h.e.j.e.i.JdbcEnvironmentInitiator     : Driver ->
	   name : MySQL Connector/J
	version : mysql-connector-j-9.1.0 (Revision: cf2917ea44ae2e43a4514a33771035aa99de73bf)
	  major : 9
	  minor : 1
2025-05-08T21:02:00.681+05:30 DEBUG 2800 --- [InventoryServiceApplication] [           main] o.h.e.j.e.i.JdbcEnvironmentInitiator     : JDBC version : 4.2
2025-05-08T21:02:00.778+05:30  WARN 2800 --- [InventoryServiceApplication] [           main] org.hibernate.orm.deprecation            : HHH90000025: MySQL8Dialect does not need to be specified explicitly using 'hibernate.dialect' (remove the property setting and it will be selected by default)
2025-05-08T21:02:00.778+05:30 DEBUG 2800 --- [InventoryServiceApplication] [l-1 housekeeper] com.zaxxer.hikari.pool.HikariPool        : HikariPool-1 - Pool stats (total=1, active=1, idle=0, waiting=0)
2025-05-08T21:02:00.780+05:30 DEBUG 2800 --- [InventoryServiceApplication] [           main] org.hibernate.orm.dialect                : HHH035001: Using dialect: org.hibernate.dialect.MySQL8Dialect, version: 8.0
2025-05-08T21:02:00.781+05:30  WARN 2800 --- [InventoryServiceApplication] [           main] org.hibernate.orm.deprecation            : HHH90000026: MySQL8Dialect has been deprecated; use org.hibernate.dialect.MySQLDialect instead
2025-05-08T21:02:00.790+05:30 DEBUG 2800 --- [InventoryServiceApplication] [onnection adder] com.zaxxer.hikari.pool.HikariPool        : HikariPool-1 - Added connection com.mysql.cj.jdbc.ConnectionImpl@190feeab
2025-05-08T21:02:00.791+05:30 DEBUG 2800 --- [InventoryServiceApplication] [           main] o.h.e.j.env.spi.IdentifierHelperBuilder  : JDBC driver metadata reported database stores quoted identifiers in more than one case
2025-05-08T21:02:00.791+05:30 DEBUG 2800 --- [InventoryServiceApplication] [           main] o.h.e.j.env.spi.IdentifierHelperBuilder  : IdentifierCaseStrategy for both quoted and unquoted identifiers was set to the same strategy [LOWER]; that will likely lead to problems in schema update and validation if using quoted identifiers
2025-05-08T21:02:00.824+05:30 DEBUG 2800 --- [InventoryServiceApplication] [onnection adder] com.zaxxer.hikari.pool.HikariPool        : HikariPool-1 - After adding stats (total=2, active=0, idle=2, waiting=0)
2025-05-08T21:02:00.834+05:30 DEBUG 2800 --- [InventoryServiceApplication] [onnection adder] com.zaxxer.hikari.pool.HikariPool        : HikariPool-1 - Added connection com.mysql.cj.jdbc.ConnectionImpl@5832e490
2025-05-08T21:02:00.839+05:30  INFO 2800 --- [InventoryServiceApplication] [           main] org.hibernate.orm.connections.pooling    : HHH10001005: Database info:
	Database JDBC URL [Connecting through datasource 'HikariDataSource (HikariPool-1)']
	Database driver: undefined/unknown
	Database version: 8.0
	Autocommit mode: undefined/unknown
	Isolation level: undefined/unknown
	Minimum pool size: undefined/unknown
	Maximum pool size: undefined/unknown
2025-05-08T21:02:00.854+05:30 DEBUG 2800 --- [InventoryServiceApplication] [           main] o.h.t.d.sql.spi.DdlTypeRegistry          : addDescriptor(12, org.hibernate.type.descriptor.sql.internal.CapacityDependentDdlType@43a7203e) replaced previous registration(org.hibernate.type.descriptor.sql.internal.CapacityDependentDdlType@2c678c7b)
2025-05-08T21:02:00.857+05:30 DEBUG 2800 --- [InventoryServiceApplication] [           main] o.h.t.d.sql.spi.DdlTypeRegistry          : addDescriptor(-9, org.hibernate.type.descriptor.sql.internal.CapacityDependentDdlType@a5e8260) replaced previous registration(org.hibernate.type.descriptor.sql.internal.CapacityDependentDdlType@30c7be6f)
2025-05-08T21:02:00.857+05:30 DEBUG 2800 --- [InventoryServiceApplication] [           main] o.h.t.d.sql.spi.DdlTypeRegistry          : addDescriptor(-3, org.hibernate.type.descriptor.sql.internal.CapacityDependentDdlType@4a9bce99) replaced previous registration(org.hibernate.type.descriptor.sql.internal.CapacityDependentDdlType@5a0f87e5)
2025-05-08T21:02:00.857+05:30 DEBUG 2800 --- [InventoryServiceApplication] [           main] o.h.t.d.sql.spi.DdlTypeRegistry          : addDescriptor(4003, org.hibernate.type.descriptor.sql.internal.DdlTypeImpl@243c4346) replaced previous registration(org.hibernate.type.descriptor.sql.internal.DdlTypeImpl@2905b568)
2025-05-08T21:02:00.858+05:30 DEBUG 2800 --- [InventoryServiceApplication] [           main] o.h.t.d.sql.spi.DdlTypeRegistry          : addDescriptor(4001, org.hibernate.type.descriptor.sql.internal.DdlTypeImpl@3dfe59d7) replaced previous registration(org.hibernate.type.descriptor.sql.internal.DdlTypeImpl@1be8c122)
2025-05-08T21:02:00.858+05:30 DEBUG 2800 --- [InventoryServiceApplication] [           main] o.h.t.d.sql.spi.DdlTypeRegistry          : addDescriptor(4002, org.hibernate.type.descriptor.sql.internal.DdlTypeImpl@5d08976a) replaced previous registration(org.hibernate.type.descriptor.sql.internal.DdlTypeImpl@59a2d756)
2025-05-08T21:02:00.858+05:30 DEBUG 2800 --- [InventoryServiceApplication] [           main] o.h.t.d.sql.spi.DdlTypeRegistry          : addDescriptor(2004, org.hibernate.type.descriptor.sql.internal.CapacityDependentDdlType@165d1d54) replaced previous registration(org.hibernate.type.descriptor.sql.internal.DdlTypeImpl@4be12f6c)
2025-05-08T21:02:00.859+05:30 DEBUG 2800 --- [InventoryServiceApplication] [           main] o.h.t.d.sql.spi.DdlTypeRegistry          : addDescriptor(2005, org.hibernate.type.descriptor.sql.internal.CapacityDependentDdlType@52cb52bd) replaced previous registration(org.hibernate.type.descriptor.sql.internal.DdlTypeImpl@1d1c37d5)
2025-05-08T21:02:00.859+05:30 DEBUG 2800 --- [InventoryServiceApplication] [           main] o.h.t.d.sql.spi.DdlTypeRegistry          : addDescriptor(2011, org.hibernate.type.descriptor.sql.internal.CapacityDependentDdlType@63553e9f) replaced previous registration(org.hibernate.type.descriptor.sql.internal.DdlTypeImpl@218df7d6)
2025-05-08T21:02:00.864+05:30 DEBUG 2800 --- [InventoryServiceApplication] [           main] o.h.t.d.jdbc.spi.JdbcTypeRegistry        : addDescriptor(NCharTypeDescriptor) replaced previous registration(CharTypeDescriptor)
2025-05-08T21:02:00.864+05:30 DEBUG 2800 --- [InventoryServiceApplication] [           main] o.h.t.d.jdbc.spi.JdbcTypeRegistry        : addDescriptor(NVarcharTypeDescriptor) replaced previous registration(VarcharTypeDescriptor)
2025-05-08T21:02:00.865+05:30 DEBUG 2800 --- [InventoryServiceApplication] [           main] o.h.t.d.jdbc.spi.JdbcTypeRegistry        : addDescriptor(LongNVarcharTypeDescriptor) replaced previous registration(LongVarcharTypeDescriptor)
2025-05-08T21:02:00.871+05:30 DEBUG 2800 --- [InventoryServiceApplication] [onnection adder] com.zaxxer.hikari.pool.HikariPool        : HikariPool-1 - After adding stats (total=3, active=0, idle=3, waiting=0)
2025-05-08T21:02:00.873+05:30 DEBUG 2800 --- [InventoryServiceApplication] [           main] o.h.t.d.jdbc.spi.JdbcTypeRegistry        : addDescriptor(NClobTypeDescriptor(DEFAULT)) replaced previous registration(ClobTypeDescriptor(DEFAULT))
2025-05-08T21:02:00.887+05:30 DEBUG 2800 --- [InventoryServiceApplication] [onnection adder] com.zaxxer.hikari.pool.HikariPool        : HikariPool-1 - Added connection com.mysql.cj.jdbc.ConnectionImpl@69a0794c
2025-05-08T21:02:00.902+05:30 DEBUG 2800 --- [InventoryServiceApplication] [           main] org.hibernate.type.BasicTypeRegistry     : Adding type registration null -> org.hibernate.type.NullType@625264ed
2025-05-08T21:02:00.903+05:30 DEBUG 2800 --- [InventoryServiceApplication] [           main] org.hibernate.type.BasicTypeRegistry     : Type registration key [null] overrode previous entry : `org.hibernate.type.NullType@415a3f6a`
2025-05-08T21:02:00.916+05:30 DEBUG 2800 --- [InventoryServiceApplication] [           main] org.hibernate.type.BasicTypeRegistry     : Adding type registration org.hibernate.type.DurationType -> basicType@1(java.time.Duration,3015)
2025-05-08T21:02:00.917+05:30 DEBUG 2800 --- [InventoryServiceApplication] [           main] org.hibernate.type.BasicTypeRegistry     : Adding type registration Duration -> basicType@1(java.time.Duration,3015)
2025-05-08T21:02:00.917+05:30 DEBUG 2800 --- [InventoryServiceApplication] [           main] org.hibernate.type.BasicTypeRegistry     : Adding type registration java.time.Duration -> basicType@1(java.time.Duration,3015)
2025-05-08T21:02:00.918+05:30 DEBUG 2800 --- [InventoryServiceApplication] [onnection adder] com.zaxxer.hikari.pool.HikariPool        : HikariPool-1 - After adding stats (total=4, active=0, idle=4, waiting=0)
2025-05-08T21:02:00.927+05:30 DEBUG 2800 --- [InventoryServiceApplication] [onnection adder] com.zaxxer.hikari.pool.HikariPool        : HikariPool-1 - Added connection com.mysql.cj.jdbc.ConnectionImpl@381d1bdf
2025-05-08T21:02:00.931+05:30 DEBUG 2800 --- [InventoryServiceApplication] [           main] org.hibernate.type.BasicTypeRegistry     : Adding type registration org.hibernate.type.OffsetDateTimeType -> basicType@2(java.time.OffsetDateTime,3003)
2025-05-08T21:02:00.932+05:30 DEBUG 2800 --- [InventoryServiceApplication] [           main] org.hibernate.type.BasicTypeRegistry     : Adding type registration OffsetDateTime -> basicType@2(java.time.OffsetDateTime,3003)
2025-05-08T21:02:00.932+05:30 DEBUG 2800 --- [InventoryServiceApplication] [           main] org.hibernate.type.BasicTypeRegistry     : Adding type registration java.time.OffsetDateTime -> basicType@2(java.time.OffsetDateTime,3003)
2025-05-08T21:02:00.932+05:30 DEBUG 2800 --- [InventoryServiceApplication] [           main] org.hibernate.type.BasicTypeRegistry     : Adding type registration org.hibernate.type.ZonedDateTimeType -> basicType@3(java.time.ZonedDateTime,3003)
2025-05-08T21:02:00.932+05:30 DEBUG 2800 --- [InventoryServiceApplication] [           main] org.hibernate.type.BasicTypeRegistry     : Adding type registration ZonedDateTime -> basicType@3(java.time.ZonedDateTime,3003)
2025-05-08T21:02:00.932+05:30 DEBUG 2800 --- [InventoryServiceApplication] [           main] org.hibernate.type.BasicTypeRegistry     : Adding type registration java.time.ZonedDateTime -> basicType@3(java.time.ZonedDateTime,3003)
2025-05-08T21:02:00.934+05:30 DEBUG 2800 --- [InventoryServiceApplication] [           main] org.hibernate.type.BasicTypeRegistry     : Adding type registration org.hibernate.type.OffsetTimeType -> basicType@4(java.time.OffsetTime,3007)
2025-05-08T21:02:00.935+05:30 DEBUG 2800 --- [InventoryServiceApplication] [           main] org.hibernate.type.BasicTypeRegistry     : Adding type registration OffsetTime -> basicType@4(java.time.OffsetTime,3007)
2025-05-08T21:02:00.935+05:30 DEBUG 2800 --- [InventoryServiceApplication] [           main] org.hibernate.type.BasicTypeRegistry     : Adding type registration java.time.OffsetTime -> basicType@4(java.time.OffsetTime,3007)
2025-05-08T21:02:00.938+05:30 DEBUG 2800 --- [InventoryServiceApplication] [           main] o.h.type.spi.TypeConfiguration$Scope     : Scoping TypeConfiguration [org.hibernate.type.spi.TypeConfiguration@71ad959b] to MetadataBuildingContext [org.hibernate.boot.internal.MetadataBuildingContextRootImpl@1d7c9811]
2025-05-08T21:02:00.968+05:30 DEBUG 2800 --- [InventoryServiceApplication] [onnection adder] com.zaxxer.hikari.pool.HikariPool        : HikariPool-1 - After adding stats (total=5, active=0, idle=5, waiting=0)
2025-05-08T21:02:00.989+05:30 DEBUG 2800 --- [InventoryServiceApplication] [onnection adder] com.zaxxer.hikari.pool.HikariPool        : HikariPool-1 - Added connection com.mysql.cj.jdbc.ConnectionImpl@386e6866
2025-05-08T21:02:01.029+05:30 DEBUG 2800 --- [InventoryServiceApplication] [onnection adder] com.zaxxer.hikari.pool.HikariPool        : HikariPool-1 - After adding stats (total=6, active=0, idle=6, waiting=0)
2025-05-08T21:02:01.062+05:30 DEBUG 2800 --- [InventoryServiceApplication] [onnection adder] com.zaxxer.hikari.pool.HikariPool        : HikariPool-1 - Added connection com.mysql.cj.jdbc.ConnectionImpl@3c534763
2025-05-08T21:02:01.107+05:30 DEBUG 2800 --- [InventoryServiceApplication] [onnection adder] com.zaxxer.hikari.pool.HikariPool        : HikariPool-1 - After adding stats (total=7, active=0, idle=7, waiting=0)
2025-05-08T21:02:01.115+05:30 DEBUG 2800 --- [InventoryServiceApplication] [onnection adder] com.zaxxer.hikari.pool.HikariPool        : HikariPool-1 - Added connection com.mysql.cj.jdbc.ConnectionImpl@55f2329a
2025-05-08T21:02:01.155+05:30 DEBUG 2800 --- [InventoryServiceApplication] [onnection adder] com.zaxxer.hikari.pool.HikariPool        : HikariPool-1 - After adding stats (total=8, active=0, idle=8, waiting=0)
2025-05-08T21:02:01.166+05:30 DEBUG 2800 --- [InventoryServiceApplication] [onnection adder] com.zaxxer.hikari.pool.HikariPool        : HikariPool-1 - Added connection com.mysql.cj.jdbc.ConnectionImpl@1cc5cc4c
2025-05-08T21:02:01.184+05:30 DEBUG 2800 --- [InventoryServiceApplication] [           main] o.h.boot.model.relational.Namespace      : Created database namespace [logicalName=Name{catalog=null, schema=null}, physicalName=Name{catalog=null, schema=null}]
2025-05-08T21:02:01.203+05:30 DEBUG 2800 --- [InventoryServiceApplication] [onnection adder] com.zaxxer.hikari.pool.HikariPool        : HikariPool-1 - After adding stats (total=9, active=0, idle=9, waiting=0)
2025-05-08T21:02:01.215+05:30 DEBUG 2800 --- [InventoryServiceApplication] [onnection adder] com.zaxxer.hikari.pool.HikariPool        : HikariPool-1 - Added connection com.mysql.cj.jdbc.ConnectionImpl@64ec9c27
[...]

   R2dbcProxyAutoConfiguration:
      Did not match:
         - @ConditionalOnClass did not find required class 'io.r2dbc.proxy.ProxyConnectionFactory' (OnClassCondition)

   R2dbcRepositoriesAutoConfiguration:
      Did not match:
         - @ConditionalOnClass did not find required class 'io.r2dbc.spi.ConnectionFactory' (OnClassCondition)

   R2dbcTransactionManagerAutoConfiguration:
      Did not match:
         - @ConditionalOnClass did not find required class 'org.springframework.r2dbc.connection.R2dbcTransactionManager' (OnClassCondition)

   RSocketGraphQlClientAutoConfiguration:
      Did not match:
         - @ConditionalOnClass did not find required class 'graphql.GraphQL' (OnClassCondition)

   RSocketMessagingAutoConfiguration:
      Did not match:
         - @ConditionalOnClass did not find required class 'io.rsocket.RSocket' (OnClassCondition)

   RSocketRequesterAutoConfiguration:
      Did not match:
         - @ConditionalOnClass did not find required class 'io.rsocket.RSocket' (OnClassCondition)

   RSocketSecurityAutoConfiguration:
      Did not match:
         - @ConditionalOnClass did not find required class 'org.springframework.security.rsocket.core.SecuritySocketAcceptorInterceptor' (OnClassCondition)

   RSocketServerAutoConfiguration:
      Did not match:
         - @ConditionalOnClass did not find required class 'io.rsocket.core.RSocketServer' (OnClassCondition)

   RSocketStrategiesAutoConfiguration:
      Did not match:
         - @ConditionalOnClass did not find required class 'io.netty.buffer.PooledByteBufAllocator' (OnClassCondition)

   RabbitAutoConfiguration:
      Did not match:
         - @ConditionalOnClass did not find required class 'com.rabbitmq.client.Channel' (OnClassCondition)

   ReactiveElasticsearchClientAutoConfiguration:
      Did not match:
         - @ConditionalOnClass did not find required class 'co.elastic.clients.transport.ElasticsearchTransport' (OnClassCondition)

   ReactiveElasticsearchRepositoriesAutoConfiguration:
      Did not match:
         - @ConditionalOnClass did not find required class 'reactor.core.publisher.Mono' (OnClassCondition)

   ReactiveMultipartAutoConfiguration:
      Did not match:
         - @ConditionalOnClass did not find required class 'org.springframework.web.reactive.config.WebFluxConfigurer' (OnClassCondition)

   ReactiveOAuth2ClientAutoConfiguration:
      Did not match:
         - @ConditionalOnClass did not find required class 'reactor.core.publisher.Flux' (OnClassCondition)

   ReactiveOAuth2ResourceServerAutoConfiguration:
      Did not match:
         - @ConditionalOnClass did not find required class 'org.springframework.security.config.annotation.web.reactive.EnableWebFluxSecurity' (OnClassCondition)

   ReactiveSecurityAutoConfiguration:
      Did not match:
         - @ConditionalOnClass did not find required class 'reactor.core.publisher.Flux' (OnClassCondition)

   ReactiveUserDetailsServiceAutoConfiguration:
      Did not match:
         - @ConditionalOnClass did not find required class 'org.springframework.security.authentication.ReactiveAuthenticationManager' (OnClassCondition)

   ReactiveWebServerFactoryAutoConfiguration:
      Did not match:
         - @ConditionalOnWebApplication did not find reactive web application classes (OnWebApplicationCondition)

   ReactorAutoConfiguration:
      Did not match:
         - @ConditionalOnClass did not find required class 'reactor.core.publisher.Hooks' (OnClassCondition)

   RedisAutoConfiguration:
      Did not match:
         - @ConditionalOnClass did not find required class 'org.springframework.data.redis.core.RedisOperations' (OnClassCondition)

   RedisCacheConfiguration:
      Did not match:
         - @ConditionalOnClass did not find required class 'org.springframework.data.redis.connection.RedisConnectionFactory' (OnClassCondition)

   RedisReactiveAutoConfiguration:
      Did not match:
         - @ConditionalOnClass did not find required class 'reactor.core.publisher.Flux' (OnClassCondition)

   RedisRepositoriesAutoConfiguration:
      Did not match:
         - @ConditionalOnClass did not find required class 'org.springframework.data.redis.repository.configuration.EnableRedisRepositories' (OnClassCondition)

   RepositoryRestMvcAutoConfiguration:
      Did not match:
         - @ConditionalOnClass did not find required class 'org.springframework.data.rest.webmvc.config.RepositoryRestMvcConfiguration' (OnClassCondition)

   Saml2RelyingPartyAutoConfiguration:
      Did not match:
         - @ConditionalOnClass did not find required class 'org.springframework.security.saml2.provider.service.registration.RelyingPartyRegistrationRepository' (OnClassCondition)

   SecurityAutoConfiguration:
      Did not match:
         - @ConditionalOnClass did not find required class 'org.springframework.security.authentication.DefaultAuthenticationEventPublisher' (OnClassCondition)

   SecurityFilterAutoConfiguration:
      Did not match:
         - @ConditionalOnClass did not find required class 'org.springframework.security.config.http.SessionCreationPolicy' (OnClassCondition)

   SendGridAutoConfiguration:
      Did not match:
         - @ConditionalOnClass did not find required class 'com.sendgrid.SendGrid' (OnClassCondition)

   ServletWebServerFactoryAutoConfiguration.ForwardedHeaderFilterConfiguration:
      Did not match:
         - @ConditionalOnProperty (server.forward-headers-strategy=framework) did not find property 'server.forward-headers-strategy' (OnPropertyCondition)

   ServletWebServerFactoryConfiguration.EmbeddedJetty:
      Did not match:
         - @ConditionalOnClass did not find required classes 'org.eclipse.jetty.server.Server', 'org.eclipse.jetty.util.Loader', 'org.eclipse.jetty.ee10.webapp.WebAppContext' (OnClassCondition)

   ServletWebServerFactoryConfiguration.EmbeddedUndertow:
      Did not match:
         - @ConditionalOnClass did not find required classes 'io.undertow.Undertow', 'org.xnio.SslClientAuthMode' (OnClassCondition)

   SessionAutoConfiguration:
      Did not match:
         - @ConditionalOnClass did not find required class 'org.springframework.session.Session' (OnClassCondition)

   SpringApplicationAdminJmxAutoConfiguration:
      Did not match:
         - @ConditionalOnProperty (spring.application.admin.enabled=true) did not find property 'enabled' (OnPropertyCondition)

   TaskExecutorConfigurations.SimpleAsyncTaskExecutorBuilderConfiguration#simpleAsyncTaskExecutorBuilderVirtualThreads:
      Did not match:
         - @ConditionalOnMissingBean (types: org.springframework.boot.task.SimpleAsyncTaskExecutorBuilder; SearchStrategy: all) found beans of type 'org.springframework.boot.task.SimpleAsyncTaskExecutorBuilder' simpleAsyncTaskExecutorBuilder (OnBeanCondition)

   TaskExecutorConfigurations.TaskExecutorConfiguration#applicationTaskExecutorVirtualThreads:
      Did not match:
         - @ConditionalOnThreading did not find VIRTUAL (OnThreadingCondition)

   TaskSchedulingAutoConfiguration#scheduledBeanLazyInitializationExcludeFilter:
      Did not match:
         - @ConditionalOnBean (names: org.springframework.context.annotation.internalScheduledAnnotationProcessor; SearchStrategy: all) did not find any beans named org.springframework.context.annotation.internalScheduledAnnotationProcessor (OnBeanCondition)

   TaskSchedulingConfigurations.SimpleAsyncTaskSchedulerBuilderConfiguration#simpleAsyncTaskSchedulerBuilderVirtualThreads:
      Did not match:
         - @ConditionalOnMissingBean (types: org.springframework.boot.task.SimpleAsyncTaskSchedulerBuilder; SearchStrategy: all) found beans of type 'org.springframework.boot.task.SimpleAsyncTaskSchedulerBuilder' simpleAsyncTaskSchedulerBuilder (OnBeanCondition)

   TaskSchedulingConfigurations.TaskSchedulerConfiguration:
      Did not match:
         - @ConditionalOnBean (names: org.springframework.context.annotation.internalScheduledAnnotationProcessor; SearchStrategy: all) did not find any beans named org.springframework.context.annotation.internalScheduledAnnotationProcessor (OnBeanCondition)

   ThymeleafAutoConfiguration:
      Did not match:
         - @ConditionalOnClass did not find required class 'org.thymeleaf.spring6.SpringTemplateEngine' (OnClassCondition)

   TransactionAutoConfiguration#transactionalOperator:
      Did not match:
         - @ConditionalOnSingleCandidate (types: org.springframework.transaction.ReactiveTransactionManager; SearchStrategy: all) did not find any beans (OnBeanCondition)

   TransactionAutoConfiguration.AspectJTransactionManagementConfiguration:
      Did not match:
         - @ConditionalOnBean (types: org.springframework.transaction.aspectj.AbstractTransactionAspect; SearchStrategy: all) did not find any beans of type org.springframework.transaction.aspectj.AbstractTransactionAspect (OnBeanCondition)

   TransactionAutoConfiguration.EnableTransactionManagementConfiguration.JdkDynamicAutoProxyConfiguration:
      Did not match:
         - @ConditionalOnProperty (spring.aop.proxy-target-class=false) did not find property 'proxy-target-class' (OnPropertyCondition)

   UserDetailsServiceAutoConfiguration:
      Did not match:
         - @ConditionalOnClass did not find required class 'org.springframework.security.authentication.AuthenticationManager' (OnClassCondition)

   ValidationAutoConfiguration:
      Did not match:
         - @ConditionalOnClass did not find required class 'jakarta.validation.executable.ExecutableValidator' (OnClassCondition)

   WebClientAutoConfiguration:
      Did not match:
         - @ConditionalOnClass did not find required class 'org.springframework.web.reactive.function.client.WebClient' (OnClassCondition)

   WebFluxAutoConfiguration:
      Did not match:
         - @ConditionalOnClass did not find required class 'org.springframework.web.reactive.config.WebFluxConfigurer' (OnClassCondition)

   WebMvcAutoConfiguration#hiddenHttpMethodFilter:
      Did not match:
         - @ConditionalOnProperty (spring.mvc.hiddenmethod.filter.enabled) did not find property 'enabled' (OnPropertyCondition)

   WebMvcAutoConfiguration.ProblemDetailsErrorHandlingConfiguration:
      Did not match:
         - @ConditionalOnProperty (spring.mvc.problemdetails.enabled=true) did not find property 'enabled' (OnPropertyCondition)

   WebMvcAutoConfiguration.ResourceChainCustomizerConfiguration:
      Did not match:
         - @ConditionalOnEnabledResourceChain did not find class org.webjars.WebJarVersionLocator (OnEnabledResourceChainCondition)

   WebMvcAutoConfiguration.WebMvcAutoConfigurationAdapter#beanNameViewResolver:
      Did not match:
         - @ConditionalOnMissingBean (types: org.springframework.web.servlet.view.BeanNameViewResolver; SearchStrategy: all) found beans of type 'org.springframework.web.servlet.view.BeanNameViewResolver' beanNameViewResolver (OnBeanCondition)

   WebServiceTemplateAutoConfiguration:
      Did not match:
         - @ConditionalOnClass did not find required class 'org.springframework.oxm.Marshaller' (OnClassCondition)

   WebServicesAutoConfiguration:
      Did not match:
         - @ConditionalOnClass did not find required class 'org.springframework.ws.transport.http.MessageDispatcherServlet' (OnClassCondition)

   WebSessionIdResolverAutoConfiguration:
      Did not match:
         - @ConditionalOnClass did not find required class 'reactor.core.publisher.Mono' (OnClassCondition)

   WebSocketMessagingAutoConfiguration:
      Did not match:
         - @ConditionalOnClass did not find required class 'org.springframework.web.socket.config.annotation.WebSocketMessageBrokerConfigurer' (OnClassCondition)

   WebSocketReactiveAutoConfiguration:
      Did not match:
         - @ConditionalOnWebApplication did not find reactive web application classes (OnWebApplicationCondition)

   WebSocketServletAutoConfiguration.JettyWebSocketConfiguration:
      Did not match:
         - @ConditionalOnClass did not find required class 'org.eclipse.jetty.ee10.websocket.jakarta.server.config.JakartaWebSocketServletContainerInitializer' (OnClassCondition)

   WebSocketServletAutoConfiguration.UndertowWebSocketConfiguration:
      Did not match:
         - @ConditionalOnClass did not find required class 'io.undertow.websockets.jsr.Bootstrap' (OnClassCondition)

   XADataSourceAutoConfiguration:
      Did not match:
         - @ConditionalOnBean (types: org.springframework.boot.jdbc.XADataSourceWrapper; SearchStrategy: all) did not find any beans of type org.springframework.boot.jdbc.XADataSourceWrapper (OnBeanCondition)
      Matched:
         - @ConditionalOnClass found required classes 'javax.sql.DataSource', 'jakarta.transaction.TransactionManager', 'org.springframework.jdbc.datasource.embedded.EmbeddedDatabaseType' (OnClassCondition)


Exclusions:
-----------

    None


Unconditional classes:
----------------------

    org.springframework.boot.autoconfigure.context.ConfigurationPropertiesAutoConfiguration

    org.springframework.boot.autoconfigure.ssl.SslAutoConfiguration

    org.springframework.boot.autoconfigure.context.LifecycleAutoConfiguration

    org.springframework.boot.autoconfigure.context.PropertyPlaceholderAutoConfiguration

    org.springframework.boot.autoconfigure.availability.ApplicationAvailabilityAutoConfiguration

    org.springframework.boot.autoconfigure.info.ProjectInfoAutoConfiguration



2025-05-08T21:02:09.126+05:30  INFO 2800 --- [InventoryServiceApplication] [           main] c.I.I.InventoryServiceApplicationTests   : Started InventoryServiceApplicationTests in 15.065 seconds (process running for 17.789)
2025-05-08T21:02:09.138+05:30 DEBUG 2800 --- [InventoryServiceApplication] [           main] o.s.b.a.ApplicationAvailabilityBean      : Application availability state LivenessState changed to CORRECT
2025-05-08T21:02:09.143+05:30 DEBUG 2800 --- [InventoryServiceApplication] [           main] o.s.b.a.ApplicationAvailabilityBean      : Application availability state ReadinessState changed to ACCEPTING_TRAFFIC
2025-05-08T21:02:09.148+05:30 DEBUG 2800 --- [InventoryServiceApplication] [           main] org.springframework.test.context.cache   : Spring test ApplicationContext cache statistics: [DefaultContextCache@16279a5d size = 1, maxSize = 32, parentContextCount = 0, hitCount = 0, missCount = 1, failureCount = 0]
2025-05-08T21:02:09.149+05:30 DEBUG 2800 --- [InventoryServiceApplication] [           main] o.s.t.c.w.ServletTestExecutionListener   : Setting up MockHttpServletRequest, MockHttpServletResponse, ServletWebRequest, and RequestContextHolder for test class com.InventoryService.InventoryServiceApplication.InventoryServiceApplicationTests
2025-05-08T21:02:09.200+05:30 DEBUG 2800 --- [InventoryServiceApplication] [           main] DependencyInjectionTestExecutionListener : Performing dependency injection for test class com.InventoryService.InventoryServiceApplication.InventoryServiceApplicationTests
2025-05-08T21:02:09.200+05:30 DEBUG 2800 --- [InventoryServiceApplication] [           main] org.springframework.test.context.cache   : Spring test ApplicationContext cache statistics: [DefaultContextCache@16279a5d size = 1, maxSize = 32, parentContextCount = 0, hitCount = 1, missCount = 1, failureCount = 0]
2025-05-08T21:02:09.225+05:30 DEBUG 2800 --- [InventoryServiceApplication] [           main] org.springframework.test.context.cache   : Spring test ApplicationContext cache statistics: [DefaultContextCache@16279a5d size = 1, maxSize = 32, parentContextCount = 0, hitCount = 2, missCount = 1, failureCount = 0]
2025-05-08T21:02:09.241+05:30 DEBUG 2800 --- [InventoryServiceApplication] [           main] sContextBeforeModesTestExecutionListener : Before test method: class [InventoryServiceApplicationTests], method [contextLoads], class annotated with @DirtiesContext [false] with mode [null], method annotated with @DirtiesContext [false] with mode [null]
2025-05-08T21:02:09.245+05:30 DEBUG 2800 --- [InventoryServiceApplication] [           main] org.springframework.test.context.cache   : Spring test ApplicationContext cache statistics: [DefaultContextCache@16279a5d size = 1, maxSize = 32, parentContextCount = 0, hitCount = 3, missCount = 1, failureCount = 0]
2025-05-08T21:02:09.245+05:30 DEBUG 2800 --- [InventoryServiceApplication] [           main] org.springframework.test.context.cache   : Spring test ApplicationContext cache statistics: [DefaultContextCache@16279a5d size = 1, maxSize = 32, parentContextCount = 0, hitCount = 4, missCount = 1, failureCount = 0]
2025-05-08T21:02:10.838+05:30 DEBUG 2800 --- [InventoryServiceApplication] [           main] org.springframework.test.context.cache   : Spring test ApplicationContext cache statistics: [DefaultContextCache@16279a5d size = 1, maxSize = 32, parentContextCount = 0, hitCount = 5, missCount = 1, failureCount = 0]
2025-05-08T21:02:10.846+05:30 DEBUG 2800 --- [InventoryServiceApplication] [           main] org.springframework.test.context.cache   : Spring test ApplicationContext cache statistics: [DefaultContextCache@16279a5d size = 1, maxSize = 32, parentContextCount = 0, hitCount = 6, missCount = 1, failureCount = 0]
2025-05-08T21:02:10.864+05:30 DEBUG 2800 --- [InventoryServiceApplication] [           main] org.springframework.test.context.cache   : Spring test ApplicationContext cache statistics: [DefaultContextCache@16279a5d size = 1, maxSize = 32, parentContextCount = 0, hitCount = 7, missCount = 1, failureCount = 0]
2025-05-08T21:02:10.866+05:30 DEBUG 2800 --- [InventoryServiceApplication] [           main] org.springframework.test.context.cache   : Spring test ApplicationContext cache statistics: [DefaultContextCache@16279a5d size = 1, maxSize = 32, parentContextCount = 0, hitCount = 8, missCount = 1, failureCount = 0]
2025-05-08T21:02:10.869+05:30 DEBUG 2800 --- [InventoryServiceApplication] [           main] org.springframework.test.context.cache   : Spring test ApplicationContext cache statistics: [DefaultContextCache@16279a5d size = 1, maxSize = 32, parentContextCount = 0, hitCount = 9, missCount = 1, failureCount = 0]
2025-05-08T21:02:10.869+05:30 DEBUG 2800 --- [InventoryServiceApplication] [           main] org.springframework.test.context.cache   : Spring test ApplicationContext cache statistics: [DefaultContextCache@16279a5d size = 1, maxSize = 32, parentContextCount = 0, hitCount = 10, missCount = 1, failureCount = 0]
2025-05-08T21:02:10.872+05:30 DEBUG 2800 --- [InventoryServiceApplication] [           main] org.springframework.test.context.cache   : Spring test ApplicationContext cache statistics: [DefaultContextCache@16279a5d size = 1, maxSize = 32, parentContextCount = 0, hitCount = 11, missCount = 1, failureCount = 0]
2025-05-08T21:02:10.874+05:30 DEBUG 2800 --- [InventoryServiceApplication] [           main] org.springframework.test.context.cache   : Spring test ApplicationContext cache statistics: [DefaultContextCache@16279a5d size = 1, maxSize = 32, parentContextCount = 0, hitCount = 12, missCount = 1, failureCount = 0]
2025-05-08T21:02:10.878+05:30 DEBUG 2800 --- [InventoryServiceApplication] [           main] org.springframework.test.context.cache   : Spring test ApplicationContext cache statistics: [DefaultContextCache@16279a5d size = 1, maxSize = 32, parentContextCount = 0, hitCount = 13, missCount = 1, failureCount = 0]
2025-05-08T21:02:10.878+05:30 DEBUG 2800 --- [InventoryServiceApplication] [           main] .c.s.DirtiesContextTestExecutionListener : After test method: class [InventoryServiceApplicationTests], method [contextLoads], class annotated with @DirtiesContext [false] with mode [null], method annotated with @DirtiesContext [false] with mode [null]
2025-05-08T21:02:10.879+05:30 DEBUG 2800 --- [InventoryServiceApplication] [           main] o.s.t.c.w.ServletTestExecutionListener   : Resetting RequestContextHolder for test class com.InventoryService.InventoryServiceApplication.InventoryServiceApplicationTests
]]></system-out>
  </testcase>
</testsuite>